#
# There is insufficient memory for the Java Runtime Environment to continue.
# Native memory allocation (malloc) failed to allocate 314096 bytes for Chunk::new
# Possible reasons:
#   The system is out of physical RAM or swap space
#   The process is running with CompressedOops enabled, and the Java Heap may be blocking the growth of the native heap
# Possible solutions:
#   Reduce memory load on the system
#   Increase physical memory or swap space
#   Check if swap backing store is full
#   Decrease Java heap size (-Xmx/-Xms)
#   Decrease number of Java threads
#   Decrease Java thread stack sizes (-Xss)
#   Set larger code cache with -XX:ReservedCodeCacheSize=
#   JVM is running with Unscaled Compressed Oops mode in which the Java heap is
#     placed in the first 4GB address space. The Java Heap base address is the
#     maximum limit for the native heap growth. Please use -XX:HeapBaseMinAddress
#     to set the Java Heap base and to place the Java Heap above 4GB virtual address.
# This output file may be truncated or incomplete.
#
#  Out of Memory Error (./open/src/hotspot/share/memory/arena.cpp:197), pid=23180, tid=25576
#
# JRE version: Java(TM) SE Runtime Environment 18.9 (11.0.15.1+2) (build 11.0.15.1+2-LTS-10)
# Java VM: Java HotSpot(TM) 64-Bit Server VM 18.9 (11.0.15.1+2-LTS-10, mixed mode, tiered, compressed oops, g1 gc, windows-amd64)
# No core dump will be written. Minidumps are not enabled by default on client versions of Windows
#

---------------  S U M M A R Y ------------

Command Line: -XX:MaxMetaspaceSize=512m --add-opens=java.base/java.util=ALL-UNNAMED --add-opens=java.base/java.lang=ALL-UNNAMED --add-opens=java.base/java.lang.invoke=ALL-UNNAMED --add-opens=java.prefs/java.util.prefs=ALL-UNNAMED --add-opens=java.base/java.nio.charset=ALL-UNNAMED --add-opens=java.base/java.net=ALL-UNNAMED --add-opens=java.base/java.util.concurrent.atomic=ALL-UNNAMED -Xmx2048m -Dfile.encoding=windows-1252 -Duser.country=IN -Duser.language=en -Duser.variant org.gradle.launcher.daemon.bootstrap.GradleDaemon 8.0.1

Host: Intel(R) Core(TM) i5-7200U CPU @ 2.50GHz, 4 cores, 7G,  Windows 10 , 64 bit Build 19041 (10.0.19041.3570)
Time: Mon Dec  4 17:37:19 2023 India Standard Time elapsed time: 257.082478 seconds (0d 0h 4m 17s)

---------------  T H R E A D  ---------------

Current thread (0x0000023fb20d4000):  JavaThread "C2 CompilerThread0" daemon [_thread_in_native, id=25576, stack(0x000000ff68600000,0x000000ff68700000)]


Current CompileTask:
C2: 257082 3232       4       java.lang.invoke.MethodType::makeImpl (108 bytes)

Stack: [0x000000ff68600000,0x000000ff68700000]
Native frames: (J=compiled Java code, j=interpreted, Vv=VM code, C=native code)
V  [jvm.dll+0x629d8a]
V  [jvm.dll+0x7638ff]
V  [jvm.dll+0x764fa9]
V  [jvm.dll+0x765633]
V  [jvm.dll+0x23d9c8]
V  [jvm.dll+0xb2a1c]
V  [jvm.dll+0xb2fdc]
V  [jvm.dll+0x522afb]
V  [jvm.dll+0x30e9e2]
V  [jvm.dll+0x30dcfa]
V  [jvm.dll+0x1f8565]
V  [jvm.dll+0x1f774d]
V  [jvm.dll+0x177c51]
V  [jvm.dll+0x207026]
V  [jvm.dll+0x2051bb]
V  [jvm.dll+0x729820]
V  [jvm.dll+0x7223f4]
V  [jvm.dll+0x628c26]
C  [ucrtbase.dll+0x21bb2]
C  [KERNEL32.DLL+0x17344]
C  [ntdll.dll+0x526b1]


---------------  P R O C E S S  ---------------

Threads class SMR info:
_java_thread_list=0x0000023fb3c0fb60, length=32, elements={
0x0000023f948ff000, 0x0000023fb206c000, 0x0000023fb206d000, 0x0000023fb2089000,
0x0000023fb20cf800, 0x0000023fb20d0000, 0x0000023fb20d4000, 0x0000023fb2a39000,
0x0000023fb2a3a000, 0x0000023fb2b48000, 0x0000023fb456f800, 0x0000023fb531a800,
0x0000023fb45a3000, 0x0000023fb4445000, 0x0000023fb35d6000, 0x0000023fb33f1800,
0x0000023fb2f8e800, 0x0000023fb3fc4000, 0x0000023fb43f5800, 0x0000023fb3db1800,
0x0000023fb3db3800, 0x0000023fb3db0000, 0x0000023fb3db1000, 0x0000023fb3db4000,
0x0000023fb3daf000, 0x0000023fb3db5000, 0x0000023fb3db2800, 0x0000023fb3db6000,
0x0000023fb55f1000, 0x0000023fb55ed800, 0x0000023fb55ee800, 0x0000023fb55ef800
}

Java Threads: ( => current thread )
  0x0000023f948ff000 JavaThread "main" [_thread_blocked, id=29880, stack(0x000000ff67900000,0x000000ff67a00000)]
  0x0000023fb206c000 JavaThread "Reference Handler" daemon [_thread_blocked, id=22176, stack(0x000000ff68100000,0x000000ff68200000)]
  0x0000023fb206d000 JavaThread "Finalizer" daemon [_thread_blocked, id=29800, stack(0x000000ff68200000,0x000000ff68300000)]
  0x0000023fb2089000 JavaThread "Signal Dispatcher" daemon [_thread_blocked, id=25584, stack(0x000000ff68300000,0x000000ff68400000)]
  0x0000023fb20cf800 JavaThread "Attach Listener" daemon [_thread_blocked, id=21792, stack(0x000000ff68400000,0x000000ff68500000)]
  0x0000023fb20d0000 JavaThread "Service Thread" daemon [_thread_blocked, id=8056, stack(0x000000ff68500000,0x000000ff68600000)]
=>0x0000023fb20d4000 JavaThread "C2 CompilerThread0" daemon [_thread_in_native, id=25576, stack(0x000000ff68600000,0x000000ff68700000)]
  0x0000023fb2a39000 JavaThread "C1 CompilerThread0" daemon [_thread_blocked, id=24188, stack(0x000000ff68700000,0x000000ff68800000)]
  0x0000023fb2a3a000 JavaThread "Sweeper thread" daemon [_thread_blocked, id=25016, stack(0x000000ff68800000,0x000000ff68900000)]
  0x0000023fb2b48000 JavaThread "Common-Cleaner" daemon [_thread_blocked, id=29012, stack(0x000000ff68900000,0x000000ff68a00000)]
  0x0000023fb456f800 JavaThread "Daemon health stats" [_thread_blocked, id=12408, stack(0x000000ff67800000,0x000000ff67900000)]
  0x0000023fb531a800 JavaThread "Incoming local TCP Connector on port 63537" [_thread_in_native, id=13408, stack(0x000000ff67a00000,0x000000ff67b00000)]
  0x0000023fb45a3000 JavaThread "Daemon periodic checks" [_thread_in_native, id=18672, stack(0x000000ff68d00000,0x000000ff68e00000)]
  0x0000023fb4445000 JavaThread "Daemon" [_thread_blocked, id=19392, stack(0x000000ff68e00000,0x000000ff68f00000)]
  0x0000023fb35d6000 JavaThread "Handler for socket connection from /127.0.0.1:63537 to /127.0.0.1:63562" [_thread_in_native, id=4236, stack(0x000000ff69000000,0x000000ff69100000)]
  0x0000023fb33f1800 JavaThread "Cancel handler" [_thread_blocked, id=10884, stack(0x000000ff69100000,0x000000ff69200000)]
  0x0000023fb2f8e800 JavaThread "Daemon worker" [_thread_in_Java, id=7564, stack(0x000000ff69200000,0x000000ff69300000)]
  0x0000023fb3fc4000 JavaThread "Asynchronous log dispatcher for DefaultDaemonConnection: socket connection from /127.0.0.1:63537 to /127.0.0.1:63562" [_thread_blocked, id=16648, stack(0x000000ff69300000,0x000000ff69400000)]
  0x0000023fb43f5800 JavaThread "Stdin handler" [_thread_blocked, id=26360, stack(0x000000ff69400000,0x000000ff69500000)]
  0x0000023fb3db1800 JavaThread "Daemon client event forwarder" [_thread_blocked, id=25056, stack(0x000000ff69600000,0x000000ff69700000)]
  0x0000023fb3db3800 JavaThread "Cache worker for journal cache (C:\Users\USIT\.gradle\caches\journal-1)" [_thread_blocked, id=4652, stack(0x000000ff69700000,0x000000ff69800000)]
  0x0000023fb3db0000 JavaThread "File lock request listener" [_thread_in_native, id=18188, stack(0x000000ff69800000,0x000000ff69900000)]
  0x0000023fb3db1000 JavaThread "Cache worker for file hash cache (C:\Users\USIT\.gradle\caches\8.0.1\fileHashes)" [_thread_blocked, id=29948, stack(0x000000ff69a00000,0x000000ff69b00000)]
  0x0000023fb3db4000 JavaThread "File lock release action executor" [_thread_blocked, id=19984, stack(0x000000ff69b00000,0x000000ff69c00000)]
  0x0000023fb3daf000 JavaThread "File watcher server" daemon [_thread_in_native, id=12604, stack(0x000000ff69c00000,0x000000ff69d00000)]
  0x0000023fb3db5000 JavaThread "File watcher consumer" daemon [_thread_blocked, id=22508, stack(0x000000ff69d00000,0x000000ff69e00000)]
  0x0000023fb3db2800 JavaThread "Cache worker for checksums cache (D:\dablu\DeliveryApp\delivery\android\.gradle\8.0.1\checksums)" [_thread_blocked, id=11596, stack(0x000000ff69e00000,0x000000ff69f00000)]
  0x0000023fb3db6000 JavaThread "Cache worker for cache directory md-rule (C:\Users\USIT\.gradle\caches\8.0.1\md-rule)" [_thread_blocked, id=9672, stack(0x000000ff69f00000,0x000000ff6a000000)]
  0x0000023fb55f1000 JavaThread "Cache worker for file content cache (C:\Users\USIT\.gradle\caches\8.0.1\fileContent)" [_thread_blocked, id=4028, stack(0x000000ff6a000000,0x000000ff6a100000)]
  0x0000023fb55ed800 JavaThread "Cache worker for file hash cache (D:\dablu\DeliveryApp\delivery\android\.gradle\8.0.1\fileHashes)" [_thread_blocked, id=29440, stack(0x000000ff6a100000,0x000000ff6a200000)]
  0x0000023fb55ee800 JavaThread "Cache worker for cache directory md-supplier (C:\Users\USIT\.gradle\caches\8.0.1\md-supplier)" [_thread_blocked, id=3624, stack(0x000000ff6a200000,0x000000ff6a300000)]
  0x0000023fb55ef800 JavaThread "Cache worker for execution history cache (C:\Users\USIT\.gradle\caches\8.0.1\executionHistory)" [_thread_blocked, id=17144, stack(0x000000ff6a300000,0x000000ff6a400000)]

Other Threads:
  0x0000023fb2066800 VMThread "VM Thread" [stack: 0x000000ff68000000,0x000000ff68100000] [id=25356]
  0x0000023fb2b7b000 WatcherThread [stack: 0x000000ff68a00000,0x000000ff68b00000] [id=22820]
  0x0000023f94914800 GCTaskThread "GC Thread#0" [stack: 0x000000ff67b00000,0x000000ff67c00000] [id=27380]
  0x0000023fb2dc7800 GCTaskThread "GC Thread#1" [stack: 0x000000ff68b00000,0x000000ff68c00000] [id=19228]
  0x0000023fb2e41000 GCTaskThread "GC Thread#2" [stack: 0x000000ff68c00000,0x000000ff68d00000] [id=3328]
  0x0000023fb38c2000 GCTaskThread "GC Thread#3" [stack: 0x000000ff69500000,0x000000ff69600000] [id=1136]
  0x0000023f94944000 ConcurrentGCThread "G1 Main Marker" [stack: 0x000000ff67c00000,0x000000ff67d00000] [id=15564]
  0x0000023f94945800 ConcurrentGCThread "G1 Conc#0" [stack: 0x000000ff67d00000,0x000000ff67e00000] [id=22084]
  0x0000023f949d2800 ConcurrentGCThread "G1 Refine#0" [stack: 0x000000ff67e00000,0x000000ff67f00000] [id=16324]
  0x0000023f949d3800 ConcurrentGCThread "G1 Young RemSet Sampling" [stack: 0x000000ff67f00000,0x000000ff68000000] [id=2864]

Threads with active compile tasks:
C2 CompilerThread0 257148 3232       4       java.lang.invoke.MethodType::makeImpl (108 bytes)

VM state:not at safepoint (normal execution)

VM Mutex/Monitor currently owned by a thread: None

Heap address: 0x0000000080000000, size: 2048 MB, Compressed Oops mode: 32-bit
Narrow klass base: 0x0000000000000000, Narrow klass shift: 3
Compressed class space size: 528482304 Address: 0x0000000100000000

Heap:
 garbage-first heap   total 131072K, used 24464K [0x0000000080000000, 0x0000000100000000)
  region size 1024K, 9 young (9216K), 7 survivors (7168K)
 Metaspace       used 35495K, capacity 36323K, committed 36400K, reserved 548864K
  class space    used 4613K, capacity 4949K, committed 4992K, reserved 516096K
Heap Regions: E=young(eden), S=young(survivor), O=old, HS=humongous(starts), HC=humongous(continues), CS=collection set, F=free, A=archive, TAMS=top-at-mark-start (previous, next)
|   0|0x0000000080000000, 0x0000000080100000, 0x0000000080100000|100%| O|  |TAMS 0x0000000080100000, 0x0000000080000000| Untracked 
|   1|0x0000000080100000, 0x0000000080200000, 0x0000000080200000|100%| O|  |TAMS 0x0000000080200000, 0x0000000080100000| Untracked 
|   2|0x0000000080200000, 0x0000000080300000, 0x0000000080300000|100%| O|  |TAMS 0x0000000080300000, 0x0000000080200000| Untracked 
|   3|0x0000000080300000, 0x0000000080400000, 0x0000000080400000|100%|HS|  |TAMS 0x0000000080400000, 0x0000000080300000| Complete 
|   4|0x0000000080400000, 0x0000000080500000, 0x0000000080500000|100%|HC|  |TAMS 0x0000000080500000, 0x0000000080400000| Complete 
|   5|0x0000000080500000, 0x0000000080600000, 0x0000000080600000|100%|HC|  |TAMS 0x0000000080600000, 0x0000000080500000| Complete 
|   6|0x0000000080600000, 0x0000000080700000, 0x0000000080700000|100%|HC|  |TAMS 0x0000000080700000, 0x0000000080600000| Complete 
|   7|0x0000000080700000, 0x0000000080800000, 0x0000000080800000|100%| O|  |TAMS 0x0000000080800000, 0x0000000080700000| Untracked 
|   8|0x0000000080800000, 0x0000000080900000, 0x0000000080900000|100%| O|  |TAMS 0x0000000080900000, 0x0000000080800000| Untracked 
|   9|0x0000000080900000, 0x0000000080a00000, 0x0000000080a00000|100%| O|  |TAMS 0x0000000080a00000, 0x0000000080900000| Untracked 
|  10|0x0000000080a00000, 0x0000000080b00000, 0x0000000080b00000|100%| O|  |TAMS 0x0000000080b00000, 0x0000000080a00000| Untracked 
|  11|0x0000000080b00000, 0x0000000080c00000, 0x0000000080c00000|100%| O|  |TAMS 0x0000000080c00000, 0x0000000080b00000| Untracked 
|  12|0x0000000080c00000, 0x0000000080d00000, 0x0000000080d00000|100%| O|  |TAMS 0x0000000080d00000, 0x0000000080c00000| Untracked 
|  13|0x0000000080d00000, 0x0000000080e00000, 0x0000000080e00000|100%| O|  |TAMS 0x0000000080e00000, 0x0000000080d00000| Untracked 
|  14|0x0000000080e00000, 0x0000000080f00000, 0x0000000080f00000|100%| O|  |TAMS 0x0000000080f00000, 0x0000000080e00000| Untracked 
|  15|0x0000000080f00000, 0x0000000081000000, 0x0000000081000000|100%| O|  |TAMS 0x0000000081000000, 0x0000000080f00000| Untracked 
|  16|0x0000000081000000, 0x000000008108c000, 0x0000000081100000| 54%| O|  |TAMS 0x000000008108c000, 0x0000000081000000| Untracked 
|  17|0x0000000081100000, 0x0000000081100000, 0x0000000081200000|  0%| F|  |TAMS 0x0000000081100000, 0x0000000081100000| Untracked 
|  18|0x0000000081200000, 0x0000000081200000, 0x0000000081300000|  0%| F|  |TAMS 0x0000000081200000, 0x0000000081200000| Untracked 
|  19|0x0000000081300000, 0x0000000081300000, 0x0000000081400000|  0%| F|  |TAMS 0x0000000081300000, 0x0000000081300000| Untracked 
|  20|0x0000000081400000, 0x0000000081400000, 0x0000000081500000|  0%| F|  |TAMS 0x0000000081400000, 0x0000000081400000| Untracked 
|  21|0x0000000081500000, 0x0000000081500000, 0x0000000081600000|  0%| F|  |TAMS 0x0000000081500000, 0x0000000081500000| Untracked 
|  22|0x0000000081600000, 0x0000000081600000, 0x0000000081700000|  0%| F|  |TAMS 0x0000000081600000, 0x0000000081600000| Untracked 
|  23|0x0000000081700000, 0x0000000081700000, 0x0000000081800000|  0%| F|  |TAMS 0x0000000081700000, 0x0000000081700000| Untracked 
|  24|0x0000000081800000, 0x0000000081800000, 0x0000000081900000|  0%| F|  |TAMS 0x0000000081800000, 0x0000000081800000| Untracked 
|  25|0x0000000081900000, 0x0000000081900000, 0x0000000081a00000|  0%| F|  |TAMS 0x0000000081900000, 0x0000000081900000| Untracked 
|  26|0x0000000081a00000, 0x0000000081a00000, 0x0000000081b00000|  0%| F|  |TAMS 0x0000000081a00000, 0x0000000081a00000| Untracked 
|  27|0x0000000081b00000, 0x0000000081b00000, 0x0000000081c00000|  0%| F|  |TAMS 0x0000000081b00000, 0x0000000081b00000| Untracked 
|  28|0x0000000081c00000, 0x0000000081c00000, 0x0000000081d00000|  0%| F|  |TAMS 0x0000000081c00000, 0x0000000081c00000| Untracked 
|  29|0x0000000081d00000, 0x0000000081d00000, 0x0000000081e00000|  0%| F|  |TAMS 0x0000000081d00000, 0x0000000081d00000| Untracked 
|  30|0x0000000081e00000, 0x0000000081e00000, 0x0000000081f00000|  0%| F|  |TAMS 0x0000000081e00000, 0x0000000081e00000| Untracked 
|  31|0x0000000081f00000, 0x0000000081f00000, 0x0000000082000000|  0%| F|  |TAMS 0x0000000081f00000, 0x0000000081f00000| Untracked 
|  32|0x0000000082000000, 0x0000000082000000, 0x0000000082100000|  0%| F|  |TAMS 0x0000000082000000, 0x0000000082000000| Untracked 
|  33|0x0000000082100000, 0x0000000082100000, 0x0000000082200000|  0%| F|  |TAMS 0x0000000082100000, 0x0000000082100000| Untracked 
|  34|0x0000000082200000, 0x0000000082200000, 0x0000000082300000|  0%| F|  |TAMS 0x0000000082200000, 0x0000000082200000| Untracked 
|  35|0x0000000082300000, 0x0000000082300000, 0x0000000082400000|  0%| F|  |TAMS 0x0000000082300000, 0x0000000082300000| Untracked 
|  36|0x0000000082400000, 0x0000000082400000, 0x0000000082500000|  0%| F|  |TAMS 0x0000000082400000, 0x0000000082400000| Untracked 
|  37|0x0000000082500000, 0x0000000082500000, 0x0000000082600000|  0%| F|  |TAMS 0x0000000082500000, 0x0000000082500000| Untracked 
|  38|0x0000000082600000, 0x0000000082600000, 0x0000000082700000|  0%| F|  |TAMS 0x0000000082600000, 0x0000000082600000| Untracked 
|  39|0x0000000082700000, 0x0000000082700000, 0x0000000082800000|  0%| F|  |TAMS 0x0000000082700000, 0x0000000082700000| Untracked 
|  40|0x0000000082800000, 0x0000000082800000, 0x0000000082900000|  0%| F|  |TAMS 0x0000000082800000, 0x0000000082800000| Untracked 
|  41|0x0000000082900000, 0x0000000082900000, 0x0000000082a00000|  0%| F|  |TAMS 0x0000000082900000, 0x0000000082900000| Untracked 
|  42|0x0000000082a00000, 0x0000000082a00000, 0x0000000082b00000|  0%| F|  |TAMS 0x0000000082a00000, 0x0000000082a00000| Untracked 
|  43|0x0000000082b00000, 0x0000000082b00000, 0x0000000082c00000|  0%| F|  |TAMS 0x0000000082b00000, 0x0000000082b00000| Untracked 
|  44|0x0000000082c00000, 0x0000000082c00000, 0x0000000082d00000|  0%| F|  |TAMS 0x0000000082c00000, 0x0000000082c00000| Untracked 
|  45|0x0000000082d00000, 0x0000000082d00000, 0x0000000082e00000|  0%| F|  |TAMS 0x0000000082d00000, 0x0000000082d00000| Untracked 
|  46|0x0000000082e00000, 0x0000000082e00000, 0x0000000082f00000|  0%| F|  |TAMS 0x0000000082e00000, 0x0000000082e00000| Untracked 
|  47|0x0000000082f00000, 0x0000000082f00000, 0x0000000083000000|  0%| F|  |TAMS 0x0000000082f00000, 0x0000000082f00000| Untracked 
|  48|0x0000000083000000, 0x0000000083000000, 0x0000000083100000|  0%| F|  |TAMS 0x0000000083000000, 0x0000000083000000| Untracked 
|  49|0x0000000083100000, 0x0000000083100000, 0x0000000083200000|  0%| F|  |TAMS 0x0000000083100000, 0x0000000083100000| Untracked 
|  50|0x0000000083200000, 0x0000000083200000, 0x0000000083300000|  0%| F|  |TAMS 0x0000000083200000, 0x0000000083200000| Untracked 
|  51|0x0000000083300000, 0x0000000083300000, 0x0000000083400000|  0%| F|  |TAMS 0x0000000083300000, 0x0000000083300000| Untracked 
|  52|0x0000000083400000, 0x0000000083400000, 0x0000000083500000|  0%| F|  |TAMS 0x0000000083400000, 0x0000000083400000| Untracked 
|  53|0x0000000083500000, 0x0000000083500000, 0x0000000083600000|  0%| F|  |TAMS 0x0000000083500000, 0x0000000083500000| Untracked 
|  54|0x0000000083600000, 0x0000000083600000, 0x0000000083700000|  0%| F|  |TAMS 0x0000000083600000, 0x0000000083600000| Untracked 
|  55|0x0000000083700000, 0x0000000083700000, 0x0000000083800000|  0%| F|  |TAMS 0x0000000083700000, 0x0000000083700000| Untracked 
|  56|0x0000000083800000, 0x0000000083800000, 0x0000000083900000|  0%| F|  |TAMS 0x0000000083800000, 0x0000000083800000| Untracked 
|  57|0x0000000083900000, 0x0000000083900000, 0x0000000083a00000|  0%| F|  |TAMS 0x0000000083900000, 0x0000000083900000| Untracked 
|  58|0x0000000083a00000, 0x0000000083a00000, 0x0000000083b00000|  0%| F|  |TAMS 0x0000000083a00000, 0x0000000083a00000| Untracked 
|  59|0x0000000083b00000, 0x0000000083b00000, 0x0000000083c00000|  0%| F|  |TAMS 0x0000000083b00000, 0x0000000083b00000| Untracked 
|  60|0x0000000083c00000, 0x0000000083c00000, 0x0000000083d00000|  0%| F|  |TAMS 0x0000000083c00000, 0x0000000083c00000| Untracked 
|  61|0x0000000083d00000, 0x0000000083d00000, 0x0000000083e00000|  0%| F|  |TAMS 0x0000000083d00000, 0x0000000083d00000| Untracked 
|  62|0x0000000083e00000, 0x0000000083e00000, 0x0000000083f00000|  0%| F|  |TAMS 0x0000000083e00000, 0x0000000083e00000| Untracked 
|  63|0x0000000083f00000, 0x0000000083f00000, 0x0000000084000000|  0%| F|  |TAMS 0x0000000083f00000, 0x0000000083f00000| Untracked 
|  64|0x0000000084000000, 0x0000000084000000, 0x0000000084100000|  0%| F|  |TAMS 0x0000000084000000, 0x0000000084000000| Untracked 
|  65|0x0000000084100000, 0x0000000084100000, 0x0000000084200000|  0%| F|  |TAMS 0x0000000084100000, 0x0000000084100000| Untracked 
|  66|0x0000000084200000, 0x0000000084200000, 0x0000000084300000|  0%| F|  |TAMS 0x0000000084200000, 0x0000000084200000| Untracked 
|  67|0x0000000084300000, 0x0000000084300000, 0x0000000084400000|  0%| F|  |TAMS 0x0000000084300000, 0x0000000084300000| Untracked 
|  68|0x0000000084400000, 0x0000000084400000, 0x0000000084500000|  0%| F|  |TAMS 0x0000000084400000, 0x0000000084400000| Untracked 
|  69|0x0000000084500000, 0x0000000084500000, 0x0000000084600000|  0%| F|  |TAMS 0x0000000084500000, 0x0000000084500000| Untracked 
|  70|0x0000000084600000, 0x0000000084600000, 0x0000000084700000|  0%| F|  |TAMS 0x0000000084600000, 0x0000000084600000| Untracked 
|  71|0x0000000084700000, 0x0000000084700000, 0x0000000084800000|  0%| F|  |TAMS 0x0000000084700000, 0x0000000084700000| Untracked 
|  72|0x0000000084800000, 0x0000000084800000, 0x0000000084900000|  0%| F|  |TAMS 0x0000000084800000, 0x0000000084800000| Untracked 
|  73|0x0000000084900000, 0x0000000084900000, 0x0000000084a00000|  0%| F|  |TAMS 0x0000000084900000, 0x0000000084900000| Untracked 
|  74|0x0000000084a00000, 0x0000000084a00000, 0x0000000084b00000|  0%| F|  |TAMS 0x0000000084a00000, 0x0000000084a00000| Untracked 
|  75|0x0000000084b00000, 0x0000000084b00000, 0x0000000084c00000|  0%| F|  |TAMS 0x0000000084b00000, 0x0000000084b00000| Untracked 
|  76|0x0000000084c00000, 0x0000000084c00000, 0x0000000084d00000|  0%| F|  |TAMS 0x0000000084c00000, 0x0000000084c00000| Untracked 
|  77|0x0000000084d00000, 0x0000000084d00000, 0x0000000084e00000|  0%| F|  |TAMS 0x0000000084d00000, 0x0000000084d00000| Untracked 
|  78|0x0000000084e00000, 0x0000000084e00000, 0x0000000084f00000|  0%| F|  |TAMS 0x0000000084e00000, 0x0000000084e00000| Untracked 
|  79|0x0000000084f00000, 0x0000000084f00000, 0x0000000085000000|  0%| F|  |TAMS 0x0000000084f00000, 0x0000000084f00000| Untracked 
|  80|0x0000000085000000, 0x0000000085000000, 0x0000000085100000|  0%| F|  |TAMS 0x0000000085000000, 0x0000000085000000| Untracked 
|  81|0x0000000085100000, 0x0000000085100000, 0x0000000085200000|  0%| F|  |TAMS 0x0000000085100000, 0x0000000085100000| Untracked 
|  82|0x0000000085200000, 0x0000000085200000, 0x0000000085300000|  0%| F|  |TAMS 0x0000000085200000, 0x0000000085200000| Untracked 
|  83|0x0000000085300000, 0x0000000085300000, 0x0000000085400000|  0%| F|  |TAMS 0x0000000085300000, 0x0000000085300000| Untracked 
|  84|0x0000000085400000, 0x0000000085458320, 0x0000000085500000| 34%| S|CS|TAMS 0x0000000085400000, 0x0000000085400000| Complete 
|  85|0x0000000085500000, 0x0000000085600000, 0x0000000085600000|100%| S|CS|TAMS 0x0000000085500000, 0x0000000085500000| Complete 
|  86|0x0000000085600000, 0x0000000085700000, 0x0000000085700000|100%| S|CS|TAMS 0x0000000085600000, 0x0000000085600000| Complete 
|  87|0x0000000085700000, 0x0000000085800000, 0x0000000085800000|100%| S|CS|TAMS 0x0000000085700000, 0x0000000085700000| Complete 
|  88|0x0000000085800000, 0x0000000085900000, 0x0000000085900000|100%| S|CS|TAMS 0x0000000085800000, 0x0000000085800000| Complete 
|  89|0x0000000085900000, 0x0000000085a00000, 0x0000000085a00000|100%| S|CS|TAMS 0x0000000085900000, 0x0000000085900000| Complete 
|  90|0x0000000085a00000, 0x0000000085b00000, 0x0000000085b00000|100%| S|CS|TAMS 0x0000000085a00000, 0x0000000085a00000| Complete 
|  91|0x0000000085b00000, 0x0000000085b00000, 0x0000000085c00000|  0%| F|  |TAMS 0x0000000085b00000, 0x0000000085b00000| Untracked 
|  92|0x0000000085c00000, 0x0000000085c00000, 0x0000000085d00000|  0%| F|  |TAMS 0x0000000085c00000, 0x0000000085c00000| Untracked 
|  93|0x0000000085d00000, 0x0000000085d00000, 0x0000000085e00000|  0%| F|  |TAMS 0x0000000085d00000, 0x0000000085d00000| Untracked 
|  94|0x0000000085e00000, 0x0000000085e00000, 0x0000000085f00000|  0%| F|  |TAMS 0x0000000085e00000, 0x0000000085e00000| Untracked 
|  95|0x0000000085f00000, 0x0000000085f00000, 0x0000000086000000|  0%| F|  |TAMS 0x0000000085f00000, 0x0000000085f00000| Untracked 
|  96|0x0000000086000000, 0x0000000086000000, 0x0000000086100000|  0%| F|  |TAMS 0x0000000086000000, 0x0000000086000000| Untracked 
|  97|0x0000000086100000, 0x0000000086100000, 0x0000000086200000|  0%| F|  |TAMS 0x0000000086100000, 0x0000000086100000| Untracked 
|  98|0x0000000086200000, 0x0000000086200000, 0x0000000086300000|  0%| F|  |TAMS 0x0000000086200000, 0x0000000086200000| Untracked 
|  99|0x0000000086300000, 0x0000000086300000, 0x0000000086400000|  0%| F|  |TAMS 0x0000000086300000, 0x0000000086300000| Untracked 
| 100|0x0000000086400000, 0x0000000086400000, 0x0000000086500000|  0%| F|  |TAMS 0x0000000086400000, 0x0000000086400000| Untracked 
| 101|0x0000000086500000, 0x0000000086500000, 0x0000000086600000|  0%| F|  |TAMS 0x0000000086500000, 0x0000000086500000| Untracked 
| 102|0x0000000086600000, 0x0000000086600000, 0x0000000086700000|  0%| F|  |TAMS 0x0000000086600000, 0x0000000086600000| Untracked 
| 103|0x0000000086700000, 0x0000000086700000, 0x0000000086800000|  0%| F|  |TAMS 0x0000000086700000, 0x0000000086700000| Untracked 
| 104|0x0000000086800000, 0x0000000086800000, 0x0000000086900000|  0%| F|  |TAMS 0x0000000086800000, 0x0000000086800000| Untracked 
| 105|0x0000000086900000, 0x0000000086900000, 0x0000000086a00000|  0%| F|  |TAMS 0x0000000086900000, 0x0000000086900000| Untracked 
| 106|0x0000000086a00000, 0x0000000086a00000, 0x0000000086b00000|  0%| F|  |TAMS 0x0000000086a00000, 0x0000000086a00000| Untracked 
| 107|0x0000000086b00000, 0x0000000086b00000, 0x0000000086c00000|  0%| F|  |TAMS 0x0000000086b00000, 0x0000000086b00000| Untracked 
| 108|0x0000000086c00000, 0x0000000086c00000, 0x0000000086d00000|  0%| F|  |TAMS 0x0000000086c00000, 0x0000000086c00000| Untracked 
| 109|0x0000000086d00000, 0x0000000086d00000, 0x0000000086e00000|  0%| F|  |TAMS 0x0000000086d00000, 0x0000000086d00000| Untracked 
| 110|0x0000000086e00000, 0x0000000086e00000, 0x0000000086f00000|  0%| F|  |TAMS 0x0000000086e00000, 0x0000000086e00000| Untracked 
| 111|0x0000000086f00000, 0x0000000086f00000, 0x0000000087000000|  0%| F|  |TAMS 0x0000000086f00000, 0x0000000086f00000| Untracked 
| 112|0x0000000087000000, 0x0000000087000000, 0x0000000087100000|  0%| F|  |TAMS 0x0000000087000000, 0x0000000087000000| Untracked 
| 113|0x0000000087100000, 0x0000000087100000, 0x0000000087200000|  0%| F|  |TAMS 0x0000000087100000, 0x0000000087100000| Untracked 
| 114|0x0000000087200000, 0x0000000087200000, 0x0000000087300000|  0%| F|  |TAMS 0x0000000087200000, 0x0000000087200000| Untracked 
| 115|0x0000000087300000, 0x0000000087300000, 0x0000000087400000|  0%| F|  |TAMS 0x0000000087300000, 0x0000000087300000| Untracked 
| 116|0x0000000087400000, 0x0000000087400000, 0x0000000087500000|  0%| F|  |TAMS 0x0000000087400000, 0x0000000087400000| Untracked 
| 117|0x0000000087500000, 0x0000000087500000, 0x0000000087600000|  0%| F|  |TAMS 0x0000000087500000, 0x0000000087500000| Untracked 
| 118|0x0000000087600000, 0x0000000087600000, 0x0000000087700000|  0%| F|  |TAMS 0x0000000087600000, 0x0000000087600000| Untracked 
| 119|0x0000000087700000, 0x0000000087700000, 0x0000000087800000|  0%| F|  |TAMS 0x0000000087700000, 0x0000000087700000| Untracked 
| 120|0x0000000087800000, 0x0000000087800000, 0x0000000087900000|  0%| F|  |TAMS 0x0000000087800000, 0x0000000087800000| Untracked 
| 121|0x0000000087900000, 0x0000000087900000, 0x0000000087a00000|  0%| F|  |TAMS 0x0000000087900000, 0x0000000087900000| Untracked 
| 122|0x0000000087a00000, 0x0000000087a00000, 0x0000000087b00000|  0%| F|  |TAMS 0x0000000087a00000, 0x0000000087a00000| Untracked 
| 123|0x0000000087b00000, 0x0000000087b00000, 0x0000000087c00000|  0%| F|  |TAMS 0x0000000087b00000, 0x0000000087b00000| Untracked 
| 124|0x0000000087c00000, 0x0000000087c00000, 0x0000000087d00000|  0%| F|  |TAMS 0x0000000087c00000, 0x0000000087c00000| Untracked 
| 125|0x0000000087d00000, 0x0000000087d00000, 0x0000000087e00000|  0%| F|  |TAMS 0x0000000087d00000, 0x0000000087d00000| Untracked 
| 126|0x0000000087e00000, 0x0000000087e80800, 0x0000000087f00000| 50%| E|  |TAMS 0x0000000087e00000, 0x0000000087e00000| Complete 
| 127|0x0000000087f00000, 0x0000000088000000, 0x0000000088000000|100%| E|CS|TAMS 0x0000000087f00000, 0x0000000087f00000| Complete 

Card table byte_map: [0x0000023fab3b0000,0x0000023fab7b0000] _byte_map_base: 0x0000023faafb0000

Marking Bits (Prev, Next): (CMBitMap*) 0x0000023f9493b448, (CMBitMap*) 0x0000023f9493b480
 Prev Bits: [0x0000023fabbb0000, 0x0000023fadbb0000)
 Next Bits: [0x0000023fadbb0000, 0x0000023fafbb0000)

Polling page: 0x0000023f940e0000

Metaspace:

Usage:
  Non-class:     30.64 MB capacity,    30.16 MB ( 98%) used,   409.73 KB (  1%) free+waste,    81.94 KB ( <1%) overhead. 
      Class:      4.83 MB capacity,     4.50 MB ( 93%) used,   294.26 KB (  6%) free+waste,    41.69 KB ( <1%) overhead. 
       Both:     35.47 MB capacity,    34.66 MB ( 98%) used,   703.99 KB (  2%) free+waste,   123.63 KB ( <1%) overhead. 

Virtual space:
  Non-class space:       32.00 MB reserved,      30.67 MB ( 96%) committed 
      Class space:      504.00 MB reserved,       4.88 MB ( <1%) committed 
             Both:      536.00 MB reserved,      35.55 MB (  7%) committed 

Chunk freelists:
   Non-Class:  4.25 KB
       Class:  1.38 KB
        Both:  5.63 KB

CodeHeap 'non-profiled nmethods': size=120064Kb used=1636Kb max_used=1636Kb free=118427Kb
 bounds [0x0000023fa3a70000, 0x0000023fa3ce0000, 0x0000023faafb0000]
CodeHeap 'profiled nmethods': size=120000Kb used=6785Kb max_used=6785Kb free=113214Kb
 bounds [0x0000023f9c540000, 0x0000023f9cbf0000, 0x0000023fa3a70000]
CodeHeap 'non-nmethods': size=5696Kb used=1175Kb max_used=1204Kb free=4520Kb
 bounds [0x0000023f9bfb0000, 0x0000023f9c220000, 0x0000023f9c540000]
 total_blobs=3750 nmethods=3226 adapters=435
 compilation: enabled
              stopped_count=0, restarted_count=0
 full_count=0

Compilation events (10 events):
Event: 256.880 Thread 0x0000023fb2a39000 nmethod 3231 0x0000023f9cbde490 code [0x0000023f9cbde660, 0x0000023f9cbde9e8]
Event: 256.889 Thread 0x0000023fb20d4000 3232       4       java.lang.invoke.MethodType::makeImpl (108 bytes)
Event: 256.946 Thread 0x0000023fb2a39000 3233       3       java.lang.invoke.BoundMethodHandle::rebind (14 bytes)
Event: 256.947 Thread 0x0000023fb2a39000 nmethod 3233 0x0000023f9cbdeb90 code [0x0000023f9cbdedc0, 0x0000023f9cbdf708]
Event: 256.947 Thread 0x0000023fb2a39000 3234       3       java.lang.invoke.BoundMethodHandle::tooComplex (27 bytes)
Event: 256.948 Thread 0x0000023fb2a39000 nmethod 3234 0x0000023f9cbdfa10 code [0x0000023f9cbdfbe0, 0x0000023f9cbe0038]
Event: 256.948 Thread 0x0000023fb2a39000 3235       3       java.lang.invoke.BoundMethodHandle::fieldCount (8 bytes)
Event: 256.948 Thread 0x0000023fb2a39000 nmethod 3235 0x0000023f9cbe0210 code [0x0000023f9cbe03c0, 0x0000023f9cbe0698]
Event: 256.948 Thread 0x0000023fb2a39000 3236       1       java.lang.invoke.DirectMethodHandle$Special::isInvokeSpecial (2 bytes)
Event: 256.948 Thread 0x0000023fb2a39000 nmethod 3236 0x0000023fa3c09090 code [0x0000023fa3c09220, 0x0000023fa3c092d8]

GC Heap History (10 events):
Event: 219.429 GC heap before
{Heap before GC invocations=2 (full 0):
 garbage-first heap   total 131072K, used 29434K [0x0000000080000000, 0x0000000100000000)
  region size 1024K, 22 young (22528K), 10 survivors (10240K)
 Metaspace       used 19108K, capacity 19474K, committed 19584K, reserved 534528K
  class space    used 2231K, capacity 2349K, committed 2432K, reserved 516096K
}
Event: 219.440 GC heap after
{Heap after GC invocations=3 (full 0):
 garbage-first heap   total 131072K, used 17937K [0x0000000080000000, 0x0000000100000000)
  region size 1024K, 1 young (1024K), 1 survivors (1024K)
 Metaspace       used 19108K, capacity 19474K, committed 19584K, reserved 534528K
  class space    used 2231K, capacity 2349K, committed 2432K, reserved 516096K
}
Event: 223.330 GC heap before
{Heap before GC invocations=3 (full 0):
 garbage-first heap   total 131072K, used 32273K [0x0000000080000000, 0x0000000100000000)
  region size 1024K, 17 young (17408K), 1 survivors (1024K)
 Metaspace       used 20810K, capacity 21224K, committed 21296K, reserved 536576K
  class space    used 2512K, capacity 2686K, committed 2688K, reserved 516096K
}
Event: 223.336 GC heap after
{Heap after GC invocations=4 (full 0):
 garbage-first heap   total 131072K, used 18162K [0x0000000080000000, 0x0000000100000000)
  region size 1024K, 2 young (2048K), 2 survivors (2048K)
 Metaspace       used 20810K, capacity 21224K, committed 21296K, reserved 536576K
  class space    used 2512K, capacity 2686K, committed 2688K, reserved 516096K
}
Event: 233.079 GC heap before
{Heap before GC invocations=5 (full 0):
 garbage-first heap   total 131072K, used 52978K [0x0000000080000000, 0x0000000100000000)
  region size 1024K, 36 young (36864K), 2 survivors (2048K)
 Metaspace       used 23932K, capacity 24494K, committed 24752K, reserved 538624K
  class space    used 3039K, capacity 3247K, committed 3328K, reserved 516096K
}
Event: 233.088 GC heap after
{Heap after GC invocations=6 (full 0):
 garbage-first heap   total 131072K, used 19406K [0x0000000080000000, 0x0000000100000000)
  region size 1024K, 3 young (3072K), 3 survivors (3072K)
 Metaspace       used 23932K, capacity 24494K, committed 24752K, reserved 538624K
  class space    used 3039K, capacity 3247K, committed 3328K, reserved 516096K
}
Event: 244.985 GC heap before
{Heap before GC invocations=6 (full 0):
 garbage-first heap   total 131072K, used 71630K [0x0000000080000000, 0x0000000100000000)
  region size 1024K, 54 young (55296K), 3 survivors (3072K)
 Metaspace       used 28993K, capacity 29685K, committed 30000K, reserved 542720K
  class space    used 3836K, capacity 4136K, committed 4224K, reserved 516096K
}
Event: 245.013 GC heap after
{Heap after GC invocations=7 (full 0):
 garbage-first heap   total 131072K, used 21329K [0x0000000080000000, 0x0000000100000000)
  region size 1024K, 5 young (5120K), 5 survivors (5120K)
 Metaspace       used 28993K, capacity 29685K, committed 30000K, reserved 542720K
  class space    used 3836K, capacity 4136K, committed 4224K, reserved 516096K
}
Event: 256.461 GC heap before
{Heap before GC invocations=7 (full 0):
 garbage-first heap   total 131072K, used 58193K [0x0000000080000000, 0x0000000100000000)
  region size 1024K, 42 young (43008K), 5 survivors (5120K)
 Metaspace       used 34921K, capacity 35727K, committed 35888K, reserved 548864K
  class space    used 4524K, capacity 4877K, committed 4992K, reserved 516096K
}
Event: 256.485 GC heap after
{Heap after GC invocations=8 (full 0):
 garbage-first heap   total 131072K, used 23440K [0x0000000080000000, 0x0000000100000000)
  region size 1024K, 7 young (7168K), 7 survivors (7168K)
 Metaspace       used 34921K, capacity 35727K, committed 35888K, reserved 548864K
  class space    used 4524K, capacity 4877K, committed 4992K, reserved 516096K
}

Deoptimization events (10 events):
Event: 238.649 Thread 0x0000023fb2f8e800 Uncommon trap: reason=predicate action=maybe_recompile pc=0x0000023fa3ba9f14 method=com.google.common.base.CharMatcher.indexIn(Ljava/lang/CharSequence;I)I @ 19 c2
Event: 244.216 Thread 0x0000023fb2f8e800 Uncommon trap: reason=unstable_if action=reinterpret pc=0x0000023fa3b5b3ac method=java.util.HashMap.hash(Ljava/lang/Object;)I @ 1 c2
Event: 244.216 Thread 0x0000023fb2f8e800 Uncommon trap: reason=unstable_if action=reinterpret pc=0x0000023fa3b5faac method=java.util.HashMap.hash(Ljava/lang/Object;)I @ 1 c2
Event: 244.961 Thread 0x0000023fb2f8e800 Uncommon trap: reason=unstable_if action=reinterpret pc=0x0000023fa3bc6f64 method=java.util.regex.Pattern$BmpCharProperty.match(Ljava/util/regex/Matcher;ILjava/lang/CharSequence;)Z @ 39 c2
Event: 251.394 Thread 0x0000023fb2f8e800 Uncommon trap: reason=unstable_if action=reinterpret pc=0x0000023fa3b60250 method=java.util.HashMap.putVal(ILjava/lang/Object;Ljava/lang/Object;ZZ)Ljava/lang/Object; @ 162 c2
Event: 252.376 Thread 0x0000023fb2f8e800 Uncommon trap: reason=class_check action=maybe_recompile pc=0x0000023fa3b524ac method=java.io.BufferedInputStream.read([BII)I @ 101 c2
Event: 252.376 Thread 0x0000023fb2f8e800 Uncommon trap: reason=class_check action=maybe_recompile pc=0x0000023fa3b524ac method=java.io.BufferedInputStream.read([BII)I @ 101 c2
Event: 252.377 Thread 0x0000023fb2f8e800 Uncommon trap: reason=class_check action=maybe_recompile pc=0x0000023fa3b524ac method=java.io.BufferedInputStream.read([BII)I @ 101 c2
Event: 252.378 Thread 0x0000023fb2f8e800 Uncommon trap: reason=class_check action=maybe_recompile pc=0x0000023fa3b524ac method=java.io.BufferedInputStream.read([BII)I @ 101 c2
Event: 255.575 Thread 0x0000023fb2f8e800 Uncommon trap: reason=unstable_if action=reinterpret pc=0x0000023fa3b83910 method=jdk.internal.loader.BuiltinClassLoader.loadClassOrNull(Ljava/lang/String;Z)Ljava/lang/Class; @ 42 c2

Classes redefined (0 events):
No events

Internal exceptions (10 events):
Event: 246.289 Thread 0x0000023fb2f8e800 Exception <a 'java/lang/NoSuchMethodError'{0x0000000087e5f028}: java.lang.invoke.DirectMethodHandle$Holder.invokeStaticInit(Ljava/lang/Object;Ljava/lang/Object;Ljava/lang/Object;Ljava/lang/Object;)Ljava/lang/Object;> (0x0000000087e5f028) thrown at [./open
Event: 249.906 Thread 0x0000023fb2f8e800 Exception <a 'java/lang/NoSuchMethodError'{0x0000000086f332d8}: java.lang.invoke.Invokers$Holder.linkToTargetMethod(Ljava/lang/Object;Ljava/lang/Object;Ljava/lang/Object;Ljava/lang/Object;Ljava/lang/Object;Ljava/lang/Object;Ljava/lang/Object;Ljava/lang/Ob
Event: 250.174 Thread 0x0000023fb2f8e800 Exception <a 'java/lang/IncompatibleClassChangeError'{0x0000000086fb3990}: Found class java.lang.Object, but interface was expected> (0x0000000086fb3990) thrown at [./open/src/hotspot/share/interpreter/linkResolver.cpp, line 838]
Event: 251.435 Thread 0x0000023fb2f8e800 Exception <a 'java/lang/NoSuchMethodError'{0x00000000868f14d8}: java.lang.invoke.Invokers$Holder.linkToTargetMethod(Ljava/lang/Object;IILjava/lang/Object;)Ljava/lang/Object;> (0x00000000868f14d8) thrown at [./open/src/hotspot/share/interpreter/linkResolve
Event: 251.438 Thread 0x0000023fb2f8e800 Exception <a 'java/lang/NoSuchMethodError'{0x0000000086707c20}: java.lang.invoke.DirectMethodHandle$Holder.invokeStatic(Ljava/lang/Object;Ljava/lang/Object;IILjava/lang/Object;Ljava/lang/Object;)Ljava/lang/Object;> (0x0000000086707c20) thrown at [./open/s
Event: 253.338 Thread 0x0000023fb2f8e800 Exception <a 'java/lang/NoSuchMethodError'{0x000000008610c8f8}: java.lang.invoke.DirectMethodHandle$Holder.invokeStaticInit(Ljava/lang/Object;Ljava/lang/Object;Ljava/lang/Object;)V> (0x000000008610c8f8) thrown at [./open/src/hotspot/share/interpreter/link
Event: 253.339 Thread 0x0000023fb2f8e800 Exception <a 'java/lang/NoSuchMethodError'{0x0000000086113b08}: java.lang.invoke.DirectMethodHandle$Holder.invokeStaticInit(Ljava/lang/Object;Ljava/lang/Object;Ljava/lang/Object;Ljava/lang/Object;)V> (0x0000000086113b08) thrown at [./open/src/hotspot/shar
Event: 253.345 Thread 0x0000023fb2f8e800 Exception <a 'java/lang/NoSuchMethodError'{0x00000000861351c0}: java.lang.invoke.DirectMethodHandle$Holder.invokeStaticInit(Ljava/lang/Object;Ljava/lang/Object;Ljava/lang/Object;Ljava/lang/Object;Ljava/lang/Object;)V> (0x00000000861351c0) thrown at [./ope
Event: 253.346 Thread 0x0000023fb2f8e800 Exception <a 'java/lang/NoSuchMethodError'{0x000000008613cb58}: java.lang.invoke.DirectMethodHandle$Holder.invokeStaticInit(Ljava/lang/Object;Ljava/lang/Object;Ljava/lang/Object;)I> (0x000000008613cb58) thrown at [./open/src/hotspot/share/interpreter/link
Event: 253.875 Thread 0x0000023fb2f8e800 Exception <a 'java/lang/NoSuchMethodError'{0x000000008619a2d0}: java.lang.invoke.DirectMethodHandle$Holder.invokeStaticInit(Ljava/lang/Object;Ljava/lang/Object;Ljava/lang/Object;Ljava/lang/Object;)I> (0x000000008619a2d0) thrown at [./open/src/hotspot/shar

Events (10 events):
Event: 256.947 loading class org/codehaus/groovy/reflection/CachedClass$2
Event: 256.947 loading class org/codehaus/groovy/reflection/CachedClass$2 done
Event: 256.947 loading class org/codehaus/groovy/reflection/CachedConstructor
Event: 256.947 loading class org/codehaus/groovy/reflection/CachedConstructor done
Event: 256.947 loading class org/codehaus/groovy/reflection/CachedConstructor
Event: 256.947 loading class org/codehaus/groovy/reflection/CachedConstructor done
Event: 256.948 loading class org/codehaus/groovy/runtime/metaclass/ClosureMetaMethod
Event: 256.948 loading class org/codehaus/groovy/runtime/metaclass/ClosureMetaMethod done
Event: 256.949 loading class org/codehaus/groovy/runtime/MetaClassHelper
Event: 256.949 loading class org/codehaus/groovy/runtime/MetaClassHelper done


Dynamic libraries:
0x00007ff739730000 - 0x00007ff73973f000 	C:\Program Files\Java\jdk-11.0.15.1\bin\java.exe
0x00007ff91d850000 - 0x00007ff91da47000 	C:\Windows\SYSTEM32\ntdll.dll
0x00007ff91d6f0000 - 0x00007ff91d7ad000 	C:\Windows\System32\KERNEL32.DLL
0x00007ff91b460000 - 0x00007ff91b756000 	C:\Windows\System32\KERNELBASE.dll
0x00007ff91b360000 - 0x00007ff91b460000 	C:\Windows\System32\ucrtbase.dll
0x00007ff8f5cf0000 - 0x00007ff8f5d08000 	C:\Program Files\Java\jdk-11.0.15.1\bin\jli.dll
0x00007ff91d200000 - 0x00007ff91d2ae000 	C:\Windows\System32\ADVAPI32.dll
0x00007ff91c360000 - 0x00007ff91c3fe000 	C:\Windows\System32\msvcrt.dll
0x00007ff91c410000 - 0x00007ff91c4ac000 	C:\Windows\System32\sechost.dll
0x00007ff91d5c0000 - 0x00007ff91d6e6000 	C:\Windows\System32\RPCRT4.dll
0x00007ff91d420000 - 0x00007ff91d5be000 	C:\Windows\System32\USER32.dll
0x00007ff91b2a0000 - 0x00007ff91b2c2000 	C:\Windows\System32\win32u.dll
0x00007ff91ccc0000 - 0x00007ff91ccec000 	C:\Windows\System32\GDI32.dll
0x00007ff91b150000 - 0x00007ff91b26a000 	C:\Windows\System32\gdi32full.dll
0x00007ff91b760000 - 0x00007ff91b7fd000 	C:\Windows\System32\msvcp_win.dll
0x00007ff8f60f0000 - 0x00007ff8f6105000 	C:\Program Files\Java\jdk-11.0.15.1\bin\VCRUNTIME140.dll
0x00007ff9094b0000 - 0x00007ff90974a000 	C:\Windows\WinSxS\amd64_microsoft.windows.common-controls_6595b64144ccf1df_6.0.19041.3570_none_60bb2a3971f3e41a\COMCTL32.dll
0x00007ff915390000 - 0x00007ff91539a000 	C:\Windows\SYSTEM32\VERSION.dll
0x00007ff91c2b0000 - 0x00007ff91c2e0000 	C:\Windows\System32\IMM32.DLL
0x00007ff8cfcb0000 - 0x00007ff8cfd4b000 	C:\Program Files\Java\jdk-11.0.15.1\bin\msvcp140.dll
0x00007ff8c4cf0000 - 0x00007ff8c5806000 	C:\Program Files\Java\jdk-11.0.15.1\bin\server\jvm.dll
0x00007ff91c400000 - 0x00007ff91c408000 	C:\Windows\System32\PSAPI.DLL
0x00007ff913440000 - 0x00007ff913449000 	C:\Windows\SYSTEM32\WSOCK32.dll
0x00007ff91d310000 - 0x00007ff91d37b000 	C:\Windows\System32\WS2_32.dll
0x00007ff8fe170000 - 0x00007ff8fe197000 	C:\Windows\SYSTEM32\WINMM.dll
0x00007ff918dd0000 - 0x00007ff918de2000 	C:\Windows\SYSTEM32\kernel.appcore.dll
0x00007ff916400000 - 0x00007ff916410000 	C:\Program Files\Java\jdk-11.0.15.1\bin\verify.dll
0x00007ff9053f0000 - 0x00007ff9055d4000 	C:\Windows\SYSTEM32\DBGHELP.DLL
0x00007ff8fe050000 - 0x00007ff8fe084000 	C:\Windows\SYSTEM32\dbgcore.DLL
0x00007ff91b2d0000 - 0x00007ff91b352000 	C:\Windows\System32\bcryptPrimitives.dll
0x00007ff8e7ff0000 - 0x00007ff8e8018000 	C:\Program Files\Java\jdk-11.0.15.1\bin\java.dll
0x00007ff90def0000 - 0x00007ff90defa000 	C:\Program Files\Java\jdk-11.0.15.1\bin\jimage.dll
0x00007ff8f1320000 - 0x00007ff8f1336000 	C:\Program Files\Java\jdk-11.0.15.1\bin\zip.dll
0x00007ff91b970000 - 0x00007ff91c0b4000 	C:\Windows\System32\SHELL32.dll
0x00007ff918fd0000 - 0x00007ff91976b000 	C:\Windows\SYSTEM32\windows.storage.dll
0x00007ff91cea0000 - 0x00007ff91d1f4000 	C:\Windows\System32\combase.dll
0x00007ff91a900000 - 0x00007ff91a92d000 	C:\Windows\SYSTEM32\Wldp.dll
0x00007ff91b8c0000 - 0x00007ff91b96d000 	C:\Windows\System32\SHCORE.dll
0x00007ff91c5e0000 - 0x00007ff91c635000 	C:\Windows\System32\shlwapi.dll
0x00007ff91ae60000 - 0x00007ff91ae85000 	C:\Windows\SYSTEM32\profapi.dll
0x00007ff8efe60000 - 0x00007ff8efe79000 	C:\Program Files\Java\jdk-11.0.15.1\bin\net.dll
0x00007ff90c500000 - 0x00007ff90c60a000 	C:\Windows\SYSTEM32\WINHTTP.dll
0x00007ff91a660000 - 0x00007ff91a6ca000 	C:\Windows\system32\mswsock.dll
0x00007ff8ee6a0000 - 0x00007ff8ee6b2000 	C:\Program Files\Java\jdk-11.0.15.1\bin\nio.dll
0x00007ff8fa710000 - 0x00007ff8fa737000 	C:\Users\USIT\.gradle\native\68d5fa5c4cc2d200863cafc0d521ce42e7d3e7ee720ec0a83991735586a16f82\windows-amd64\native-platform.dll
0x00007ff8dfee0000 - 0x00007ff8e0024000 	C:\Users\USIT\.gradle\native\e376f236ea51e6404a007f0833ffe2c6e607c4080706a723a18a27aeea778392\windows-amd64\native-platform-file-events.dll
0x00007ff8fe110000 - 0x00007ff8fe119000 	C:\Program Files\Java\jdk-11.0.15.1\bin\management.dll
0x00007ff8fc4b0000 - 0x00007ff8fc4bb000 	C:\Program Files\Java\jdk-11.0.15.1\bin\management_ext.dll
0x00007ff91a860000 - 0x00007ff91a878000 	C:\Windows\SYSTEM32\CRYPTSP.dll
0x00007ff919f10000 - 0x00007ff919f44000 	C:\Windows\system32\rsaenh.dll
0x00007ff91b270000 - 0x00007ff91b297000 	C:\Windows\System32\bcrypt.dll
0x00007ff91ade0000 - 0x00007ff91ae0e000 	C:\Windows\SYSTEM32\USERENV.dll
0x00007ff91a850000 - 0x00007ff91a85c000 	C:\Windows\SYSTEM32\CRYPTBASE.dll
0x00007ff91a350000 - 0x00007ff91a38b000 	C:\Windows\SYSTEM32\IPHLPAPI.DLL
0x00007ff91d380000 - 0x00007ff91d388000 	C:\Windows\System32\NSI.dll
0x00007ff90d1d0000 - 0x00007ff90d1e7000 	C:\Windows\SYSTEM32\dhcpcsvc6.DLL
0x00007ff912de0000 - 0x00007ff912dfd000 	C:\Windows\SYSTEM32\dhcpcsvc.DLL
0x00007ff91a390000 - 0x00007ff91a45a000 	C:\Windows\SYSTEM32\DNSAPI.dll

dbghelp: loaded successfully - version: 4.0.5 - missing functions: none
symbol engine: initialized successfully - sym options: 0x614 - pdb path: .;C:\Program Files\Java\jdk-11.0.15.1\bin;C:\Windows\SYSTEM32;C:\Windows\WinSxS\amd64_microsoft.windows.common-controls_6595b64144ccf1df_6.0.19041.3570_none_60bb2a3971f3e41a;C:\Program Files\Java\jdk-11.0.15.1\bin\server;C:\Users\USIT\.gradle\native\68d5fa5c4cc2d200863cafc0d521ce42e7d3e7ee720ec0a83991735586a16f82\windows-amd64;C:\Users\USIT\.gradle\native\e376f236ea51e6404a007f0833ffe2c6e607c4080706a723a18a27aeea778392\windows-amd64

VM Arguments:
jvm_args: -XX:MaxMetaspaceSize=512m --add-opens=java.base/java.util=ALL-UNNAMED --add-opens=java.base/java.lang=ALL-UNNAMED --add-opens=java.base/java.lang.invoke=ALL-UNNAMED --add-opens=java.prefs/java.util.prefs=ALL-UNNAMED --add-opens=java.base/java.nio.charset=ALL-UNNAMED --add-opens=java.base/java.net=ALL-UNNAMED --add-opens=java.base/java.util.concurrent.atomic=ALL-UNNAMED -Xmx2048m -Dfile.encoding=windows-1252 -Duser.country=IN -Duser.language=en -Duser.variant 
java_command: org.gradle.launcher.daemon.bootstrap.GradleDaemon 8.0.1
java_class_path (initial): C:\Users\USIT\.gradle\wrapper\dists\gradle-8.0.1-all\aro4hu1c3oeioove7l0i4i14o\gradle-8.0.1\lib\gradle-launcher-8.0.1.jar
Launcher Type: SUN_STANDARD

[Global flags]
     intx CICompilerCount                          = 3                                         {product} {ergonomic}
   size_t CompressedClassSpaceSize                 = 528482304                                 {product} {ergonomic}
     uint ConcGCThreads                            = 1                                         {product} {ergonomic}
     uint G1ConcRefinementThreads                  = 4                                         {product} {ergonomic}
   size_t G1HeapRegionSize                         = 1048576                                   {product} {ergonomic}
    uintx GCDrainStackTargetSize                   = 64                                        {product} {ergonomic}
   size_t InitialHeapSize                          = 134217728                                 {product} {ergonomic}
   size_t MarkStackSize                            = 4194304                                   {product} {ergonomic}
   size_t MaxHeapSize                              = 2147483648                                {product} {command line}
   size_t MaxMetaspaceSize                         = 536870912                                 {product} {command line}
   size_t MaxNewSize                               = 1287651328                                {product} {ergonomic}
   size_t MinHeapDeltaBytes                        = 1048576                                   {product} {ergonomic}
    uintx NonNMethodCodeHeapSize                   = 5830732                                {pd product} {ergonomic}
    uintx NonProfiledCodeHeapSize                  = 122913754                              {pd product} {ergonomic}
    uintx ProfiledCodeHeapSize                     = 122913754                              {pd product} {ergonomic}
    uintx ReservedCodeCacheSize                    = 251658240                              {pd product} {ergonomic}
     bool SegmentedCodeCache                       = true                                      {product} {ergonomic}
     bool UseCompressedClassPointers               = true                                 {lp64_product} {ergonomic}
     bool UseCompressedOops                        = true                                 {lp64_product} {ergonomic}
     bool UseG1GC                                  = true                                      {product} {ergonomic}
     bool UseLargePagesIndividualAllocation        = false                                  {pd product} {ergonomic}

Logging:
Log output configuration:
 #0: stdout all=warning uptime,level,tags
 #1: stderr all=off uptime,level,tags

Environment Variables:
JAVA_HOME=C:\Program Files\Java\jdk-11.0.15.1
CLASSPATH=D:\dablu\DeliveryApp\delivery\android\\gradle\wrapper\gradle-wrapper.jar
PATH=D:\dablu\DeliveryApp\delivery\node_modules\.bin;D:\dablu\DeliveryApp\delivery\node_modules\.bin;D:\dablu\DeliveryApp\node_modules\.bin;D:\dablu\node_modules\.bin;D:\node_modules\.bin;C:\Users\USIT\AppData\Roaming\npm\node_modules\npm\node_modules\@npmcli\run-script\lib\node-gyp-bin;D:\dablu\DeliveryApp\delivery\node_modules\.bin;D:\dablu\DeliveryApp\node_modules\.bin;D:\dablu\node_modules\.bin;D:\node_modules\.bin;C:\Users\USIT\AppData\Roaming\npm\node_modules\npm\node_modules\@npmcli\run-script\lib\node-gyp-bin;C:\Program Files\Common Files\Oracle\Java\javapath;C:\Program Files (x86)\Common Files\Oracle\Java\javapath;C:\Windows\system32;C:\Windows;C:\Windows\System32\Wbem;C:\Windows\System32\WindowsPowerShell\v1.0\;C:\Windows\System32\OpenSSH\;C:\Program Files (x86)\Intel\Intel(R) Management Engine Components\DAL;C:\Program Files\Intel\Intel(R) Management Engine Components\DAL;C:\Program Files\Java\jdk-9.0.1\bin;%LOCALAPPDATA%\Android\Sdk;C:\Program Files\Java\jdk-11.0.15.1;C:\Users\USIT\AppData\Local\Android\Sdk;C:\Users\USIT\AppData\Local\Android\Sdk\.temp;C:\Users\USIT\AppData\Local\Android\Sdk\build-tools;C:\Users\USIT\AppData\Local\Android\Sdk\.downloadIntermediates;C:\Users\USIT\AppData\Local\Android\Sdk\cmake;C:\Users\USIT\AppData\Local\Android\Sdk\emulator;C:\Users\USIT\AppData\Local\Android\Sdk\extras;C:\Users\USIT\AppData\Local\Android\Sdk\licenses;C:\Users\USIT\AppData\Local\Android\Sdk\patcher;C:\Users\USIT\AppData\Local\Android\Sdk\platforms;C:\Users\USIT\AppData\Local\Android\Sdk\platform-tools;C:\Users\USIT\AppData\Local\Android\Sdk\skiaparser;C:\Users\USIT\AppData\Local\Android\Sdk\skins;C:\Users\USIT\AppData\Local\Android\Sdk\sources;C:\Users\USIT\AppData\Local\Android\Sdk\system-images;C:\Users\USIT\AppData\Local\Android\Sdk\tools;C:\Program Files\Git\cmd;C:\Program Files\Git\mingw64\bin;C:\Program Files\Git\usr\bin;C:\Program Files\nodejs\;C:\Program Files\MySQL\MySQL Shell 8.0\bin\;C:\Users\USIT\AppData\Local\Microsoft\WindowsApps;C:\Users\USI
USERNAME=USIT
OS=Windows_NT
PROCESSOR_IDENTIFIER=Intel64 Family 6 Model 142 Stepping 9, GenuineIntel



---------------  S Y S T E M  ---------------

OS: Windows 10 , 64 bit Build 19041 (10.0.19041.3570)

CPU:total 4 (initial active 4) (2 cores per cpu, 2 threads per core) family 6 model 142 stepping 9 microcode 0xb4, cmov, cx8, fxsr, mmx, sse, sse2, sse3, ssse3, sse4.1, sse4.2, popcnt, avx, avx2, aes, clmul, erms, 3dnowpref, lzcnt, ht, tsc, tscinvbit, bmi1, bmi2, adx, fma

Memory: 4k page, system-wide physical 8087M (76M free)
TotalPageFile size 32663M (AvailPageFile size 3M)
current process WorkingSet (physical memory assigned to process): 186M, peak: 186M
current process commit charge ("private bytes"): 280M, peak: 280M

vm_info: Java HotSpot(TM) 64-Bit Server VM (11.0.15.1+2-LTS-10) for windows-amd64 JRE (11.0.15.1+2-LTS-10), built on Apr 25 2022 21:51:57 by "mach5one" with MS VC++ 15.9 (VS2017)

END.
