#
# There is insufficient memory for the Java Runtime Environment to continue.
# Native memory allocation (malloc) failed to allocate 8208 bytes for AllocateHeap
# Possible reasons:
#   The system is out of physical RAM or swap space
#   The process is running with CompressedOops enabled, and the Java Heap may be blocking the growth of the native heap
# Possible solutions:
#   Reduce memory load on the system
#   Increase physical memory or swap space
#   Check if swap backing store is full
#   Decrease Java heap size (-Xmx/-Xms)
#   Decrease number of Java threads
#   Decrease Java thread stack sizes (-Xss)
#   Set larger code cache with -XX:ReservedCodeCacheSize=
#   JVM is running with Unscaled Compressed Oops mode in which the Java heap is
#     placed in the first 4GB address space. The Java Heap base address is the
#     maximum limit for the native heap growth. Please use -XX:HeapBaseMinAddress
#     to set the Java Heap base and to place the Java Heap above 4GB virtual address.
# This output file may be truncated or incomplete.
#
#  Out of Memory Error (./open/src/hotspot/share/memory/allocation.cpp:46), pid=29036, tid=10780
#
# JRE version: Java(TM) SE Runtime Environment 18.9 (11.0.15.1+2) (build 11.0.15.1+2-LTS-10)
# Java VM: Java HotSpot(TM) 64-Bit Server VM 18.9 (11.0.15.1+2-LTS-10, mixed mode, tiered, compressed oops, g1 gc, windows-amd64)
# No core dump will be written. Minidumps are not enabled by default on client versions of Windows
#

---------------  S U M M A R Y ------------

Command Line: -XX:MaxMetaspaceSize=512m --add-opens=java.base/java.util=ALL-UNNAMED --add-opens=java.base/java.lang=ALL-UNNAMED --add-opens=java.base/java.lang.invoke=ALL-UNNAMED --add-opens=java.prefs/java.util.prefs=ALL-UNNAMED --add-opens=java.base/java.nio.charset=ALL-UNNAMED --add-opens=java.base/java.net=ALL-UNNAMED --add-opens=java.base/java.util.concurrent.atomic=ALL-UNNAMED -Xmx2048m -Dfile.encoding=windows-1252 -Duser.country=IN -Duser.language=en -Duser.variant org.gradle.launcher.daemon.bootstrap.GradleDaemon 8.0.1

Host: Intel(R) Core(TM) i5-7200U CPU @ 2.50GHz, 4 cores, 7G,  Windows 10 , 64 bit Build 19041 (10.0.19041.3570)
Time: Mon Dec  4 17:37:19 2023 India Standard Time elapsed time: 304.755026 seconds (0d 0h 5m 4s)

---------------  T H R E A D  ---------------

Current thread (0x000001a94ddf4000):  JavaThread "File lock release action executor" [_thread_in_Java, id=10780, stack(0x00000043fca00000,0x00000043fcb00000)]

Stack: [0x00000043fca00000,0x00000043fcb00000]
[error occurred during error reporting (printing stack bounds), id 0xc0000005, EXCEPTION_ACCESS_VIOLATION (0xc0000005) at pc=0x00007ff8c5388b7a]

Native frames: (J=compiled Java code, j=interpreted, Vv=VM code, C=native code)
V  [jvm.dll+0x629d8a]
V  [jvm.dll+0x7638ff]
V  [jvm.dll+0x764fa9]
V  [jvm.dll+0x765595]
V  [jvm.dll+0x76554b]
V  [jvm.dll+0x629273]
V  [jvm.dll+0x629988]
C  [ntdll.dll+0xa23af]
C  [ntdll.dll+0x514b4]
C  [ntdll.dll+0xa0ebe]
V  [jvm.dll+0x698b7a]
C  0x000001a935ab86be


---------------  P R O C E S S  ---------------

Threads class SMR info:
_java_thread_list=0x000001a94e6bd490, length=32, elements={
0x000001a92e3ff000, 0x000001a94bb7c000, 0x000001a94bb7d000, 0x000001a94bb94800,
0x000001a94bb96000, 0x000001a94bb97800, 0x000001a94c4f1800, 0x000001a94c4f3800,
0x000001a94bbee000, 0x000001a94c64f800, 0x000001a94dc67800, 0x000001a94e5bf800,
0x000001a94d1a7800, 0x000001a94e5a0800, 0x000001a94e470800, 0x000001a94d476000,
0x000001a94e736800, 0x000001a94e345000, 0x000001a94e0a0800, 0x000001a94ddf2800,
0x000001a94ddf1800, 0x000001a94ddf3800, 0x000001a94ddf4000, 0x000001a94ddf5000,
0x000001a94ddf0000, 0x000001a94ddef800, 0x000001a94ddf1000, 0x000001a94ddf6000,
0x000001a94df21800, 0x000001a94df23000, 0x000001a94df21000, 0x000001a94df1f000
}

Java Threads: ( => current thread )
  0x000001a92e3ff000 JavaThread "main" [_thread_blocked, id=7324, stack(0x00000043fa900000,0x00000043faa00000)]
  0x000001a94bb7c000 JavaThread "Reference Handler" daemon [_thread_blocked, id=4768, stack(0x00000043fb100000,0x00000043fb200000)]
  0x000001a94bb7d000 JavaThread "Finalizer" daemon [_thread_blocked, id=4348, stack(0x00000043fb200000,0x00000043fb300000)]
  0x000001a94bb94800 JavaThread "Signal Dispatcher" daemon [_thread_blocked, id=28164, stack(0x00000043fb300000,0x00000043fb400000)]
  0x000001a94bb96000 JavaThread "Attach Listener" daemon [_thread_blocked, id=30552, stack(0x00000043fb400000,0x00000043fb500000)]
  0x000001a94bb97800 JavaThread "Service Thread" daemon [_thread_blocked, id=20000, stack(0x00000043fb500000,0x00000043fb600000)]
  0x000001a94c4f1800 JavaThread "C2 CompilerThread0" daemon [_thread_blocked, id=14024, stack(0x00000043fb600000,0x00000043fb700000)]
  0x000001a94c4f3800 JavaThread "C1 CompilerThread0" daemon [_thread_blocked, id=21448, stack(0x00000043fb700000,0x00000043fb800000)]
  0x000001a94bbee000 JavaThread "Sweeper thread" daemon [_thread_blocked, id=26856, stack(0x00000043fb800000,0x00000043fb900000)]
  0x000001a94c64f800 JavaThread "Common-Cleaner" daemon [_thread_blocked, id=34368, stack(0x00000043fb900000,0x00000043fba00000)]
  0x000001a94dc67800 JavaThread "Daemon health stats" [_thread_blocked, id=12244, stack(0x00000043fa800000,0x00000043fa900000)]
  0x000001a94e5bf800 JavaThread "Incoming local TCP Connector on port 63490" [_thread_in_native, id=31776, stack(0x00000043faa00000,0x00000043fab00000)]
  0x000001a94d1a7800 JavaThread "Daemon periodic checks" [_thread_in_native, id=33904, stack(0x00000043fbd00000,0x00000043fbe00000)]
  0x000001a94e5a0800 JavaThread "Daemon" [_thread_blocked, id=20432, stack(0x00000043fc000000,0x00000043fc100000)]
  0x000001a94e470800 JavaThread "Handler for socket connection from /127.0.0.1:63490 to /127.0.0.1:63539" [_thread_in_native, id=29200, stack(0x00000043fc100000,0x00000043fc200000)]
  0x000001a94d476000 JavaThread "Cancel handler" [_thread_blocked, id=5656, stack(0x00000043fc200000,0x00000043fc300000)]
  0x000001a94e736800 JavaThread "Daemon worker" [_thread_blocked, id=10416, stack(0x00000043fc300000,0x00000043fc400000)]
  0x000001a94e345000 JavaThread "Asynchronous log dispatcher for DefaultDaemonConnection: socket connection from /127.0.0.1:63490 to /127.0.0.1:63539" [_thread_blocked, id=4200, stack(0x00000043fc400000,0x00000043fc500000)]
  0x000001a94e0a0800 JavaThread "Stdin handler" [_thread_blocked, id=17772, stack(0x00000043fc500000,0x00000043fc600000)]
  0x000001a94ddf2800 JavaThread "Daemon client event forwarder" [_thread_blocked, id=17828, stack(0x00000043fc600000,0x00000043fc700000)]
  0x000001a94ddf1800 JavaThread "Cache worker for journal cache (C:\Users\USIT\.gradle\caches\journal-1)" [_thread_blocked, id=7420, stack(0x00000043fc800000,0x00000043fc900000)]
  0x000001a94ddf3800 JavaThread "File lock request listener" [_thread_in_native, id=11920, stack(0x00000043fc900000,0x00000043fca00000)]
=>0x000001a94ddf4000 JavaThread "File lock release action executor" [_thread_in_vm, id=10780, stack(0x00000043fca00000,0x00000043fcb00000)]
  0x000001a94ddf5000 JavaThread "Cache worker for file hash cache (C:\Users\USIT\.gradle\caches\8.0.1\fileHashes)" [_thread_blocked, id=12524, stack(0x00000043fcb00000,0x00000043fcc00000)]
  0x000001a94ddf0000 JavaThread "File watcher server" daemon [_thread_in_native, id=33488, stack(0x00000043fcc00000,0x00000043fcd00000)]
  0x000001a94ddef800 JavaThread "File watcher consumer" daemon [_thread_blocked, id=29204, stack(0x00000043fcd00000,0x00000043fce00000)]
  0x000001a94ddf1000 JavaThread "Cache worker for checksums cache (D:\dablu\DeliveryApp\delivery\android\.gradle\8.0.1\checksums)" [_thread_blocked, id=12416, stack(0x00000043fce00000,0x00000043fcf00000)]
  0x000001a94ddf6000 JavaThread "Cache worker for cache directory md-rule (C:\Users\USIT\.gradle\caches\8.0.1\md-rule)" [_thread_blocked, id=18828, stack(0x00000043fcf00000,0x00000043fd000000)]
  0x000001a94df21800 JavaThread "Cache worker for file content cache (C:\Users\USIT\.gradle\caches\8.0.1\fileContent)" [_thread_blocked, id=292, stack(0x00000043fd000000,0x00000043fd100000)]
  0x000001a94df23000 JavaThread "Cache worker for file hash cache (D:\dablu\DeliveryApp\delivery\android\.gradle\8.0.1\fileHashes)" [_thread_blocked, id=34360, stack(0x00000043fd100000,0x00000043fd200000)]
  0x000001a94df21000 JavaThread "Cache worker for cache directory md-supplier (C:\Users\USIT\.gradle\caches\8.0.1\md-supplier)" [_thread_blocked, id=6916, stack(0x00000043fd200000,0x00000043fd300000)]
  0x000001a94df1f000 JavaThread "Cache worker for execution history cache (C:\Users\USIT\.gradle\caches\8.0.1\executionHistory)" [_thread_blocked, id=33180, stack(0x00000043fd300000,0x00000043fd400000)]

Other Threads:
  0x000001a94bb75000 VMThread "VM Thread" [stack: 0x00000043fb000000,0x00000043fb100000] [id=33836]
  0x000001a94c677800 WatcherThread [stack: 0x00000043fba00000,0x00000043fbb00000] [id=26644]
  0x000001a92e414800 GCTaskThread "GC Thread#0" [stack: 0x00000043fab00000,0x00000043fac00000] [id=32468]
  0x000001a94cfe5000 GCTaskThread "GC Thread#1" [stack: 0x00000043fbb00000,0x00000043fbc00000] [id=24804]
  0x000001a94c849800 GCTaskThread "GC Thread#2" [stack: 0x00000043fbc00000,0x00000043fbd00000] [id=27892]
  0x000001a94dc59800 GCTaskThread "GC Thread#3" [stack: 0x00000043fc700000,0x00000043fc800000] [id=6504]
  0x000001a92e444000 ConcurrentGCThread "G1 Main Marker" [stack: 0x00000043fac00000,0x00000043fad00000] [id=13936]
  0x000001a92e445800 ConcurrentGCThread "G1 Conc#0" [stack: 0x00000043fad00000,0x00000043fae00000] [id=33040]
  0x000001a92e4d2800 ConcurrentGCThread "G1 Refine#0" [stack: 0x00000043fae00000,0x00000043faf00000] [id=33052]
  0x000001a92e4d3800 ConcurrentGCThread "G1 Young RemSet Sampling" [stack: 0x00000043faf00000,0x00000043fb000000] [id=33056]

Threads with active compile tasks:

VM state:synchronizing (normal execution)

VM Mutex/Monitor currently owned by a thread:  ([mutex/lock_event])
[0x000001a92e3fa5e0] Threads_lock - owner thread: 0x000001a94bb75000
[0x000001a92e3fadc0] Heap_lock - owner thread: 0x000001a92e444000

Heap address: 0x0000000080000000, size: 2048 MB, Compressed Oops mode: 32-bit
Narrow klass base: 0x0000000000000000, Narrow klass shift: 3
Compressed class space size: 528482304 Address: 0x0000000100000000

Heap:
 garbage-first heap   total 131072K, used 23380K [0x0000000080000000, 0x0000000100000000)
  region size 1024K, 7 young (7168K), 5 survivors (5120K)
 Metaspace       used 31767K, capacity 32501K, committed 32688K, reserved 550912K
  class space    used 4239K, capacity 4544K, committed 4608K, reserved 516096K
Heap Regions: E=young(eden), S=young(survivor), O=old, HS=humongous(starts), HC=humongous(continues), CS=collection set, F=free, A=archive, TAMS=top-at-mark-start (previous, next)
|   0|0x0000000080000000, 0x0000000080100000, 0x0000000080100000|100%| O|  |TAMS 0x0000000080100000, 0x0000000080000000| Updating 
|   1|0x0000000080100000, 0x0000000080200000, 0x0000000080200000|100%| O|  |TAMS 0x0000000080200000, 0x0000000080100000| Updating 
|   2|0x0000000080200000, 0x0000000080300000, 0x0000000080300000|100%| O|  |TAMS 0x0000000080300000, 0x0000000080200000| Updating 
|   3|0x0000000080300000, 0x0000000080400000, 0x0000000080400000|100%|HS|  |TAMS 0x0000000080400000, 0x0000000080300000| Complete 
|   4|0x0000000080400000, 0x0000000080500000, 0x0000000080500000|100%|HC|  |TAMS 0x0000000080500000, 0x0000000080400000| Complete 
|   5|0x0000000080500000, 0x0000000080600000, 0x0000000080600000|100%|HC|  |TAMS 0x0000000080600000, 0x0000000080500000| Complete 
|   6|0x0000000080600000, 0x0000000080700000, 0x0000000080700000|100%|HC|  |TAMS 0x0000000080700000, 0x0000000080600000| Complete 
|   7|0x0000000080700000, 0x0000000080800000, 0x0000000080800000|100%| O|  |TAMS 0x0000000080800000, 0x0000000080700000| Updating 
|   8|0x0000000080800000, 0x0000000080900000, 0x0000000080900000|100%| O|  |TAMS 0x0000000080900000, 0x0000000080800000| Updating 
|   9|0x0000000080900000, 0x0000000080a00000, 0x0000000080a00000|100%| O|  |TAMS 0x0000000080a00000, 0x0000000080900000| Updating 
|  10|0x0000000080a00000, 0x0000000080b00000, 0x0000000080b00000|100%| O|  |TAMS 0x0000000080b00000, 0x0000000080a00000| Updating 
|  11|0x0000000080b00000, 0x0000000080c00000, 0x0000000080c00000|100%| O|  |TAMS 0x0000000080c00000, 0x0000000080b00000| Updating 
|  12|0x0000000080c00000, 0x0000000080d00000, 0x0000000080d00000|100%| O|  |TAMS 0x0000000080d00000, 0x0000000080c00000| Updating 
|  13|0x0000000080d00000, 0x0000000080e00000, 0x0000000080e00000|100%| O|  |TAMS 0x0000000080e00000, 0x0000000080d00000| Updating 
|  14|0x0000000080e00000, 0x0000000080f00000, 0x0000000080f00000|100%| O|  |TAMS 0x0000000080f00000, 0x0000000080e00000| Updating 
|  15|0x0000000080f00000, 0x0000000081000000, 0x0000000081000000|100%| O|  |TAMS 0x0000000081000000, 0x0000000080f00000| Updating 
|  16|0x0000000081000000, 0x00000000810fe400, 0x0000000081100000| 99%| O|  |TAMS 0x00000000810fe400, 0x0000000081000000| Updating 
|  17|0x0000000081100000, 0x0000000081100000, 0x0000000081200000|  0%| F|  |TAMS 0x0000000081100000, 0x0000000081100000| Untracked 
|  18|0x0000000081200000, 0x0000000081200000, 0x0000000081300000|  0%| F|  |TAMS 0x0000000081200000, 0x0000000081200000| Untracked 
|  19|0x0000000081300000, 0x0000000081300000, 0x0000000081400000|  0%| F|  |TAMS 0x0000000081300000, 0x0000000081300000| Untracked 
|  20|0x0000000081400000, 0x0000000081400000, 0x0000000081500000|  0%| F|  |TAMS 0x0000000081400000, 0x0000000081400000| Untracked 
|  21|0x0000000081500000, 0x0000000081500000, 0x0000000081600000|  0%| F|  |TAMS 0x0000000081500000, 0x0000000081500000| Untracked 
|  22|0x0000000081600000, 0x0000000081600000, 0x0000000081700000|  0%| F|  |TAMS 0x0000000081600000, 0x0000000081600000| Untracked 
|  23|0x0000000081700000, 0x0000000081700000, 0x0000000081800000|  0%| F|  |TAMS 0x0000000081700000, 0x0000000081700000| Untracked 
|  24|0x0000000081800000, 0x0000000081800000, 0x0000000081900000|  0%| F|  |TAMS 0x0000000081800000, 0x0000000081800000| Untracked 
|  25|0x0000000081900000, 0x0000000081900000, 0x0000000081a00000|  0%| F|  |TAMS 0x0000000081900000, 0x0000000081900000| Untracked 
|  26|0x0000000081a00000, 0x0000000081a00000, 0x0000000081b00000|  0%| F|  |TAMS 0x0000000081a00000, 0x0000000081a00000| Untracked 
|  27|0x0000000081b00000, 0x0000000081b00000, 0x0000000081c00000|  0%| F|  |TAMS 0x0000000081b00000, 0x0000000081b00000| Untracked 
|  28|0x0000000081c00000, 0x0000000081c00000, 0x0000000081d00000|  0%| F|  |TAMS 0x0000000081c00000, 0x0000000081c00000| Untracked 
|  29|0x0000000081d00000, 0x0000000081d00000, 0x0000000081e00000|  0%| F|  |TAMS 0x0000000081d00000, 0x0000000081d00000| Untracked 
|  30|0x0000000081e00000, 0x0000000081e00000, 0x0000000081f00000|  0%| F|  |TAMS 0x0000000081e00000, 0x0000000081e00000| Untracked 
|  31|0x0000000081f00000, 0x0000000081f00000, 0x0000000082000000|  0%| F|  |TAMS 0x0000000081f00000, 0x0000000081f00000| Untracked 
|  32|0x0000000082000000, 0x0000000082000000, 0x0000000082100000|  0%| F|  |TAMS 0x0000000082000000, 0x0000000082000000| Untracked 
|  33|0x0000000082100000, 0x0000000082100000, 0x0000000082200000|  0%| F|  |TAMS 0x0000000082100000, 0x0000000082100000| Untracked 
|  34|0x0000000082200000, 0x0000000082200000, 0x0000000082300000|  0%| F|  |TAMS 0x0000000082200000, 0x0000000082200000| Untracked 
|  35|0x0000000082300000, 0x0000000082300000, 0x0000000082400000|  0%| F|  |TAMS 0x0000000082300000, 0x0000000082300000| Untracked 
|  36|0x0000000082400000, 0x0000000082400000, 0x0000000082500000|  0%| F|  |TAMS 0x0000000082400000, 0x0000000082400000| Untracked 
|  37|0x0000000082500000, 0x0000000082500000, 0x0000000082600000|  0%| F|  |TAMS 0x0000000082500000, 0x0000000082500000| Untracked 
|  38|0x0000000082600000, 0x0000000082600000, 0x0000000082700000|  0%| F|  |TAMS 0x0000000082600000, 0x0000000082600000| Untracked 
|  39|0x0000000082700000, 0x0000000082700000, 0x0000000082800000|  0%| F|  |TAMS 0x0000000082700000, 0x0000000082700000| Untracked 
|  40|0x0000000082800000, 0x0000000082800000, 0x0000000082900000|  0%| F|  |TAMS 0x0000000082800000, 0x0000000082800000| Untracked 
|  41|0x0000000082900000, 0x0000000082900000, 0x0000000082a00000|  0%| F|  |TAMS 0x0000000082900000, 0x0000000082900000| Untracked 
|  42|0x0000000082a00000, 0x0000000082a00000, 0x0000000082b00000|  0%| F|  |TAMS 0x0000000082a00000, 0x0000000082a00000| Untracked 
|  43|0x0000000082b00000, 0x0000000082b00000, 0x0000000082c00000|  0%| F|  |TAMS 0x0000000082b00000, 0x0000000082b00000| Untracked 
|  44|0x0000000082c00000, 0x0000000082c00000, 0x0000000082d00000|  0%| F|  |TAMS 0x0000000082c00000, 0x0000000082c00000| Untracked 
|  45|0x0000000082d00000, 0x0000000082d00000, 0x0000000082e00000|  0%| F|  |TAMS 0x0000000082d00000, 0x0000000082d00000| Untracked 
|  46|0x0000000082e00000, 0x0000000082e00000, 0x0000000082f00000|  0%| F|  |TAMS 0x0000000082e00000, 0x0000000082e00000| Untracked 
|  47|0x0000000082f00000, 0x0000000082f00000, 0x0000000083000000|  0%| F|  |TAMS 0x0000000082f00000, 0x0000000082f00000| Untracked 
|  48|0x0000000083000000, 0x0000000083000000, 0x0000000083100000|  0%| F|  |TAMS 0x0000000083000000, 0x0000000083000000| Untracked 
|  49|0x0000000083100000, 0x0000000083100000, 0x0000000083200000|  0%| F|  |TAMS 0x0000000083100000, 0x0000000083100000| Untracked 
|  50|0x0000000083200000, 0x0000000083200000, 0x0000000083300000|  0%| F|  |TAMS 0x0000000083200000, 0x0000000083200000| Untracked 
|  51|0x0000000083300000, 0x0000000083300000, 0x0000000083400000|  0%| F|  |TAMS 0x0000000083300000, 0x0000000083300000| Untracked 
|  52|0x0000000083400000, 0x0000000083400000, 0x0000000083500000|  0%| F|  |TAMS 0x0000000083400000, 0x0000000083400000| Untracked 
|  53|0x0000000083500000, 0x0000000083500000, 0x0000000083600000|  0%| F|  |TAMS 0x0000000083500000, 0x0000000083500000| Untracked 
|  54|0x0000000083600000, 0x0000000083600000, 0x0000000083700000|  0%| F|  |TAMS 0x0000000083600000, 0x0000000083600000| Untracked 
|  55|0x0000000083700000, 0x0000000083700000, 0x0000000083800000|  0%| F|  |TAMS 0x0000000083700000, 0x0000000083700000| Untracked 
|  56|0x0000000083800000, 0x0000000083800000, 0x0000000083900000|  0%| F|  |TAMS 0x0000000083800000, 0x0000000083800000| Untracked 
|  57|0x0000000083900000, 0x0000000083900000, 0x0000000083a00000|  0%| F|  |TAMS 0x0000000083900000, 0x0000000083900000| Untracked 
|  58|0x0000000083a00000, 0x0000000083a00000, 0x0000000083b00000|  0%| F|  |TAMS 0x0000000083a00000, 0x0000000083a00000| Untracked 
|  59|0x0000000083b00000, 0x0000000083b00000, 0x0000000083c00000|  0%| F|  |TAMS 0x0000000083b00000, 0x0000000083b00000| Untracked 
|  60|0x0000000083c00000, 0x0000000083c00000, 0x0000000083d00000|  0%| F|  |TAMS 0x0000000083c00000, 0x0000000083c00000| Untracked 
|  61|0x0000000083d00000, 0x0000000083d00000, 0x0000000083e00000|  0%| F|  |TAMS 0x0000000083d00000, 0x0000000083d00000| Untracked 
|  62|0x0000000083e00000, 0x0000000083e00000, 0x0000000083f00000|  0%| F|  |TAMS 0x0000000083e00000, 0x0000000083e00000| Untracked 
|  63|0x0000000083f00000, 0x0000000083f00000, 0x0000000084000000|  0%| F|  |TAMS 0x0000000083f00000, 0x0000000083f00000| Untracked 
|  64|0x0000000084000000, 0x0000000084000000, 0x0000000084100000|  0%| F|  |TAMS 0x0000000084000000, 0x0000000084000000| Untracked 
|  65|0x0000000084100000, 0x0000000084100000, 0x0000000084200000|  0%| F|  |TAMS 0x0000000084100000, 0x0000000084100000| Untracked 
|  66|0x0000000084200000, 0x0000000084200000, 0x0000000084300000|  0%| F|  |TAMS 0x0000000084200000, 0x0000000084200000| Untracked 
|  67|0x0000000084300000, 0x0000000084300000, 0x0000000084400000|  0%| F|  |TAMS 0x0000000084300000, 0x0000000084300000| Untracked 
|  68|0x0000000084400000, 0x0000000084400000, 0x0000000084500000|  0%| F|  |TAMS 0x0000000084400000, 0x0000000084400000| Untracked 
|  69|0x0000000084500000, 0x0000000084500000, 0x0000000084600000|  0%| F|  |TAMS 0x0000000084500000, 0x0000000084500000| Untracked 
|  70|0x0000000084600000, 0x0000000084600000, 0x0000000084700000|  0%| F|  |TAMS 0x0000000084600000, 0x0000000084600000| Untracked 
|  71|0x0000000084700000, 0x0000000084700000, 0x0000000084800000|  0%| F|  |TAMS 0x0000000084700000, 0x0000000084700000| Untracked 
|  72|0x0000000084800000, 0x0000000084800000, 0x0000000084900000|  0%| F|  |TAMS 0x0000000084800000, 0x0000000084800000| Untracked 
|  73|0x0000000084900000, 0x0000000084900000, 0x0000000084a00000|  0%| F|  |TAMS 0x0000000084900000, 0x0000000084900000| Untracked 
|  74|0x0000000084a00000, 0x0000000084a00000, 0x0000000084b00000|  0%| F|  |TAMS 0x0000000084a00000, 0x0000000084a00000| Untracked 
|  75|0x0000000084b00000, 0x0000000084b00000, 0x0000000084c00000|  0%| F|  |TAMS 0x0000000084b00000, 0x0000000084b00000| Untracked 
|  76|0x0000000084c00000, 0x0000000084c00000, 0x0000000084d00000|  0%| F|  |TAMS 0x0000000084c00000, 0x0000000084c00000| Untracked 
|  77|0x0000000084d00000, 0x0000000084d00000, 0x0000000084e00000|  0%| F|  |TAMS 0x0000000084d00000, 0x0000000084d00000| Untracked 
|  78|0x0000000084e00000, 0x0000000084e00000, 0x0000000084f00000|  0%| F|  |TAMS 0x0000000084e00000, 0x0000000084e00000| Untracked 
|  79|0x0000000084f00000, 0x0000000084f00000, 0x0000000085000000|  0%| F|  |TAMS 0x0000000084f00000, 0x0000000084f00000| Untracked 
|  80|0x0000000085000000, 0x0000000085000000, 0x0000000085100000|  0%| F|  |TAMS 0x0000000085000000, 0x0000000085000000| Untracked 
|  81|0x0000000085100000, 0x0000000085100000, 0x0000000085200000|  0%| F|  |TAMS 0x0000000085100000, 0x0000000085100000| Untracked 
|  82|0x0000000085200000, 0x0000000085200000, 0x0000000085300000|  0%| F|  |TAMS 0x0000000085200000, 0x0000000085200000| Untracked 
|  83|0x0000000085300000, 0x0000000085300000, 0x0000000085400000|  0%| F|  |TAMS 0x0000000085300000, 0x0000000085300000| Untracked 
|  84|0x0000000085400000, 0x0000000085400000, 0x0000000085500000|  0%| F|  |TAMS 0x0000000085400000, 0x0000000085400000| Untracked 
|  85|0x0000000085500000, 0x0000000085500000, 0x0000000085600000|  0%| F|  |TAMS 0x0000000085500000, 0x0000000085500000| Untracked 
|  86|0x0000000085600000, 0x0000000085600000, 0x0000000085700000|  0%| F|  |TAMS 0x0000000085600000, 0x0000000085600000| Untracked 
|  87|0x0000000085700000, 0x0000000085700000, 0x0000000085800000|  0%| F|  |TAMS 0x0000000085700000, 0x0000000085700000| Untracked 
|  88|0x0000000085800000, 0x0000000085800000, 0x0000000085900000|  0%| F|  |TAMS 0x0000000085800000, 0x0000000085800000| Untracked 
|  89|0x0000000085900000, 0x0000000085900000, 0x0000000085a00000|  0%| F|  |TAMS 0x0000000085900000, 0x0000000085900000| Untracked 
|  90|0x0000000085a00000, 0x0000000085a00000, 0x0000000085b00000|  0%| F|  |TAMS 0x0000000085a00000, 0x0000000085a00000| Untracked 
|  91|0x0000000085b00000, 0x0000000085b00000, 0x0000000085c00000|  0%| F|  |TAMS 0x0000000085b00000, 0x0000000085b00000| Untracked 
|  92|0x0000000085c00000, 0x0000000085c00000, 0x0000000085d00000|  0%| F|  |TAMS 0x0000000085c00000, 0x0000000085c00000| Untracked 
|  93|0x0000000085d00000, 0x0000000085d00000, 0x0000000085e00000|  0%| F|  |TAMS 0x0000000085d00000, 0x0000000085d00000| Untracked 
|  94|0x0000000085e00000, 0x0000000085e00000, 0x0000000085f00000|  0%| F|  |TAMS 0x0000000085e00000, 0x0000000085e00000| Untracked 
|  95|0x0000000085f00000, 0x0000000085f00000, 0x0000000086000000|  0%| F|  |TAMS 0x0000000085f00000, 0x0000000085f00000| Untracked 
|  96|0x0000000086000000, 0x0000000086000000, 0x0000000086100000|  0%| F|  |TAMS 0x0000000086000000, 0x0000000086000000| Untracked 
|  97|0x0000000086100000, 0x0000000086100000, 0x0000000086200000|  0%| F|  |TAMS 0x0000000086100000, 0x0000000086100000| Untracked 
|  98|0x0000000086200000, 0x0000000086200000, 0x0000000086300000|  0%| F|  |TAMS 0x0000000086200000, 0x0000000086200000| Untracked 
|  99|0x0000000086300000, 0x0000000086300000, 0x0000000086400000|  0%| F|  |TAMS 0x0000000086300000, 0x0000000086300000| Untracked 
| 100|0x0000000086400000, 0x0000000086400000, 0x0000000086500000|  0%| F|  |TAMS 0x0000000086400000, 0x0000000086400000| Untracked 
| 101|0x0000000086500000, 0x00000000865d6f60, 0x0000000086600000| 83%| S|CS|TAMS 0x0000000086500000, 0x0000000086500000| Complete 
| 102|0x0000000086600000, 0x0000000086700000, 0x0000000086700000|100%| S|CS|TAMS 0x0000000086600000, 0x0000000086600000| Complete 
| 103|0x0000000086700000, 0x0000000086800000, 0x0000000086800000|100%| S|CS|TAMS 0x0000000086700000, 0x0000000086700000| Complete 
| 104|0x0000000086800000, 0x0000000086900000, 0x0000000086900000|100%| S|CS|TAMS 0x0000000086800000, 0x0000000086800000| Complete 
| 105|0x0000000086900000, 0x0000000086a00000, 0x0000000086a00000|100%| S|CS|TAMS 0x0000000086900000, 0x0000000086900000| Complete 
| 106|0x0000000086a00000, 0x0000000086a00000, 0x0000000086b00000|  0%| F|  |TAMS 0x0000000086a00000, 0x0000000086a00000| Untracked 
| 107|0x0000000086b00000, 0x0000000086b00000, 0x0000000086c00000|  0%| F|  |TAMS 0x0000000086b00000, 0x0000000086b00000| Untracked 
| 108|0x0000000086c00000, 0x0000000086c00000, 0x0000000086d00000|  0%| F|  |TAMS 0x0000000086c00000, 0x0000000086c00000| Untracked 
| 109|0x0000000086d00000, 0x0000000086d00000, 0x0000000086e00000|  0%| F|  |TAMS 0x0000000086d00000, 0x0000000086d00000| Untracked 
| 110|0x0000000086e00000, 0x0000000086e00000, 0x0000000086f00000|  0%| F|  |TAMS 0x0000000086e00000, 0x0000000086e00000| Untracked 
| 111|0x0000000086f00000, 0x0000000086f00000, 0x0000000087000000|  0%| F|  |TAMS 0x0000000086f00000, 0x0000000086f00000| Untracked 
| 112|0x0000000087000000, 0x0000000087000000, 0x0000000087100000|  0%| F|  |TAMS 0x0000000087000000, 0x0000000087000000| Untracked 
| 113|0x0000000087100000, 0x0000000087100000, 0x0000000087200000|  0%| F|  |TAMS 0x0000000087100000, 0x0000000087100000| Untracked 
| 114|0x0000000087200000, 0x0000000087200000, 0x0000000087300000|  0%| F|  |TAMS 0x0000000087200000, 0x0000000087200000| Untracked 
| 115|0x0000000087300000, 0x0000000087300000, 0x0000000087400000|  0%| F|  |TAMS 0x0000000087300000, 0x0000000087300000| Untracked 
| 116|0x0000000087400000, 0x0000000087400000, 0x0000000087500000|  0%| F|  |TAMS 0x0000000087400000, 0x0000000087400000| Untracked 
| 117|0x0000000087500000, 0x0000000087500000, 0x0000000087600000|  0%| F|  |TAMS 0x0000000087500000, 0x0000000087500000| Untracked 
| 118|0x0000000087600000, 0x0000000087600000, 0x0000000087700000|  0%| F|  |TAMS 0x0000000087600000, 0x0000000087600000| Untracked 
| 119|0x0000000087700000, 0x0000000087700000, 0x0000000087800000|  0%| F|  |TAMS 0x0000000087700000, 0x0000000087700000| Untracked 
| 120|0x0000000087800000, 0x0000000087800000, 0x0000000087900000|  0%| F|  |TAMS 0x0000000087800000, 0x0000000087800000| Untracked 
| 121|0x0000000087900000, 0x0000000087900000, 0x0000000087a00000|  0%| F|  |TAMS 0x0000000087900000, 0x0000000087900000| Untracked 
| 122|0x0000000087a00000, 0x0000000087a00000, 0x0000000087b00000|  0%| F|  |TAMS 0x0000000087a00000, 0x0000000087a00000| Untracked 
| 123|0x0000000087b00000, 0x0000000087b00000, 0x0000000087c00000|  0%| F|  |TAMS 0x0000000087b00000, 0x0000000087b00000| Untracked 
| 124|0x0000000087c00000, 0x0000000087c00000, 0x0000000087d00000|  0%| F|  |TAMS 0x0000000087c00000, 0x0000000087c00000| Untracked 
| 125|0x0000000087d00000, 0x0000000087d00000, 0x0000000087e00000|  0%| F|  |TAMS 0x0000000087d00000, 0x0000000087d00000| Untracked 
| 126|0x0000000087e00000, 0x0000000087e16310, 0x0000000087f00000|  8%| E|  |TAMS 0x0000000087e00000, 0x0000000087e00000| Complete 
| 127|0x0000000087f00000, 0x0000000088000000, 0x0000000088000000|100%| E|CS|TAMS 0x0000000087f00000, 0x0000000087f00000| Complete 

Card table byte_map: [0x000001a944eb0000,0x000001a9452b0000] _byte_map_base: 0x000001a944ab0000

Marking Bits (Prev, Next): (CMBitMap*) 0x000001a92e43b448, (CMBitMap*) 0x000001a92e43b480
 Prev Bits: [0x000001a9456b0000, 0x000001a9476b0000)
 Next Bits: [0x000001a9476b0000, 0x000001a9496b0000)

Polling page: 0x000001a92dbe0000

Metaspace:

Usage:
  Non-class:     27.30 MB capacity,    26.88 MB ( 98%) used,   354.98 KB (  1%) free+waste,    73.31 KB ( <1%) overhead. 
      Class:      4.44 MB capacity,     4.14 MB ( 93%) used,   266.91 KB (  6%) free+waste,    37.81 KB ( <1%) overhead. 
       Both:     31.74 MB capacity,    31.02 MB ( 98%) used,   621.89 KB (  2%) free+waste,   111.13 KB ( <1%) overhead. 

Virtual space:
  Non-class space:       34.00 MB reserved,      27.42 MB ( 81%) committed 
      Class space:      504.00 MB reserved,       4.50 MB ( <1%) committed 
             Both:      538.00 MB reserved,      31.92 MB (  6%) committed 

Chunk freelists:
   Non-Class:  7.38 KB
       Class:  0 bytes
        Both:  7.38 KB

CodeHeap 'non-profiled nmethods': size=120064Kb used=1476Kb max_used=1476Kb free=118587Kb
 bounds [0x000001a93d570000, 0x000001a93d7e0000, 0x000001a944ab0000]
CodeHeap 'profiled nmethods': size=120000Kb used=6480Kb max_used=6480Kb free=113519Kb
 bounds [0x000001a936040000, 0x000001a9366a0000, 0x000001a93d570000]
CodeHeap 'non-nmethods': size=5696Kb used=1170Kb max_used=1200Kb free=4525Kb
 bounds [0x000001a935ab0000, 0x000001a935d20000, 0x000001a936040000]
 total_blobs=3588 nmethods=3071 adapters=428
 compilation: enabled
              stopped_count=0, restarted_count=0
 full_count=0

Compilation events (10 events):
Event: 304.098 Thread 0x000001a94c4f3800 3067       3       org.objectweb.asm.MethodWriter::visitTypeInsn (116 bytes)
Event: 304.099 Thread 0x000001a94c4f3800 nmethod 3067 0x000001a936690890 code [0x000001a936690a80, 0x000001a936690ee8]
Event: 304.113 Thread 0x000001a94c4f1800 3068       4       java.lang.String::equalsIgnoreCase (45 bytes)
Event: 304.116 Thread 0x000001a94c4f3800 3070   !   3       java.lang.invoke.LambdaForm::compileToBytecode (162 bytes)
Event: 304.120 Thread 0x000001a94c4f3800 nmethod 3070 0x000001a936691110 code [0x000001a9366914c0, 0x000001a936692b38]
Event: 304.128 Thread 0x000001a94c4f1800 nmethod 3068 0x000001a93d6dfd90 code [0x000001a93d6dff40, 0x000001a93d6e04f8]
Event: 304.130 Thread 0x000001a94c4f3800 3075       3       java.lang.invoke.LambdaForm::methodType (48 bytes)
Event: 304.130 Thread 0x000001a94c4f3800 nmethod 3075 0x000001a936693790 code [0x000001a936693980, 0x000001a936693f38]
Event: 304.140 Thread 0x000001a94c4f1800 3076       4       java.lang.reflect.AccessibleObject::setAccessible0 (7 bytes)
Event: 304.140 Thread 0x000001a94c4f1800 nmethod 3076 0x000001a93d6e1010 code [0x000001a93d6e1180, 0x000001a93d6e11f8]

GC Heap History (10 events):
Event: 266.064 GC heap before
{Heap before GC invocations=3 (full 0):
 garbage-first heap   total 131072K, used 54452K [0x0000000080000000, 0x0000000100000000)
  region size 1024K, 45 young (46080K), 4 survivors (4096K)
 Metaspace       used 17767K, capacity 18165K, committed 18432K, reserved 532480K
  class space    used 2062K, capacity 2211K, committed 2304K, reserved 516096K
}
Event: 266.570 GC heap after
{Heap after GC invocations=4 (full 0):
 garbage-first heap   total 131072K, used 17174K [0x0000000080000000, 0x0000000100000000)
  region size 1024K, 6 young (6144K), 6 survivors (6144K)
 Metaspace       used 17767K, capacity 18165K, committed 18432K, reserved 532480K
  class space    used 2062K, capacity 2211K, committed 2304K, reserved 516096K
}
Event: 277.185 GC heap before
{Heap before GC invocations=4 (full 0):
 garbage-first heap   total 131072K, used 40726K [0x0000000080000000, 0x0000000100000000)
  region size 1024K, 30 young (30720K), 6 survivors (6144K)
 Metaspace       used 20834K, capacity 21224K, committed 21296K, reserved 536576K
  class space    used 2512K, capacity 2686K, committed 2688K, reserved 516096K
}
Event: 277.199 GC heap after
{Heap after GC invocations=5 (full 0):
 garbage-first heap   total 131072K, used 18425K [0x0000000080000000, 0x0000000100000000)
  region size 1024K, 1 young (1024K), 1 survivors (1024K)
 Metaspace       used 20834K, capacity 21224K, committed 21296K, reserved 536576K
  class space    used 2512K, capacity 2686K, committed 2688K, reserved 516096K
}
Event: 289.308 GC heap before
{Heap before GC invocations=6 (full 0):
 garbage-first heap   total 131072K, used 63481K [0x0000000080000000, 0x0000000100000000)
  region size 1024K, 45 young (46080K), 1 survivors (1024K)
 Metaspace       used 24568K, capacity 25191K, committed 25392K, reserved 538624K
  class space    used 3139K, capacity 3351K, committed 3456K, reserved 516096K
}
Event: 289.313 GC heap after
{Heap after GC invocations=7 (full 0):
 garbage-first heap   total 131072K, used 19959K [0x0000000080000000, 0x0000000100000000)
  region size 1024K, 3 young (3072K), 3 survivors (3072K)
 Metaspace       used 24568K, capacity 25191K, committed 25392K, reserved 538624K
  class space    used 3139K, capacity 3351K, committed 3456K, reserved 516096K
}
Event: 300.071 GC heap before
{Heap before GC invocations=7 (full 0):
 garbage-first heap   total 131072K, used 71159K [0x0000000080000000, 0x0000000100000000)
  region size 1024K, 53 young (54272K), 3 survivors (3072K)
 Metaspace       used 29336K, capacity 30005K, committed 30256K, reserved 542720K
  class space    used 3887K, capacity 4179K, committed 4224K, reserved 516096K
}
Event: 300.079 GC heap after
{Heap after GC invocations=8 (full 0):
 garbage-first heap   total 131072K, used 21512K [0x0000000080000000, 0x0000000100000000)
  region size 1024K, 5 young (5120K), 5 survivors (5120K)
 Metaspace       used 29336K, capacity 30005K, committed 30256K, reserved 542720K
  class space    used 3887K, capacity 4179K, committed 4224K, reserved 516096K
}
Event: 304.525 GC heap before
{Heap before GC invocations=8 (full 0):
 garbage-first heap   total 131072K, used 43016K [0x0000000080000000, 0x0000000100000000)
  region size 1024K, 27 young (27648K), 5 survivors (5120K)
 Metaspace       used 31610K, capacity 32277K, committed 32432K, reserved 550912K
  class space    used 4218K, capacity 4512K, committed 4608K, reserved 516096K
}
Event: 304.536 GC heap after
{Heap after GC invocations=9 (full 0):
 garbage-first heap   total 131072K, used 22356K [0x0000000080000000, 0x0000000100000000)
  region size 1024K, 5 young (5120K), 5 survivors (5120K)
 Metaspace       used 31610K, capacity 32277K, committed 32432K, reserved 550912K
  class space    used 4218K, capacity 4512K, committed 4608K, reserved 516096K
}

Deoptimization events (10 events):
Event: 278.923 Thread 0x000001a94e736800 Uncommon trap: reason=bimorphic_or_optimized_type_check action=maybe_recompile pc=0x000001a93d5e5f34 method=java.util.AbstractList$Itr.next()Ljava/lang/Object; @ 14 c2
Event: 278.924 Thread 0x000001a94e736800 Uncommon trap: reason=unstable_if action=reinterpret pc=0x000001a93d5e0904 method=java.io.File.getName()Ljava/lang/String; @ 16 c2
Event: 278.924 Thread 0x000001a94e736800 Uncommon trap: reason=unstable_if action=reinterpret pc=0x000001a93d5e1314 method=java.lang.String.substring(I)Ljava/lang/String; @ 34 c2
Event: 279.964 Thread 0x000001a94e736800 Uncommon trap: reason=intrinsic_or_type_checked_inlining action=make_not_entrant pc=0x000001a93d676758 method=java.util.Arrays.copyOf([Ljava/lang/Object;ILjava/lang/Class;)[Ljava/lang/Object; @ 35 c2
Event: 289.335 Thread 0x000001a94e736800 Uncommon trap: reason=unstable_if action=reinterpret pc=0x000001a93d5946f4 method=java.util.HashMap.hash(Ljava/lang/Object;)I @ 1 c2
Event: 291.843 Thread 0x000001a94e736800 Uncommon trap: reason=predicate action=maybe_recompile pc=0x000001a93d6a927c method=com.google.common.base.CharMatcher.indexIn(Ljava/lang/CharSequence;I)I @ 19 c2
Event: 297.505 Thread 0x000001a94e736800 Uncommon trap: reason=unstable_if action=reinterpret pc=0x000001a93d6630ac method=java.util.HashMap.hash(Ljava/lang/Object;)I @ 1 c2
Event: 297.505 Thread 0x000001a94e736800 Uncommon trap: reason=unstable_if action=reinterpret pc=0x000001a93d6222ac method=java.util.HashMap.hash(Ljava/lang/Object;)I @ 1 c2
Event: 298.517 Thread 0x000001a94e736800 Uncommon trap: reason=unstable_if action=reinterpret pc=0x000001a93d6c1864 method=java.util.regex.Pattern$BmpCharProperty.match(Ljava/util/regex/Matcher;ILjava/lang/CharSequence;)Z @ 39 c2
Event: 303.872 Thread 0x000001a94e736800 Uncommon trap: reason=unstable_if action=reinterpret pc=0x000001a93d663cd0 method=java.util.HashMap.putVal(ILjava/lang/Object;Ljava/lang/Object;ZZ)Ljava/lang/Object; @ 162 c2

Classes redefined (0 events):
No events

Internal exceptions (10 events):
Event: 297.505 Thread 0x000001a94e736800 Implicit null exception at 0x000001a93d62222f to 0x000001a93d62229d
Event: 298.524 Thread 0x000001a94e736800 Exception <a 'java/lang/NoSuchMethodError'{0x00000000854703c8}: java.lang.invoke.DirectMethodHandle$Holder.invokeSpecial(Ljava/lang/Object;Ljava/lang/Object;Ljava/lang/Object;Ljava/lang/Object;Ljava/lang/Object;Ljava/lang/Object;Ljava/lang/Object;Ljava/la
Event: 298.526 Thread 0x000001a94e736800 Exception <a 'java/lang/NoSuchMethodError'{0x0000000085481f38}: java.lang.invoke.Invokers$Holder.linkToTargetMethod(Ljava/lang/Object;Ljava/lang/Object;Ljava/lang/Object;Ljava/lang/Object;Ljava/lang/Object;Ljava/lang/Object;Ljava/lang/Object;Ljava/lang/Ob
Event: 298.538 Thread 0x000001a94e736800 Exception <a 'java/lang/NoSuchMethodError'{0x0000000085326458}: java.lang.invoke.DirectMethodHandle$Holder.invokeSpecial(Ljava/lang/Object;Ljava/lang/Object;Ljava/lang/Object;Ljava/lang/Object;Ljava/lang/Object;Ljava/lang/Object;Ljava/lang/Object;Ljava/la
Event: 298.539 Thread 0x000001a94e736800 Exception <a 'java/lang/NoSuchMethodError'{0x0000000085337cc0}: java.lang.invoke.Invokers$Holder.linkToTargetMethod(Ljava/lang/Object;Ljava/lang/Object;Ljava/lang/Object;Ljava/lang/Object;Ljava/lang/Object;Ljava/lang/Object;Ljava/lang/Object;Ljava/lang/Ob
Event: 299.476 Thread 0x000001a94e736800 Exception <a 'java/lang/NoSuchMethodError'{0x0000000084f34678}: java.lang.invoke.DirectMethodHandle$Holder.invokeStaticInit(Ljava/lang/Object;Ljava/lang/Object;Ljava/lang/Object;Ljava/lang/Object;)Ljava/lang/Object;> (0x0000000084f34678) thrown at [./open
Event: 302.527 Thread 0x000001a94e736800 Exception <a 'java/lang/NoSuchMethodError'{0x000000008741f1f8}: java.lang.invoke.Invokers$Holder.linkToTargetMethod(Ljava/lang/Object;Ljava/lang/Object;Ljava/lang/Object;Ljava/lang/Object;Ljava/lang/Object;Ljava/lang/Object;Ljava/lang/Object;Ljava/lang/Ob
Event: 302.536 Thread 0x000001a94e736800 Exception <a 'java/lang/IncompatibleClassChangeError'{0x00000000874a1010}: Found class java.lang.Object, but interface was expected> (0x00000000874a1010) thrown at [./open/src/hotspot/share/interpreter/linkResolver.cpp, line 838]
Event: 304.122 Thread 0x000001a94e736800 Exception <a 'java/lang/NoSuchMethodError'{0x0000000086c076f0}: java.lang.invoke.Invokers$Holder.linkToTargetMethod(Ljava/lang/Object;IILjava/lang/Object;)Ljava/lang/Object;> (0x0000000086c076f0) thrown at [./open/src/hotspot/share/interpreter/linkResolve
Event: 304.129 Thread 0x000001a94e736800 Exception <a 'java/lang/NoSuchMethodError'{0x0000000086c1df50}: java.lang.invoke.DirectMethodHandle$Holder.invokeStatic(Ljava/lang/Object;Ljava/lang/Object;IILjava/lang/Object;Ljava/lang/Object;)Ljava/lang/Object;> (0x0000000086c1df50) thrown at [./open/s

Events (10 events):
Event: 304.523 loading class org/codehaus/groovy/util/SingleKeyHashMap$Copier
Event: 304.523 loading class org/codehaus/groovy/util/SingleKeyHashMap$Copier done
Event: 304.523 loading class groovy/lang/Tuple2
Event: 304.523 loading class groovy/lang/Tuple2 done
Event: 304.524 loading class groovy/lang/Tuple
Event: 304.524 loading class groovy/lang/Tuple done
Event: 304.524 Executing VM operation: CollectForMetadataAllocation
Event: 304.536 Executing VM operation: CollectForMetadataAllocation done
Event: 304.537 loading class org/codehaus/groovy/util/FastArray
Event: 304.537 loading class org/codehaus/groovy/util/FastArray done


Dynamic libraries:
0x00007ff739730000 - 0x00007ff73973f000 	C:\Program Files\Java\jdk-11.0.15.1\bin\java.exe
0x00007ff91d850000 - 0x00007ff91da47000 	C:\Windows\SYSTEM32\ntdll.dll
0x00007ff91d6f0000 - 0x00007ff91d7ad000 	C:\Windows\System32\KERNEL32.DLL
0x00007ff91b460000 - 0x00007ff91b756000 	C:\Windows\System32\KERNELBASE.dll
0x00007ff91b360000 - 0x00007ff91b460000 	C:\Windows\System32\ucrtbase.dll
0x00007ff8f5cf0000 - 0x00007ff8f5d08000 	C:\Program Files\Java\jdk-11.0.15.1\bin\jli.dll
0x00007ff91d200000 - 0x00007ff91d2ae000 	C:\Windows\System32\ADVAPI32.dll
0x00007ff91c360000 - 0x00007ff91c3fe000 	C:\Windows\System32\msvcrt.dll
0x00007ff91c410000 - 0x00007ff91c4ac000 	C:\Windows\System32\sechost.dll
0x00007ff91d5c0000 - 0x00007ff91d6e6000 	C:\Windows\System32\RPCRT4.dll
0x00007ff91d420000 - 0x00007ff91d5be000 	C:\Windows\System32\USER32.dll
0x00007ff91b2a0000 - 0x00007ff91b2c2000 	C:\Windows\System32\win32u.dll
0x00007ff91ccc0000 - 0x00007ff91ccec000 	C:\Windows\System32\GDI32.dll
0x00007ff91b150000 - 0x00007ff91b26a000 	C:\Windows\System32\gdi32full.dll
0x00007ff91b760000 - 0x00007ff91b7fd000 	C:\Windows\System32\msvcp_win.dll
0x00007ff8f60f0000 - 0x00007ff8f6105000 	C:\Program Files\Java\jdk-11.0.15.1\bin\VCRUNTIME140.dll
0x00007ff9094b0000 - 0x00007ff90974a000 	C:\Windows\WinSxS\amd64_microsoft.windows.common-controls_6595b64144ccf1df_6.0.19041.3570_none_60bb2a3971f3e41a\COMCTL32.dll
0x00007ff915390000 - 0x00007ff91539a000 	C:\Windows\SYSTEM32\VERSION.dll
0x00007ff91c2b0000 - 0x00007ff91c2e0000 	C:\Windows\System32\IMM32.DLL
0x00007ff8cfcb0000 - 0x00007ff8cfd4b000 	C:\Program Files\Java\jdk-11.0.15.1\bin\msvcp140.dll
0x00007ff8c4cf0000 - 0x00007ff8c5806000 	C:\Program Files\Java\jdk-11.0.15.1\bin\server\jvm.dll
0x00007ff91c400000 - 0x00007ff91c408000 	C:\Windows\System32\PSAPI.DLL
0x00007ff913440000 - 0x00007ff913449000 	C:\Windows\SYSTEM32\WSOCK32.dll
0x00007ff91d310000 - 0x00007ff91d37b000 	C:\Windows\System32\WS2_32.dll
0x00007ff8fe170000 - 0x00007ff8fe197000 	C:\Windows\SYSTEM32\WINMM.dll
0x00007ff918dd0000 - 0x00007ff918de2000 	C:\Windows\SYSTEM32\kernel.appcore.dll
0x00007ff916400000 - 0x00007ff916410000 	C:\Program Files\Java\jdk-11.0.15.1\bin\verify.dll
0x00007ff9053f0000 - 0x00007ff9055d4000 	C:\Windows\SYSTEM32\DBGHELP.DLL
0x00007ff8fe050000 - 0x00007ff8fe084000 	C:\Windows\SYSTEM32\dbgcore.DLL
0x00007ff91b2d0000 - 0x00007ff91b352000 	C:\Windows\System32\bcryptPrimitives.dll
0x00007ff8e7ff0000 - 0x00007ff8e8018000 	C:\Program Files\Java\jdk-11.0.15.1\bin\java.dll
0x00007ff90def0000 - 0x00007ff90defa000 	C:\Program Files\Java\jdk-11.0.15.1\bin\jimage.dll
0x00007ff8f1320000 - 0x00007ff8f1336000 	C:\Program Files\Java\jdk-11.0.15.1\bin\zip.dll
0x00007ff91b970000 - 0x00007ff91c0b4000 	C:\Windows\System32\SHELL32.dll
0x00007ff918fd0000 - 0x00007ff91976b000 	C:\Windows\SYSTEM32\windows.storage.dll
0x00007ff91cea0000 - 0x00007ff91d1f4000 	C:\Windows\System32\combase.dll
0x00007ff91a900000 - 0x00007ff91a92d000 	C:\Windows\SYSTEM32\Wldp.dll
0x00007ff91b8c0000 - 0x00007ff91b96d000 	C:\Windows\System32\SHCORE.dll
0x00007ff91c5e0000 - 0x00007ff91c635000 	C:\Windows\System32\shlwapi.dll
0x00007ff91ae60000 - 0x00007ff91ae85000 	C:\Windows\SYSTEM32\profapi.dll
0x00007ff8efe60000 - 0x00007ff8efe79000 	C:\Program Files\Java\jdk-11.0.15.1\bin\net.dll
0x00007ff90c500000 - 0x00007ff90c60a000 	C:\Windows\SYSTEM32\WINHTTP.dll
0x00007ff91a660000 - 0x00007ff91a6ca000 	C:\Windows\system32\mswsock.dll
0x00007ff8ee6a0000 - 0x00007ff8ee6b2000 	C:\Program Files\Java\jdk-11.0.15.1\bin\nio.dll
0x00007ff8fa710000 - 0x00007ff8fa737000 	C:\Users\USIT\.gradle\native\68d5fa5c4cc2d200863cafc0d521ce42e7d3e7ee720ec0a83991735586a16f82\windows-amd64\native-platform.dll
0x00007ff8dfee0000 - 0x00007ff8e0024000 	C:\Users\USIT\.gradle\native\e376f236ea51e6404a007f0833ffe2c6e607c4080706a723a18a27aeea778392\windows-amd64\native-platform-file-events.dll
0x00007ff8fe110000 - 0x00007ff8fe119000 	C:\Program Files\Java\jdk-11.0.15.1\bin\management.dll
0x00007ff8fc4b0000 - 0x00007ff8fc4bb000 	C:\Program Files\Java\jdk-11.0.15.1\bin\management_ext.dll
0x00007ff91a860000 - 0x00007ff91a878000 	C:\Windows\SYSTEM32\CRYPTSP.dll
0x00007ff919f10000 - 0x00007ff919f44000 	C:\Windows\system32\rsaenh.dll
0x00007ff91b270000 - 0x00007ff91b297000 	C:\Windows\System32\bcrypt.dll
0x00007ff91ade0000 - 0x00007ff91ae0e000 	C:\Windows\SYSTEM32\USERENV.dll
0x00007ff91a850000 - 0x00007ff91a85c000 	C:\Windows\SYSTEM32\CRYPTBASE.dll
0x00007ff91a350000 - 0x00007ff91a38b000 	C:\Windows\SYSTEM32\IPHLPAPI.DLL
0x00007ff91d380000 - 0x00007ff91d388000 	C:\Windows\System32\NSI.dll
0x00007ff90d1d0000 - 0x00007ff90d1e7000 	C:\Windows\SYSTEM32\dhcpcsvc6.DLL
0x00007ff912de0000 - 0x00007ff912dfd000 	C:\Windows\SYSTEM32\dhcpcsvc.DLL
0x00007ff91a390000 - 0x00007ff91a45a000 	C:\Windows\SYSTEM32\DNSAPI.dll

dbghelp: loaded successfully - version: 4.0.5 - missing functions: none
symbol engine: initialized successfully - sym options: 0x614 - pdb path: .;C:\Program Files\Java\jdk-11.0.15.1\bin;C:\Windows\SYSTEM32;C:\Windows\WinSxS\amd64_microsoft.windows.common-controls_6595b64144ccf1df_6.0.19041.3570_none_60bb2a3971f3e41a;C:\Program Files\Java\jdk-11.0.15.1\bin\server;C:\Users\USIT\.gradle\native\68d5fa5c4cc2d200863cafc0d521ce42e7d3e7ee720ec0a83991735586a16f82\windows-amd64;C:\Users\USIT\.gradle\native\e376f236ea51e6404a007f0833ffe2c6e607c4080706a723a18a27aeea778392\windows-amd64

VM Arguments:
jvm_args: -XX:MaxMetaspaceSize=512m --add-opens=java.base/java.util=ALL-UNNAMED --add-opens=java.base/java.lang=ALL-UNNAMED --add-opens=java.base/java.lang.invoke=ALL-UNNAMED --add-opens=java.prefs/java.util.prefs=ALL-UNNAMED --add-opens=java.base/java.nio.charset=ALL-UNNAMED --add-opens=java.base/java.net=ALL-UNNAMED --add-opens=java.base/java.util.concurrent.atomic=ALL-UNNAMED -Xmx2048m -Dfile.encoding=windows-1252 -Duser.country=IN -Duser.language=en -Duser.variant 
java_command: org.gradle.launcher.daemon.bootstrap.GradleDaemon 8.0.1
java_class_path (initial): C:\Users\USIT\.gradle\wrapper\dists\gradle-8.0.1-all\aro4hu1c3oeioove7l0i4i14o\gradle-8.0.1\lib\gradle-launcher-8.0.1.jar
Launcher Type: SUN_STANDARD

[Global flags]
     intx CICompilerCount                          = 3                                         {product} {ergonomic}
   size_t CompressedClassSpaceSize                 = 528482304                                 {product} {ergonomic}
     uint ConcGCThreads                            = 1                                         {product} {ergonomic}
     uint G1ConcRefinementThreads                  = 4                                         {product} {ergonomic}
   size_t G1HeapRegionSize                         = 1048576                                   {product} {ergonomic}
    uintx GCDrainStackTargetSize                   = 64                                        {product} {ergonomic}
   size_t InitialHeapSize                          = 134217728                                 {product} {ergonomic}
   size_t MarkStackSize                            = 4194304                                   {product} {ergonomic}
   size_t MaxHeapSize                              = 2147483648                                {product} {command line}
   size_t MaxMetaspaceSize                         = 536870912                                 {product} {command line}
   size_t MaxNewSize                               = 1287651328                                {product} {ergonomic}
   size_t MinHeapDeltaBytes                        = 1048576                                   {product} {ergonomic}
    uintx NonNMethodCodeHeapSize                   = 5830732                                {pd product} {ergonomic}
    uintx NonProfiledCodeHeapSize                  = 122913754                              {pd product} {ergonomic}
    uintx ProfiledCodeHeapSize                     = 122913754                              {pd product} {ergonomic}
    uintx ReservedCodeCacheSize                    = 251658240                              {pd product} {ergonomic}
     bool SegmentedCodeCache                       = true                                      {product} {ergonomic}
     bool UseCompressedClassPointers               = true                                 {lp64_product} {ergonomic}
     bool UseCompressedOops                        = true                                 {lp64_product} {ergonomic}
     bool UseG1GC                                  = true                                      {product} {ergonomic}
     bool UseLargePagesIndividualAllocation        = false                                  {pd product} {ergonomic}

Logging:
Log output configuration:
 #0: stdout all=warning uptime,level,tags
 #1: stderr all=off uptime,level,tags

Environment Variables:
JAVA_HOME=C:\Program Files\Java\jdk-11.0.15.1
CLASSPATH=D:\dablu\DeliveryApp\delivery\android\\gradle\wrapper\gradle-wrapper.jar
PATH=D:\dablu\DeliveryApp\delivery\node_modules\.bin;D:\dablu\DeliveryApp\delivery\node_modules\.bin;D:\dablu\DeliveryApp\node_modules\.bin;D:\dablu\node_modules\.bin;D:\node_modules\.bin;C:\Users\USIT\AppData\Roaming\npm\node_modules\npm\node_modules\@npmcli\run-script\lib\node-gyp-bin;D:\dablu\DeliveryApp\delivery\node_modules\.bin;D:\dablu\DeliveryApp\node_modules\.bin;D:\dablu\node_modules\.bin;D:\node_modules\.bin;C:\Users\USIT\AppData\Roaming\npm\node_modules\npm\node_modules\@npmcli\run-script\lib\node-gyp-bin;C:\Program Files\Common Files\Oracle\Java\javapath;C:\Program Files (x86)\Common Files\Oracle\Java\javapath;C:\Windows\system32;C:\Windows;C:\Windows\System32\Wbem;C:\Windows\System32\WindowsPowerShell\v1.0\;C:\Windows\System32\OpenSSH\;C:\Program Files (x86)\Intel\Intel(R) Management Engine Components\DAL;C:\Program Files\Intel\Intel(R) Management Engine Components\DAL;C:\Program Files\Java\jdk-9.0.1\bin;%LOCALAPPDATA%\Android\Sdk;C:\Program Files\Java\jdk-11.0.15.1;C:\Users\USIT\AppData\Local\Android\Sdk;C:\Users\USIT\AppData\Local\Android\Sdk\.temp;C:\Users\USIT\AppData\Local\Android\Sdk\build-tools;C:\Users\USIT\AppData\Local\Android\Sdk\.downloadIntermediates;C:\Users\USIT\AppData\Local\Android\Sdk\cmake;C:\Users\USIT\AppData\Local\Android\Sdk\emulator;C:\Users\USIT\AppData\Local\Android\Sdk\extras;C:\Users\USIT\AppData\Local\Android\Sdk\licenses;C:\Users\USIT\AppData\Local\Android\Sdk\patcher;C:\Users\USIT\AppData\Local\Android\Sdk\platforms;C:\Users\USIT\AppData\Local\Android\Sdk\platform-tools;C:\Users\USIT\AppData\Local\Android\Sdk\skiaparser;C:\Users\USIT\AppData\Local\Android\Sdk\skins;C:\Users\USIT\AppData\Local\Android\Sdk\sources;C:\Users\USIT\AppData\Local\Android\Sdk\system-images;C:\Users\USIT\AppData\Local\Android\Sdk\tools;C:\Program Files\Git\cmd;C:\Program Files\Git\mingw64\bin;C:\Program Files\Git\usr\bin;C:\Program Files\nodejs\;C:\Program Files\MySQL\MySQL Shell 8.0\bin\;C:\Users\USIT\AppData\Local\Microsoft\WindowsApps;C:\Users\USI
USERNAME=USIT
OS=Windows_NT
PROCESSOR_IDENTIFIER=Intel64 Family 6 Model 142 Stepping 9, GenuineIntel



---------------  S Y S T E M  ---------------

OS: Windows 10 , 64 bit Build 19041 (10.0.19041.3570)

CPU:total 4 (initial active 4) (2 cores per cpu, 2 threads per core) family 6 model 142 stepping 9 microcode 0xb4, cmov, cx8, fxsr, mmx, sse, sse2, sse3, ssse3, sse4.1, sse4.2, popcnt, avx, avx2, aes, clmul, erms, 3dnowpref, lzcnt, ht, tsc, tscinvbit, bmi1, bmi2, adx, fma

Memory: 4k page, system-wide physical 8087M (132M free)
TotalPageFile size 32663M (AvailPageFile size 1M)
current process WorkingSet (physical memory assigned to process): 151M, peak: 153M
current process commit charge ("private bytes"): 269M, peak: 272M

vm_info: Java HotSpot(TM) 64-Bit Server VM (11.0.15.1+2-LTS-10) for windows-amd64 JRE (11.0.15.1+2-LTS-10), built on Apr 25 2022 21:51:57 by "mach5one" with MS VC++ 15.9 (VS2017)

END.
