#
# There is insufficient memory for the Java Runtime Environment to continue.
# Native memory allocation (malloc) failed to allocate 421456 bytes for Chunk::new
# Possible reasons:
#   The system is out of physical RAM or swap space
#   The process is running with CompressedOops enabled, and the Java Heap may be blocking the growth of the native heap
# Possible solutions:
#   Reduce memory load on the system
#   Increase physical memory or swap space
#   Check if swap backing store is full
#   Decrease Java heap size (-Xmx/-Xms)
#   Decrease number of Java threads
#   Decrease Java thread stack sizes (-Xss)
#   Set larger code cache with -XX:ReservedCodeCacheSize=
#   JVM is running with Unscaled Compressed Oops mode in which the Java heap is
#     placed in the first 4GB address space. The Java Heap base address is the
#     maximum limit for the native heap growth. Please use -XX:HeapBaseMinAddress
#     to set the Java Heap base and to place the Java Heap above 4GB virtual address.
# This output file may be truncated or incomplete.
#
#  Out of Memory Error (./open/src/hotspot/share/memory/arena.cpp:197), pid=25956, tid=13792
#
# JRE version: Java(TM) SE Runtime Environment 18.9 (11.0.15.1+2) (build 11.0.15.1+2-LTS-10)
# Java VM: Java HotSpot(TM) 64-Bit Server VM 18.9 (11.0.15.1+2-LTS-10, mixed mode, tiered, compressed oops, g1 gc, windows-amd64)
# No core dump will be written. Minidumps are not enabled by default on client versions of Windows
#

---------------  S U M M A R Y ------------

Command Line: -XX:MaxMetaspaceSize=512m --add-opens=java.base/java.util=ALL-UNNAMED --add-opens=java.base/java.lang=ALL-UNNAMED --add-opens=java.base/java.lang.invoke=ALL-UNNAMED --add-opens=java.prefs/java.util.prefs=ALL-UNNAMED --add-opens=java.base/java.nio.charset=ALL-UNNAMED --add-opens=java.base/java.net=ALL-UNNAMED --add-opens=java.base/java.util.concurrent.atomic=ALL-UNNAMED -Xmx2048m -Dfile.encoding=windows-1252 -Duser.country=IN -Duser.language=en -Duser.variant org.gradle.launcher.daemon.bootstrap.GradleDaemon 8.0.1

Host: Intel(R) Core(TM) i5-7200U CPU @ 2.50GHz, 4 cores, 7G,  Windows 10 , 64 bit Build 19041 (10.0.19041.3570)
Time: Mon Dec  4 17:37:19 2023 India Standard Time elapsed time: 300.232126 seconds (0d 0h 5m 0s)

---------------  T H R E A D  ---------------

Current thread (0x00000152a1830800):  JavaThread "C2 CompilerThread0" daemon [_thread_in_native, id=13792, stack(0x0000001081b00000,0x0000001081c00000)]


Current CompileTask:
C2: 300232 2942       4       org.gradle.internal.logging.text.AbstractLineChoppingStyledTextOutput::doAppend (43 bytes)

Stack: [0x0000001081b00000,0x0000001081c00000]
Native frames: (J=compiled Java code, j=interpreted, Vv=VM code, C=native code)
V  [jvm.dll+0x629d8a]
V  [jvm.dll+0x7638ff]
V  [jvm.dll+0x764fa9]
V  [jvm.dll+0x765633]
V  [jvm.dll+0x23d9c8]
V  [jvm.dll+0xb2a1c]
V  [jvm.dll+0xb2fdc]
V  [jvm.dll+0x341002]
V  [jvm.dll+0x30e9b3]
V  [jvm.dll+0x30dcfa]
V  [jvm.dll+0x1f8565]
V  [jvm.dll+0x1f774d]
V  [jvm.dll+0x177c51]
V  [jvm.dll+0x207026]
V  [jvm.dll+0x2051bb]
V  [jvm.dll+0x729820]
V  [jvm.dll+0x7223f4]
V  [jvm.dll+0x628c26]
C  [ucrtbase.dll+0x21bb2]
C  [KERNEL32.DLL+0x17344]
C  [ntdll.dll+0x526b1]


---------------  P R O C E S S  ---------------

Threads class SMR info:
_java_thread_list=0x00000152a30fdfa0, length=31, elements={
0x000001528374f000, 0x00000152a0ebb800, 0x00000152a0ebd000, 0x00000152a0ed4800,
0x00000152a0ed6000, 0x00000152a0ed7800, 0x00000152a1830800, 0x00000152a1832800,
0x00000152a0f2d800, 0x00000152a18f8000, 0x00000152a3696800, 0x00000152a3e43800,
0x00000152a36fe000, 0x00000152a228d000, 0x00000152a28d6000, 0x00000152a24b4000,
0x00000152a3327800, 0x00000152a3328000, 0x00000152a228a800, 0x00000152a2a41000,
0x00000152a2a40800, 0x00000152a2a42000, 0x00000152a2a3f800, 0x00000152a369a800,
0x00000152a369b800, 0x00000152a3699000, 0x00000152a3697800, 0x00000152a369a000,
0x00000152a3698000, 0x00000152a369c800, 0x00000152a369d000
}

Java Threads: ( => current thread )
  0x000001528374f000 JavaThread "main" [_thread_blocked, id=18240, stack(0x0000001080f00000,0x0000001081000000)]
  0x00000152a0ebb800 JavaThread "Reference Handler" daemon [_thread_blocked, id=26052, stack(0x0000001081600000,0x0000001081700000)]
  0x00000152a0ebd000 JavaThread "Finalizer" daemon [_thread_blocked, id=26676, stack(0x0000001081700000,0x0000001081800000)]
  0x00000152a0ed4800 JavaThread "Signal Dispatcher" daemon [_thread_blocked, id=26496, stack(0x0000001081800000,0x0000001081900000)]
  0x00000152a0ed6000 JavaThread "Attach Listener" daemon [_thread_blocked, id=2216, stack(0x0000001081900000,0x0000001081a00000)]
  0x00000152a0ed7800 JavaThread "Service Thread" daemon [_thread_blocked, id=9296, stack(0x0000001081a00000,0x0000001081b00000)]
=>0x00000152a1830800 JavaThread "C2 CompilerThread0" daemon [_thread_in_native, id=13792, stack(0x0000001081b00000,0x0000001081c00000)]
  0x00000152a1832800 JavaThread "C1 CompilerThread0" daemon [_thread_blocked, id=6456, stack(0x0000001081c00000,0x0000001081d00000)]
  0x00000152a0f2d800 JavaThread "Sweeper thread" daemon [_thread_blocked, id=24924, stack(0x0000001081d00000,0x0000001081e00000)]
  0x00000152a18f8000 JavaThread "Common-Cleaner" daemon [_thread_blocked, id=23396, stack(0x0000001081e00000,0x0000001081f00000)]
  0x00000152a3696800 JavaThread "Daemon health stats" [_thread_blocked, id=26620, stack(0x0000001080d00000,0x0000001080e00000)]
  0x00000152a3e43800 JavaThread "Incoming local TCP Connector on port 63510" [_thread_in_native, id=19044, stack(0x0000001080e00000,0x0000001080f00000)]
  0x00000152a36fe000 JavaThread "Daemon periodic checks" [_thread_blocked, id=1444, stack(0x0000001082300000,0x0000001082400000)]
  0x00000152a228d000 JavaThread "Daemon" [_thread_blocked, id=15904, stack(0x0000001082500000,0x0000001082600000)]
  0x00000152a28d6000 JavaThread "Handler for socket connection from /127.0.0.1:63510 to /127.0.0.1:63554" [_thread_in_native, id=20796, stack(0x0000001082600000,0x0000001082700000)]
  0x00000152a24b4000 JavaThread "Cancel handler" [_thread_blocked, id=9844, stack(0x0000001082700000,0x0000001082800000)]
  0x00000152a3327800 JavaThread "Daemon worker" [_thread_in_native, id=16748, stack(0x0000001082800000,0x0000001082900000)]
  0x00000152a3328000 JavaThread "Asynchronous log dispatcher for DefaultDaemonConnection: socket connection from /127.0.0.1:63510 to /127.0.0.1:63554" [_thread_blocked, id=23384, stack(0x0000001082900000,0x0000001082a00000)]
  0x00000152a228a800 JavaThread "Stdin handler" [_thread_blocked, id=3356, stack(0x0000001082a00000,0x0000001082b00000)]
  0x00000152a2a41000 JavaThread "Daemon client event forwarder" [_thread_blocked, id=12308, stack(0x0000001082b00000,0x0000001082c00000)]
  0x00000152a2a40800 JavaThread "Cache worker for journal cache (C:\Users\USIT\.gradle\caches\journal-1)" [_thread_blocked, id=5144, stack(0x0000001082d00000,0x0000001082e00000)]
  0x00000152a2a42000 JavaThread "File lock request listener" [_thread_in_native, id=2056, stack(0x0000001082e00000,0x0000001082f00000)]
  0x00000152a2a3f800 JavaThread "Cache worker for file hash cache (C:\Users\USIT\.gradle\caches\8.0.1\fileHashes)" [_thread_blocked, id=1220, stack(0x0000001082f00000,0x0000001083000000)]
  0x00000152a369a800 JavaThread "File lock release action executor" [_thread_blocked, id=12552, stack(0x0000001083000000,0x0000001083100000)]
  0x00000152a369b800 JavaThread "File watcher server" daemon [_thread_in_native, id=14360, stack(0x0000001083100000,0x0000001083200000)]
  0x00000152a3699000 JavaThread "File watcher consumer" daemon [_thread_blocked, id=7632, stack(0x0000001083200000,0x0000001083300000)]
  0x00000152a3697800 JavaThread "Cache worker for checksums cache (D:\dablu\DeliveryApp\delivery\android\.gradle\8.0.1\checksums)" [_thread_blocked, id=8988, stack(0x0000001083300000,0x0000001083400000)]
  0x00000152a369a000 JavaThread "Cache worker for cache directory md-rule (C:\Users\USIT\.gradle\caches\8.0.1\md-rule)" [_thread_blocked, id=29352, stack(0x0000001083400000,0x0000001083500000)]
  0x00000152a3698000 JavaThread "Cache worker for file content cache (C:\Users\USIT\.gradle\caches\8.0.1\fileContent)" [_thread_blocked, id=28516, stack(0x0000001083500000,0x0000001083600000)]
  0x00000152a369c800 JavaThread "Cache worker for file hash cache (D:\dablu\DeliveryApp\delivery\android\.gradle\8.0.1\fileHashes)" [_thread_blocked, id=11840, stack(0x0000001083600000,0x0000001083700000)]
  0x00000152a369d000 JavaThread "Cache worker for cache directory md-supplier (C:\Users\USIT\.gradle\caches\8.0.1\md-supplier)" [_thread_blocked, id=23072, stack(0x0000001083700000,0x0000001083800000)]

Other Threads:
  0x00000152a0eb6000 VMThread "VM Thread" [stack: 0x0000001081500000,0x0000001081600000] [id=33240]
  0x00000152a1980800 WatcherThread [stack: 0x0000001081f00000,0x0000001082000000] [id=8608]
  0x0000015283764800 GCTaskThread "GC Thread#0" [stack: 0x0000001081000000,0x0000001081100000] [id=26584]
  0x00000152a19bc000 GCTaskThread "GC Thread#1" [stack: 0x0000001082000000,0x0000001082100000] [id=25012]
  0x00000152a21c3000 GCTaskThread "GC Thread#2" [stack: 0x0000001082100000,0x0000001082200000] [id=23192]
  0x00000152a23ea000 GCTaskThread "GC Thread#3" [stack: 0x0000001082c00000,0x0000001082d00000] [id=16032]
  0x0000015283794000 ConcurrentGCThread "G1 Main Marker" [stack: 0x0000001081100000,0x0000001081200000] [id=29296]
  0x0000015283795800 ConcurrentGCThread "G1 Conc#0" [stack: 0x0000001081200000,0x0000001081300000] [id=25448]
  0x0000015283822800 ConcurrentGCThread "G1 Refine#0" [stack: 0x0000001081300000,0x0000001081400000] [id=6336]
  0x0000015283823800 ConcurrentGCThread "G1 Young RemSet Sampling" [stack: 0x0000001081400000,0x0000001081500000] [id=25900]

Threads with active compile tasks:
C2 CompilerThread0 300277 2942       4       org.gradle.internal.logging.text.AbstractLineChoppingStyledTextOutput::doAppend (43 bytes)

VM state:not at safepoint (normal execution)

VM Mutex/Monitor currently owned by a thread: None

OutOfMemory and StackOverflow Exception counts:
OutOfMemoryError java_heap_errors=1
LinkageErrors=48

Heap address: 0x0000000080000000, size: 2048 MB, Compressed Oops mode: 32-bit
Narrow klass base: 0x0000000000000000, Narrow klass shift: 3
Compressed class space size: 528482304 Address: 0x0000000100000000

Heap:
 garbage-first heap   total 131072K, used 80058K [0x0000000080000000, 0x0000000100000000)
  region size 1024K, 63 young (64512K), 3 survivors (3072K)
 Metaspace       used 30356K, capacity 31108K, committed 31152K, reserved 544768K
  class space    used 4033K, capacity 4336K, committed 4352K, reserved 516096K
Heap Regions: E=young(eden), S=young(survivor), O=old, HS=humongous(starts), HC=humongous(continues), CS=collection set, F=free, A=archive, TAMS=top-at-mark-start (previous, next)
|   0|0x0000000080000000, 0x0000000080100000, 0x0000000080100000|100%| O|  |TAMS 0x0000000080100000, 0x0000000080000000| Untracked 
|   1|0x0000000080100000, 0x0000000080200000, 0x0000000080200000|100%| O|  |TAMS 0x0000000080200000, 0x0000000080100000| Untracked 
|   2|0x0000000080200000, 0x0000000080300000, 0x0000000080300000|100%| O|  |TAMS 0x0000000080300000, 0x0000000080200000| Untracked 
|   3|0x0000000080300000, 0x0000000080400000, 0x0000000080400000|100%|HS|  |TAMS 0x0000000080400000, 0x0000000080300000| Complete 
|   4|0x0000000080400000, 0x0000000080500000, 0x0000000080500000|100%|HC|  |TAMS 0x0000000080500000, 0x0000000080400000| Complete 
|   5|0x0000000080500000, 0x0000000080600000, 0x0000000080600000|100%|HC|  |TAMS 0x0000000080600000, 0x0000000080500000| Complete 
|   6|0x0000000080600000, 0x0000000080700000, 0x0000000080700000|100%|HC|  |TAMS 0x0000000080700000, 0x0000000080600000| Complete 
|   7|0x0000000080700000, 0x0000000080800000, 0x0000000080800000|100%| O|  |TAMS 0x0000000080800000, 0x0000000080700000| Untracked 
|   8|0x0000000080800000, 0x0000000080900000, 0x0000000080900000|100%| O|  |TAMS 0x0000000080900000, 0x0000000080800000| Untracked 
|   9|0x0000000080900000, 0x0000000080a00000, 0x0000000080a00000|100%| O|  |TAMS 0x0000000080a00000, 0x0000000080900000| Untracked 
|  10|0x0000000080a00000, 0x0000000080b00000, 0x0000000080b00000|100%| O|  |TAMS 0x0000000080b00000, 0x0000000080a00000| Untracked 
|  11|0x0000000080b00000, 0x0000000080c00000, 0x0000000080c00000|100%| O|  |TAMS 0x0000000080c00000, 0x0000000080b00000| Untracked 
|  12|0x0000000080c00000, 0x0000000080d00000, 0x0000000080d00000|100%| O|  |TAMS 0x0000000080d00000, 0x0000000080c00000| Untracked 
|  13|0x0000000080d00000, 0x0000000080e00000, 0x0000000080e00000|100%| O|  |TAMS 0x0000000080e00000, 0x0000000080d00000| Untracked 
|  14|0x0000000080e00000, 0x0000000080f00000, 0x0000000080f00000|100%| O|  |TAMS 0x0000000080f00000, 0x0000000080e00000| Untracked 
|  15|0x0000000080f00000, 0x0000000081000000, 0x0000000081000000|100%| O|  |TAMS 0x0000000081000000, 0x0000000080f00000| Untracked 
|  16|0x0000000081000000, 0x00000000810b9c00, 0x0000000081100000| 72%| O|  |TAMS 0x00000000810b9c00, 0x0000000081000000| Untracked 
|  17|0x0000000081100000, 0x0000000081100000, 0x0000000081200000|  0%| F|  |TAMS 0x0000000081100000, 0x0000000081100000| Untracked 
|  18|0x0000000081200000, 0x0000000081200000, 0x0000000081300000|  0%| F|  |TAMS 0x0000000081200000, 0x0000000081200000| Untracked 
|  19|0x0000000081300000, 0x0000000081300000, 0x0000000081400000|  0%| F|  |TAMS 0x0000000081300000, 0x0000000081300000| Untracked 
|  20|0x0000000081400000, 0x0000000081400000, 0x0000000081500000|  0%| F|  |TAMS 0x0000000081400000, 0x0000000081400000| Untracked 
|  21|0x0000000081500000, 0x0000000081500000, 0x0000000081600000|  0%| F|  |TAMS 0x0000000081500000, 0x0000000081500000| Untracked 
|  22|0x0000000081600000, 0x0000000081600000, 0x0000000081700000|  0%| F|  |TAMS 0x0000000081600000, 0x0000000081600000| Untracked 
|  23|0x0000000081700000, 0x0000000081700000, 0x0000000081800000|  0%| F|  |TAMS 0x0000000081700000, 0x0000000081700000| Untracked 
|  24|0x0000000081800000, 0x0000000081800000, 0x0000000081900000|  0%| F|  |TAMS 0x0000000081800000, 0x0000000081800000| Untracked 
|  25|0x0000000081900000, 0x0000000081900000, 0x0000000081a00000|  0%| F|  |TAMS 0x0000000081900000, 0x0000000081900000| Untracked 
|  26|0x0000000081a00000, 0x0000000081a00000, 0x0000000081b00000|  0%| F|  |TAMS 0x0000000081a00000, 0x0000000081a00000| Untracked 
|  27|0x0000000081b00000, 0x0000000081b00000, 0x0000000081c00000|  0%| F|  |TAMS 0x0000000081b00000, 0x0000000081b00000| Untracked 
|  28|0x0000000081c00000, 0x0000000081c00000, 0x0000000081d00000|  0%| F|  |TAMS 0x0000000081c00000, 0x0000000081c00000| Untracked 
|  29|0x0000000081d00000, 0x0000000081d00000, 0x0000000081e00000|  0%| F|  |TAMS 0x0000000081d00000, 0x0000000081d00000| Untracked 
|  30|0x0000000081e00000, 0x0000000081e00000, 0x0000000081f00000|  0%| F|  |TAMS 0x0000000081e00000, 0x0000000081e00000| Untracked 
|  31|0x0000000081f00000, 0x0000000081f00000, 0x0000000082000000|  0%| F|  |TAMS 0x0000000081f00000, 0x0000000081f00000| Untracked 
|  32|0x0000000082000000, 0x0000000082000000, 0x0000000082100000|  0%| F|  |TAMS 0x0000000082000000, 0x0000000082000000| Untracked 
|  33|0x0000000082100000, 0x0000000082100000, 0x0000000082200000|  0%| F|  |TAMS 0x0000000082100000, 0x0000000082100000| Untracked 
|  34|0x0000000082200000, 0x0000000082200000, 0x0000000082300000|  0%| F|  |TAMS 0x0000000082200000, 0x0000000082200000| Untracked 
|  35|0x0000000082300000, 0x0000000082300000, 0x0000000082400000|  0%| F|  |TAMS 0x0000000082300000, 0x0000000082300000| Untracked 
|  36|0x0000000082400000, 0x0000000082400000, 0x0000000082500000|  0%| F|  |TAMS 0x0000000082400000, 0x0000000082400000| Untracked 
|  37|0x0000000082500000, 0x0000000082500000, 0x0000000082600000|  0%| F|  |TAMS 0x0000000082500000, 0x0000000082500000| Untracked 
|  38|0x0000000082600000, 0x0000000082600000, 0x0000000082700000|  0%| F|  |TAMS 0x0000000082600000, 0x0000000082600000| Untracked 
|  39|0x0000000082700000, 0x0000000082700000, 0x0000000082800000|  0%| F|  |TAMS 0x0000000082700000, 0x0000000082700000| Untracked 
|  40|0x0000000082800000, 0x0000000082800000, 0x0000000082900000|  0%| F|  |TAMS 0x0000000082800000, 0x0000000082800000| Untracked 
|  41|0x0000000082900000, 0x0000000082900000, 0x0000000082a00000|  0%| F|  |TAMS 0x0000000082900000, 0x0000000082900000| Untracked 
|  42|0x0000000082a00000, 0x0000000082a00000, 0x0000000082b00000|  0%| F|  |TAMS 0x0000000082a00000, 0x0000000082a00000| Untracked 
|  43|0x0000000082b00000, 0x0000000082b00000, 0x0000000082c00000|  0%| F|  |TAMS 0x0000000082b00000, 0x0000000082b00000| Untracked 
|  44|0x0000000082c00000, 0x0000000082c00000, 0x0000000082d00000|  0%| F|  |TAMS 0x0000000082c00000, 0x0000000082c00000| Untracked 
|  45|0x0000000082d00000, 0x0000000082d00000, 0x0000000082e00000|  0%| F|  |TAMS 0x0000000082d00000, 0x0000000082d00000| Untracked 
|  46|0x0000000082e00000, 0x0000000082e00000, 0x0000000082f00000|  0%| F|  |TAMS 0x0000000082e00000, 0x0000000082e00000| Untracked 
|  47|0x0000000082f00000, 0x0000000082f00000, 0x0000000083000000|  0%| F|  |TAMS 0x0000000082f00000, 0x0000000082f00000| Untracked 
|  48|0x0000000083000000, 0x0000000083000000, 0x0000000083100000|  0%| F|  |TAMS 0x0000000083000000, 0x0000000083000000| Untracked 
|  49|0x0000000083100000, 0x0000000083100000, 0x0000000083200000|  0%| F|  |TAMS 0x0000000083100000, 0x0000000083100000| Untracked 
|  50|0x0000000083200000, 0x0000000083200000, 0x0000000083300000|  0%| F|  |TAMS 0x0000000083200000, 0x0000000083200000| Untracked 
|  51|0x0000000083300000, 0x0000000083300000, 0x0000000083400000|  0%| F|  |TAMS 0x0000000083300000, 0x0000000083300000| Untracked 
|  52|0x0000000083400000, 0x0000000083400000, 0x0000000083500000|  0%| F|  |TAMS 0x0000000083400000, 0x0000000083400000| Untracked 
|  53|0x0000000083500000, 0x0000000083500000, 0x0000000083600000|  0%| F|  |TAMS 0x0000000083500000, 0x0000000083500000| Untracked 
|  54|0x0000000083600000, 0x0000000083600000, 0x0000000083700000|  0%| F|  |TAMS 0x0000000083600000, 0x0000000083600000| Untracked 
|  55|0x0000000083700000, 0x0000000083700000, 0x0000000083800000|  0%| F|  |TAMS 0x0000000083700000, 0x0000000083700000| Untracked 
|  56|0x0000000083800000, 0x0000000083800000, 0x0000000083900000|  0%| F|  |TAMS 0x0000000083800000, 0x0000000083800000| Untracked 
|  57|0x0000000083900000, 0x0000000083900000, 0x0000000083a00000|  0%| F|  |TAMS 0x0000000083900000, 0x0000000083900000| Untracked 
|  58|0x0000000083a00000, 0x0000000083a00000, 0x0000000083b00000|  0%| F|  |TAMS 0x0000000083a00000, 0x0000000083a00000| Untracked 
|  59|0x0000000083b00000, 0x0000000083b00000, 0x0000000083c00000|  0%| F|  |TAMS 0x0000000083b00000, 0x0000000083b00000| Untracked 
|  60|0x0000000083c00000, 0x0000000083c00000, 0x0000000083d00000|  0%| F|  |TAMS 0x0000000083c00000, 0x0000000083c00000| Untracked 
|  61|0x0000000083d00000, 0x0000000083d00000, 0x0000000083e00000|  0%| F|  |TAMS 0x0000000083d00000, 0x0000000083d00000| Untracked 
|  62|0x0000000083e00000, 0x0000000083e00000, 0x0000000083f00000|  0%| F|  |TAMS 0x0000000083e00000, 0x0000000083e00000| Untracked 
|  63|0x0000000083f00000, 0x0000000083f00000, 0x0000000084000000|  0%| F|  |TAMS 0x0000000083f00000, 0x0000000083f00000| Untracked 
|  64|0x0000000084000000, 0x0000000084000000, 0x0000000084100000|  0%| F|  |TAMS 0x0000000084000000, 0x0000000084000000| Untracked 
|  65|0x0000000084100000, 0x0000000084180800, 0x0000000084200000| 50%| E|  |TAMS 0x0000000084100000, 0x0000000084100000| Complete 
|  66|0x0000000084200000, 0x0000000084300000, 0x0000000084300000|100%| E|CS|TAMS 0x0000000084200000, 0x0000000084200000| Complete 
|  67|0x0000000084300000, 0x0000000084400000, 0x0000000084400000|100%| E|CS|TAMS 0x0000000084300000, 0x0000000084300000| Complete 
|  68|0x0000000084400000, 0x0000000084500000, 0x0000000084500000|100%| E|CS|TAMS 0x0000000084400000, 0x0000000084400000| Complete 
|  69|0x0000000084500000, 0x0000000084600000, 0x0000000084600000|100%| E|CS|TAMS 0x0000000084500000, 0x0000000084500000| Complete 
|  70|0x0000000084600000, 0x0000000084700000, 0x0000000084700000|100%| E|CS|TAMS 0x0000000084600000, 0x0000000084600000| Complete 
|  71|0x0000000084700000, 0x0000000084800000, 0x0000000084800000|100%| E|CS|TAMS 0x0000000084700000, 0x0000000084700000| Complete 
|  72|0x0000000084800000, 0x0000000084900000, 0x0000000084900000|100%| E|CS|TAMS 0x0000000084800000, 0x0000000084800000| Complete 
|  73|0x0000000084900000, 0x0000000084a00000, 0x0000000084a00000|100%| E|CS|TAMS 0x0000000084900000, 0x0000000084900000| Complete 
|  74|0x0000000084a00000, 0x0000000084b00000, 0x0000000084b00000|100%| E|CS|TAMS 0x0000000084a00000, 0x0000000084a00000| Complete 
|  75|0x0000000084b00000, 0x0000000084c00000, 0x0000000084c00000|100%| E|CS|TAMS 0x0000000084b00000, 0x0000000084b00000| Complete 
|  76|0x0000000084c00000, 0x0000000084d00000, 0x0000000084d00000|100%| E|CS|TAMS 0x0000000084c00000, 0x0000000084c00000| Complete 
|  77|0x0000000084d00000, 0x0000000084e00000, 0x0000000084e00000|100%| E|CS|TAMS 0x0000000084d00000, 0x0000000084d00000| Complete 
|  78|0x0000000084e00000, 0x0000000084f00000, 0x0000000084f00000|100%| E|CS|TAMS 0x0000000084e00000, 0x0000000084e00000| Complete 
|  79|0x0000000084f00000, 0x0000000085000000, 0x0000000085000000|100%| E|CS|TAMS 0x0000000084f00000, 0x0000000084f00000| Complete 
|  80|0x0000000085000000, 0x0000000085100000, 0x0000000085100000|100%| E|CS|TAMS 0x0000000085000000, 0x0000000085000000| Complete 
|  81|0x0000000085100000, 0x0000000085200000, 0x0000000085200000|100%| E|CS|TAMS 0x0000000085100000, 0x0000000085100000| Complete 
|  82|0x0000000085200000, 0x0000000085274de0, 0x0000000085300000| 45%| S|CS|TAMS 0x0000000085200000, 0x0000000085200000| Complete 
|  83|0x0000000085300000, 0x0000000085400000, 0x0000000085400000|100%| S|CS|TAMS 0x0000000085300000, 0x0000000085300000| Complete 
|  84|0x0000000085400000, 0x0000000085500000, 0x0000000085500000|100%| S|CS|TAMS 0x0000000085400000, 0x0000000085400000| Complete 
|  85|0x0000000085500000, 0x0000000085600000, 0x0000000085600000|100%| E|CS|TAMS 0x0000000085500000, 0x0000000085500000| Complete 
|  86|0x0000000085600000, 0x0000000085700000, 0x0000000085700000|100%| E|CS|TAMS 0x0000000085600000, 0x0000000085600000| Complete 
|  87|0x0000000085700000, 0x0000000085800000, 0x0000000085800000|100%| E|CS|TAMS 0x0000000085700000, 0x0000000085700000| Complete 
|  88|0x0000000085800000, 0x0000000085900000, 0x0000000085900000|100%| E|CS|TAMS 0x0000000085800000, 0x0000000085800000| Complete 
|  89|0x0000000085900000, 0x0000000085a00000, 0x0000000085a00000|100%| E|CS|TAMS 0x0000000085900000, 0x0000000085900000| Complete 
|  90|0x0000000085a00000, 0x0000000085b00000, 0x0000000085b00000|100%| E|CS|TAMS 0x0000000085a00000, 0x0000000085a00000| Complete 
|  91|0x0000000085b00000, 0x0000000085c00000, 0x0000000085c00000|100%| E|CS|TAMS 0x0000000085b00000, 0x0000000085b00000| Complete 
|  92|0x0000000085c00000, 0x0000000085d00000, 0x0000000085d00000|100%| E|CS|TAMS 0x0000000085c00000, 0x0000000085c00000| Complete 
|  93|0x0000000085d00000, 0x0000000085e00000, 0x0000000085e00000|100%| E|CS|TAMS 0x0000000085d00000, 0x0000000085d00000| Complete 
|  94|0x0000000085e00000, 0x0000000085f00000, 0x0000000085f00000|100%| E|CS|TAMS 0x0000000085e00000, 0x0000000085e00000| Complete 
|  95|0x0000000085f00000, 0x0000000086000000, 0x0000000086000000|100%| E|CS|TAMS 0x0000000085f00000, 0x0000000085f00000| Complete 
|  96|0x0000000086000000, 0x0000000086100000, 0x0000000086100000|100%| E|CS|TAMS 0x0000000086000000, 0x0000000086000000| Complete 
|  97|0x0000000086100000, 0x0000000086200000, 0x0000000086200000|100%| E|CS|TAMS 0x0000000086100000, 0x0000000086100000| Complete 
|  98|0x0000000086200000, 0x0000000086300000, 0x0000000086300000|100%| E|CS|TAMS 0x0000000086200000, 0x0000000086200000| Complete 
|  99|0x0000000086300000, 0x0000000086400000, 0x0000000086400000|100%| E|CS|TAMS 0x0000000086300000, 0x0000000086300000| Complete 
| 100|0x0000000086400000, 0x0000000086500000, 0x0000000086500000|100%| E|CS|TAMS 0x0000000086400000, 0x0000000086400000| Complete 
| 101|0x0000000086500000, 0x0000000086600000, 0x0000000086600000|100%| E|CS|TAMS 0x0000000086500000, 0x0000000086500000| Complete 
| 102|0x0000000086600000, 0x0000000086700000, 0x0000000086700000|100%| E|CS|TAMS 0x0000000086600000, 0x0000000086600000| Complete 
| 103|0x0000000086700000, 0x0000000086800000, 0x0000000086800000|100%| E|CS|TAMS 0x0000000086700000, 0x0000000086700000| Complete 
| 104|0x0000000086800000, 0x0000000086900000, 0x0000000086900000|100%| E|CS|TAMS 0x0000000086800000, 0x0000000086800000| Complete 
| 105|0x0000000086900000, 0x0000000086a00000, 0x0000000086a00000|100%| E|CS|TAMS 0x0000000086900000, 0x0000000086900000| Complete 
| 106|0x0000000086a00000, 0x0000000086b00000, 0x0000000086b00000|100%| E|CS|TAMS 0x0000000086a00000, 0x0000000086a00000| Complete 
| 107|0x0000000086b00000, 0x0000000086c00000, 0x0000000086c00000|100%| E|CS|TAMS 0x0000000086b00000, 0x0000000086b00000| Complete 
| 108|0x0000000086c00000, 0x0000000086d00000, 0x0000000086d00000|100%| E|CS|TAMS 0x0000000086c00000, 0x0000000086c00000| Complete 
| 109|0x0000000086d00000, 0x0000000086e00000, 0x0000000086e00000|100%| E|CS|TAMS 0x0000000086d00000, 0x0000000086d00000| Complete 
| 110|0x0000000086e00000, 0x0000000086f00000, 0x0000000086f00000|100%| E|CS|TAMS 0x0000000086e00000, 0x0000000086e00000| Complete 
| 111|0x0000000086f00000, 0x0000000087000000, 0x0000000087000000|100%| E|CS|TAMS 0x0000000086f00000, 0x0000000086f00000| Complete 
| 112|0x0000000087000000, 0x0000000087100000, 0x0000000087100000|100%| E|CS|TAMS 0x0000000087000000, 0x0000000087000000| Complete 
| 113|0x0000000087100000, 0x0000000087200000, 0x0000000087200000|100%| E|CS|TAMS 0x0000000087100000, 0x0000000087100000| Complete 
| 114|0x0000000087200000, 0x0000000087300000, 0x0000000087300000|100%| E|CS|TAMS 0x0000000087200000, 0x0000000087200000| Complete 
| 115|0x0000000087300000, 0x0000000087400000, 0x0000000087400000|100%| E|CS|TAMS 0x0000000087300000, 0x0000000087300000| Complete 
| 116|0x0000000087400000, 0x0000000087500000, 0x0000000087500000|100%| E|CS|TAMS 0x0000000087400000, 0x0000000087400000| Complete 
| 117|0x0000000087500000, 0x0000000087600000, 0x0000000087600000|100%| E|CS|TAMS 0x0000000087500000, 0x0000000087500000| Complete 
| 118|0x0000000087600000, 0x0000000087700000, 0x0000000087700000|100%| E|CS|TAMS 0x0000000087600000, 0x0000000087600000| Complete 
| 119|0x0000000087700000, 0x0000000087800000, 0x0000000087800000|100%| E|CS|TAMS 0x0000000087700000, 0x0000000087700000| Complete 
| 120|0x0000000087800000, 0x0000000087900000, 0x0000000087900000|100%| E|CS|TAMS 0x0000000087800000, 0x0000000087800000| Complete 
| 121|0x0000000087900000, 0x0000000087a00000, 0x0000000087a00000|100%| E|CS|TAMS 0x0000000087900000, 0x0000000087900000| Complete 
| 122|0x0000000087a00000, 0x0000000087b00000, 0x0000000087b00000|100%| E|CS|TAMS 0x0000000087a00000, 0x0000000087a00000| Complete 
| 123|0x0000000087b00000, 0x0000000087c00000, 0x0000000087c00000|100%| E|CS|TAMS 0x0000000087b00000, 0x0000000087b00000| Complete 
| 124|0x0000000087c00000, 0x0000000087d00000, 0x0000000087d00000|100%| E|CS|TAMS 0x0000000087c00000, 0x0000000087c00000| Complete 
| 125|0x0000000087d00000, 0x0000000087e00000, 0x0000000087e00000|100%| E|CS|TAMS 0x0000000087d00000, 0x0000000087d00000| Complete 
| 126|0x0000000087e00000, 0x0000000087f00000, 0x0000000087f00000|100%| E|CS|TAMS 0x0000000087e00000, 0x0000000087e00000| Complete 
| 127|0x0000000087f00000, 0x0000000088000000, 0x0000000088000000|100%| E|CS|TAMS 0x0000000087f00000, 0x0000000087f00000| Complete 

Card table byte_map: [0x000001529a200000,0x000001529a600000] _byte_map_base: 0x0000015299e00000

Marking Bits (Prev, Next): (CMBitMap*) 0x000001528378b2d0, (CMBitMap*) 0x000001528378b298
 Prev Bits: [0x000001529ca00000, 0x000001529ea00000)
 Next Bits: [0x000001529aa00000, 0x000001529ca00000)

Polling page: 0x0000015281640000

Metaspace:

Usage:
  Non-class:     26.14 MB capacity,    25.71 MB ( 98%) used,   378.74 KB (  1%) free+waste,    70.13 KB ( <1%) overhead. 
      Class:      4.23 MB capacity,     3.94 MB ( 93%) used,   265.90 KB (  6%) free+waste,    36.44 KB ( <1%) overhead. 
       Both:     30.38 MB capacity,    29.65 MB ( 98%) used,   644.64 KB (  2%) free+waste,   106.56 KB ( <1%) overhead. 

Virtual space:
  Non-class space:       28.00 MB reserved,      26.17 MB ( 93%) committed 
      Class space:      504.00 MB reserved,       4.25 MB ( <1%) committed 
             Both:      532.00 MB reserved,      30.42 MB (  6%) committed 

Chunk freelists:
   Non-Class:  3.50 KB
       Class:  0 bytes
        Both:  3.50 KB

CodeHeap 'non-profiled nmethods': size=120064Kb used=1398Kb max_used=1398Kb free=118666Kb
 bounds [0x00000152928c0000, 0x0000015292b30000, 0x0000015299e00000]
CodeHeap 'profiled nmethods': size=120000Kb used=6255Kb max_used=6255Kb free=113744Kb
 bounds [0x000001528b390000, 0x000001528b9b0000, 0x00000152928c0000]
CodeHeap 'non-nmethods': size=5696Kb used=1166Kb max_used=1199Kb free=4529Kb
 bounds [0x000001528ae00000, 0x000001528b070000, 0x000001528b390000]
 total_blobs=3440 nmethods=2929 adapters=422
 compilation: enabled
              stopped_count=0, restarted_count=0
 full_count=0

Compilation events (10 events):
Event: 300.185 Thread 0x00000152a1832800 2943       3       org.gradle.internal.logging.console.StyledTextOutputBackedRenderer$OutputEventTextOutputImpl::doLineText (17 bytes)
Event: 300.185 Thread 0x00000152a1832800 nmethod 2943 0x000001528b9a8410 code [0x000001528b9a85c0, 0x000001528b9a8788]
Event: 300.193 Thread 0x00000152a1832800 2944       3       jdk.internal.misc.Unsafe::checkOffset (32 bytes)
Event: 300.193 Thread 0x00000152a1832800 nmethod 2944 0x000001528b9a8890 code [0x000001528b9a8a40, 0x000001528b9a8ca8]
Event: 300.195 Thread 0x00000152a1830800 nmethod 2941 0x0000015292a1be10 code [0x0000015292a1c000, 0x0000015292a1c688]
Event: 300.195 Thread 0x00000152a1830800 2942       4       org.gradle.internal.logging.text.AbstractLineChoppingStyledTextOutput::doAppend (43 bytes)
Event: 300.198 Thread 0x00000152a1832800 2950   !   3       java.lang.invoke.LambdaForm::compileToBytecode (162 bytes)
Event: 300.201 Thread 0x00000152a1832800 nmethod 2950 0x000001528b9a8d90 code [0x000001528b9a9140, 0x000001528b9aa7b8]
Event: 300.226 Thread 0x00000152a1832800 2954       3       java.lang.invoke.LambdaForm::methodType (48 bytes)
Event: 300.226 Thread 0x00000152a1832800 nmethod 2954 0x000001528b9ab410 code [0x000001528b9ab600, 0x000001528b9abbb8]

GC Heap History (10 events):
Event: 50.965 GC heap before
{Heap before GC invocations=1 (full 0):
 garbage-first heap   total 131072K, used 19470K [0x0000000080000000, 0x0000000100000000)
  region size 1024K, 13 young (13312K), 2 survivors (2048K)
 Metaspace       used 10017K, capacity 10193K, committed 10368K, reserved 526336K
  class space    used 1043K, capacity 1107K, committed 1152K, reserved 516096K
}
Event: 50.969 GC heap after
{Heap after GC invocations=2 (full 0):
 garbage-first heap   total 131072K, used 10501K [0x0000000080000000, 0x0000000100000000)
  region size 1024K, 2 young (2048K), 2 survivors (2048K)
 Metaspace       used 10017K, capacity 10193K, committed 10368K, reserved 526336K
  class space    used 1043K, capacity 1107K, committed 1152K, reserved 516096K
}
Event: 67.782 GC heap before
{Heap before GC invocations=2 (full 0):
 garbage-first heap   total 131072K, used 38149K [0x0000000080000000, 0x0000000100000000)
  region size 1024K, 29 young (29696K), 2 survivors (2048K)
 Metaspace       used 11082K, capacity 11307K, committed 11520K, reserved 526336K
  class space    used 1153K, capacity 1244K, committed 1280K, reserved 516096K
}
Event: 67.787 GC heap after
{Heap after GC invocations=3 (full 0):
 garbage-first heap   total 131072K, used 12332K [0x0000000080000000, 0x0000000100000000)
  region size 1024K, 4 young (4096K), 4 survivors (4096K)
 Metaspace       used 11082K, capacity 11307K, committed 11520K, reserved 526336K
  class space    used 1153K, capacity 1244K, committed 1280K, reserved 516096K
}
Event: 262.980 GC heap before
{Heap before GC invocations=3 (full 0):
 garbage-first heap   total 131072K, used 54316K [0x0000000080000000, 0x0000000100000000)
  region size 1024K, 44 young (45056K), 4 survivors (4096K)
 Metaspace       used 17476K, capacity 17874K, committed 18176K, reserved 532480K
  class space    used 2025K, capacity 2178K, committed 2304K, reserved 516096K
}
Event: 263.292 GC heap after
{Heap after GC invocations=4 (full 0):
 garbage-first heap   total 131072K, used 17175K [0x0000000080000000, 0x0000000100000000)
  region size 1024K, 6 young (6144K), 6 survivors (6144K)
 Metaspace       used 17476K, capacity 17874K, committed 18176K, reserved 532480K
  class space    used 2025K, capacity 2178K, committed 2304K, reserved 516096K
}
Event: 278.362 GC heap before
{Heap before GC invocations=4 (full 0):
 garbage-first heap   total 131072K, used 41751K [0x0000000080000000, 0x0000000100000000)
  region size 1024K, 31 young (31744K), 6 survivors (6144K)
 Metaspace       used 20811K, capacity 21224K, committed 21296K, reserved 536576K
  class space    used 2513K, capacity 2686K, committed 2688K, reserved 516096K
}
Event: 278.526 GC heap after
{Heap after GC invocations=5 (full 0):
 garbage-first heap   total 131072K, used 18501K [0x0000000080000000, 0x0000000100000000)
  region size 1024K, 2 young (2048K), 2 survivors (2048K)
 Metaspace       used 20811K, capacity 21224K, committed 21296K, reserved 536576K
  class space    used 2513K, capacity 2686K, committed 2688K, reserved 516096K
}
Event: 285.270 GC heap before
{Heap before GC invocations=6 (full 0):
 garbage-first heap   total 131072K, used 60485K [0x0000000080000000, 0x0000000100000000)
  region size 1024K, 43 young (44032K), 2 survivors (2048K)
 Metaspace       used 24424K, capacity 24967K, committed 25008K, reserved 538624K
  class space    used 3111K, capacity 3319K, committed 3328K, reserved 516096K
}
Event: 285.276 GC heap after
{Heap after GC invocations=7 (full 0):
 garbage-first heap   total 131072K, used 19642K [0x0000000080000000, 0x0000000100000000)
  region size 1024K, 3 young (3072K), 3 survivors (3072K)
 Metaspace       used 24424K, capacity 24967K, committed 25008K, reserved 538624K
  class space    used 3111K, capacity 3319K, committed 3328K, reserved 516096K
}

Deoptimization events (10 events):
Event: 279.108 Thread 0x00000152a3327800 Uncommon trap: reason=unstable_if action=reinterpret pc=0x00000152928d9130 method=java.io.WinNTFileSystem.resolve(Ljava/lang/String;Ljava/lang/String;)Ljava/lang/String; @ 19 c2
Event: 279.110 Thread 0x00000152a3327800 Uncommon trap: reason=bimorphic_or_optimized_type_check action=maybe_recompile pc=0x0000015292933d24 method=java.util.AbstractList$Itr.hasNext()Z @ 8 c2
Event: 279.110 Thread 0x00000152a3327800 Uncommon trap: reason=bimorphic_or_optimized_type_check action=maybe_recompile pc=0x00000152929340b4 method=java.util.AbstractList$Itr.next()Ljava/lang/Object; @ 14 c2
Event: 279.111 Thread 0x00000152a3327800 Uncommon trap: reason=unstable_if action=reinterpret pc=0x000001529292f804 method=java.io.File.getName()Ljava/lang/String; @ 16 c2
Event: 279.111 Thread 0x00000152a3327800 Uncommon trap: reason=unstable_if action=reinterpret pc=0x0000015292930214 method=java.lang.String.substring(I)Ljava/lang/String; @ 34 c2
Event: 279.910 Thread 0x00000152a3327800 Uncommon trap: reason=intrinsic_or_type_checked_inlining action=make_not_entrant pc=0x00000152929c7cd8 method=java.util.Arrays.copyOf([Ljava/lang/Object;ILjava/lang/Class;)[Ljava/lang/Object; @ 35 c2
Event: 285.799 Thread 0x00000152a3327800 Uncommon trap: reason=unstable_if action=reinterpret pc=0x0000015292900ef4 method=java.util.HashMap.hash(Ljava/lang/Object;)I @ 1 c2
Event: 287.846 Thread 0x00000152a3327800 Uncommon trap: reason=predicate action=maybe_recompile pc=0x00000152929fb1f0 method=com.google.common.base.CharMatcher.indexIn(Ljava/lang/CharSequence;I)I @ 19 c2
Event: 294.873 Thread 0x00000152a3327800 Uncommon trap: reason=unstable_if action=reinterpret pc=0x00000152929ac92c method=java.util.HashMap.hash(Ljava/lang/Object;)I @ 1 c2
Event: 295.571 Thread 0x00000152a3327800 Uncommon trap: reason=unstable_if action=reinterpret pc=0x0000015292a10e64 method=java.util.regex.Pattern$BmpCharProperty.match(Ljava/util/regex/Matcher;ILjava/lang/CharSequence;)Z @ 39 c2

Classes redefined (0 events):
No events

Internal exceptions (10 events):
Event: 295.580 Thread 0x00000152a3327800 Exception <a 'java/lang/NoSuchMethodError'{0x000000008505a458}: java.lang.invoke.Invokers$Holder.linkToTargetMethod(Ljava/lang/Object;Ljava/lang/Object;Ljava/lang/Object;Ljava/lang/Object;Ljava/lang/Object;Ljava/lang/Object;Ljava/lang/Object;Ljava/lang/Ob
Event: 295.827 Thread 0x00000152a3327800 Exception <a 'java/lang/NoSuchMethodError'{0x00000000850f91d8}: java.lang.invoke.DirectMethodHandle$Holder.invokeSpecial(Ljava/lang/Object;Ljava/lang/Object;Ljava/lang/Object;Ljava/lang/Object;Ljava/lang/Object;Ljava/lang/Object;Ljava/lang/Object;Ljava/la
Event: 295.828 Thread 0x00000152a3327800 Exception <a 'java/lang/NoSuchMethodError'{0x0000000084f0b158}: java.lang.invoke.Invokers$Holder.linkToTargetMethod(Ljava/lang/Object;Ljava/lang/Object;Ljava/lang/Object;Ljava/lang/Object;Ljava/lang/Object;Ljava/lang/Object;Ljava/lang/Object;Ljava/lang/Ob
Event: 297.305 Thread 0x00000152a3327800 Exception <a 'java/lang/NoSuchMethodError'{0x0000000084ffc038}: java.lang.invoke.DirectMethodHandle$Holder.invokeStaticInit(Ljava/lang/Object;Ljava/lang/Object;Ljava/lang/Object;Ljava/lang/Object;)Ljava/lang/Object;> (0x0000000084ffc038) thrown at [./open
Event: 299.762 Thread 0x00000152a3327800 Exception <a 'java/lang/OutOfMemoryError'{0x000000008420b6b8}: unable to create native thread: possibly out of memory or process/resource limits reached> (0x000000008420b6b8) thrown at [./open/src/hotspot/share/prims/jvm.cpp, line 2923]
Event: 299.768 Thread 0x00000152a3327800 Exception <a 'java/lang/reflect/InvocationTargetException'{0x000000008420c978}> (0x000000008420c978) thrown at [./open/src/hotspot/share/runtime/reflection.cpp, line 1242]
Event: 300.198 Thread 0x00000152a3327800 Exception <a 'java/lang/NoSuchMethodError'{0x00000000842d8ee0}: java.lang.invoke.Invokers$Holder.linkToTargetMethod(Ljava/lang/Object;Ljava/lang/Object;Ljava/lang/Object;ILjava/lang/Object;Ljava/lang/Object;)Ljava/lang/Object;> (0x00000000842d8ee0) thrown
Event: 300.224 Thread 0x00000152a3327800 Exception <a 'java/lang/NoSuchMethodError'{0x0000000084110818}: java.lang.invoke.DirectMethodHandle$Holder.invokeStatic(Ljava/lang/Object;Ljava/lang/Object;Ljava/lang/Object;Ljava/lang/Object;I)Ljava/lang/Object;> (0x0000000084110818) thrown at [./open/sr
Event: 300.224 Thread 0x00000152a3327800 Exception <a 'java/lang/NoSuchMethodError'{0x0000000084114668}: java.lang.invoke.DirectMethodHandle$Holder.invokeSpecial(Ljava/lang/Object;Ljava/lang/Object;Ljava/lang/Object;Ljava/lang/Object;Ljava/lang/Object;I)Ljava/lang/Object;> (0x0000000084114668) t
Event: 300.226 Thread 0x00000152a3327800 Exception <a 'java/lang/NoSuchMethodError'{0x0000000084118200}: java.lang.invoke.Invokers$Holder.linkToTargetMethod(Ljava/lang/Object;Ljava/lang/Object;Ljava/lang/Object;ILjava/lang/Object;)Ljava/lang/Object;> (0x0000000084118200) thrown at [./open/src/ho

Events (10 events):
Event: 300.222 loading class org/gradle/internal/watch/registry/impl/DefaultFileWatcherRegistry$2
Event: 300.222 loading class org/gradle/internal/watch/registry/impl/DefaultFileWatcherRegistry$2 done
Event: 300.223 loading class org/gradle/internal/snapshot/SnapshotHierarchy
Event: 300.223 loading class org/gradle/internal/snapshot/SnapshotHierarchy done
Event: 300.223 loading class org/gradle/internal/snapshot/SnapshotHierarchy
Event: 300.223 loading class org/gradle/internal/snapshot/SnapshotHierarchy done
Event: 300.223 loading class org/gradle/internal/watch/vfs/impl/WatchingVirtualFileSystem$2
Event: 300.223 loading class org/gradle/internal/watch/vfs/impl/WatchingVirtualFileSystem$2 done
Event: 300.227 loading class org/gradle/internal/file/FileHierarchySet
Event: 300.227 loading class org/gradle/internal/file/FileHierarchySet done


Dynamic libraries:
0x00007ff739730000 - 0x00007ff73973f000 	C:\Program Files\Java\jdk-11.0.15.1\bin\java.exe
0x00007ff91d850000 - 0x00007ff91da47000 	C:\Windows\SYSTEM32\ntdll.dll
0x00007ff91d6f0000 - 0x00007ff91d7ad000 	C:\Windows\System32\KERNEL32.DLL
0x00007ff91b460000 - 0x00007ff91b756000 	C:\Windows\System32\KERNELBASE.dll
0x00007ff91b360000 - 0x00007ff91b460000 	C:\Windows\System32\ucrtbase.dll
0x00007ff8f5cf0000 - 0x00007ff8f5d08000 	C:\Program Files\Java\jdk-11.0.15.1\bin\jli.dll
0x00007ff91d200000 - 0x00007ff91d2ae000 	C:\Windows\System32\ADVAPI32.dll
0x00007ff91c360000 - 0x00007ff91c3fe000 	C:\Windows\System32\msvcrt.dll
0x00007ff91c410000 - 0x00007ff91c4ac000 	C:\Windows\System32\sechost.dll
0x00007ff91d5c0000 - 0x00007ff91d6e6000 	C:\Windows\System32\RPCRT4.dll
0x00007ff91d420000 - 0x00007ff91d5be000 	C:\Windows\System32\USER32.dll
0x00007ff91b2a0000 - 0x00007ff91b2c2000 	C:\Windows\System32\win32u.dll
0x00007ff91ccc0000 - 0x00007ff91ccec000 	C:\Windows\System32\GDI32.dll
0x00007ff91b150000 - 0x00007ff91b26a000 	C:\Windows\System32\gdi32full.dll
0x00007ff91b760000 - 0x00007ff91b7fd000 	C:\Windows\System32\msvcp_win.dll
0x00007ff8f60f0000 - 0x00007ff8f6105000 	C:\Program Files\Java\jdk-11.0.15.1\bin\VCRUNTIME140.dll
0x00007ff9094b0000 - 0x00007ff90974a000 	C:\Windows\WinSxS\amd64_microsoft.windows.common-controls_6595b64144ccf1df_6.0.19041.3570_none_60bb2a3971f3e41a\COMCTL32.dll
0x00007ff915390000 - 0x00007ff91539a000 	C:\Windows\SYSTEM32\VERSION.dll
0x00007ff91c2b0000 - 0x00007ff91c2e0000 	C:\Windows\System32\IMM32.DLL
0x00007ff8cfcb0000 - 0x00007ff8cfd4b000 	C:\Program Files\Java\jdk-11.0.15.1\bin\msvcp140.dll
0x00007ff8c4cf0000 - 0x00007ff8c5806000 	C:\Program Files\Java\jdk-11.0.15.1\bin\server\jvm.dll
0x00007ff91c400000 - 0x00007ff91c408000 	C:\Windows\System32\PSAPI.DLL
0x00007ff913440000 - 0x00007ff913449000 	C:\Windows\SYSTEM32\WSOCK32.dll
0x00007ff91d310000 - 0x00007ff91d37b000 	C:\Windows\System32\WS2_32.dll
0x00007ff8fe170000 - 0x00007ff8fe197000 	C:\Windows\SYSTEM32\WINMM.dll
0x00007ff918dd0000 - 0x00007ff918de2000 	C:\Windows\SYSTEM32\kernel.appcore.dll
0x00007ff916400000 - 0x00007ff916410000 	C:\Program Files\Java\jdk-11.0.15.1\bin\verify.dll
0x00007ff9053f0000 - 0x00007ff9055d4000 	C:\Windows\SYSTEM32\DBGHELP.DLL
0x00007ff8fe050000 - 0x00007ff8fe084000 	C:\Windows\SYSTEM32\dbgcore.DLL
0x00007ff91b2d0000 - 0x00007ff91b352000 	C:\Windows\System32\bcryptPrimitives.dll
0x00007ff8e7ff0000 - 0x00007ff8e8018000 	C:\Program Files\Java\jdk-11.0.15.1\bin\java.dll
0x00007ff90def0000 - 0x00007ff90defa000 	C:\Program Files\Java\jdk-11.0.15.1\bin\jimage.dll
0x00007ff8f1320000 - 0x00007ff8f1336000 	C:\Program Files\Java\jdk-11.0.15.1\bin\zip.dll
0x00007ff91b970000 - 0x00007ff91c0b4000 	C:\Windows\System32\SHELL32.dll
0x00007ff918fd0000 - 0x00007ff91976b000 	C:\Windows\SYSTEM32\windows.storage.dll
0x00007ff91cea0000 - 0x00007ff91d1f4000 	C:\Windows\System32\combase.dll
0x00007ff91a900000 - 0x00007ff91a92d000 	C:\Windows\SYSTEM32\Wldp.dll
0x00007ff91b8c0000 - 0x00007ff91b96d000 	C:\Windows\System32\SHCORE.dll
0x00007ff91c5e0000 - 0x00007ff91c635000 	C:\Windows\System32\shlwapi.dll
0x00007ff91ae60000 - 0x00007ff91ae85000 	C:\Windows\SYSTEM32\profapi.dll
0x00007ff8efe60000 - 0x00007ff8efe79000 	C:\Program Files\Java\jdk-11.0.15.1\bin\net.dll
0x00007ff90c500000 - 0x00007ff90c60a000 	C:\Windows\SYSTEM32\WINHTTP.dll
0x00007ff91a660000 - 0x00007ff91a6ca000 	C:\Windows\system32\mswsock.dll
0x00007ff8ee6a0000 - 0x00007ff8ee6b2000 	C:\Program Files\Java\jdk-11.0.15.1\bin\nio.dll
0x00007ff8fa710000 - 0x00007ff8fa737000 	C:\Users\USIT\.gradle\native\68d5fa5c4cc2d200863cafc0d521ce42e7d3e7ee720ec0a83991735586a16f82\windows-amd64\native-platform.dll
0x00007ff8dfee0000 - 0x00007ff8e0024000 	C:\Users\USIT\.gradle\native\e376f236ea51e6404a007f0833ffe2c6e607c4080706a723a18a27aeea778392\windows-amd64\native-platform-file-events.dll
0x00007ff8fe110000 - 0x00007ff8fe119000 	C:\Program Files\Java\jdk-11.0.15.1\bin\management.dll
0x00007ff8fc4b0000 - 0x00007ff8fc4bb000 	C:\Program Files\Java\jdk-11.0.15.1\bin\management_ext.dll
0x00007ff91a860000 - 0x00007ff91a878000 	C:\Windows\SYSTEM32\CRYPTSP.dll
0x00007ff919f10000 - 0x00007ff919f44000 	C:\Windows\system32\rsaenh.dll
0x00007ff91b270000 - 0x00007ff91b297000 	C:\Windows\System32\bcrypt.dll
0x00007ff91ade0000 - 0x00007ff91ae0e000 	C:\Windows\SYSTEM32\USERENV.dll
0x00007ff91a850000 - 0x00007ff91a85c000 	C:\Windows\SYSTEM32\CRYPTBASE.dll
0x00007ff91a350000 - 0x00007ff91a38b000 	C:\Windows\SYSTEM32\IPHLPAPI.DLL
0x00007ff91d380000 - 0x00007ff91d388000 	C:\Windows\System32\NSI.dll
0x00007ff90d1d0000 - 0x00007ff90d1e7000 	C:\Windows\SYSTEM32\dhcpcsvc6.DLL
0x00007ff912de0000 - 0x00007ff912dfd000 	C:\Windows\SYSTEM32\dhcpcsvc.DLL
0x00007ff91a390000 - 0x00007ff91a45a000 	C:\Windows\SYSTEM32\DNSAPI.dll

dbghelp: loaded successfully - version: 4.0.5 - missing functions: none
symbol engine: initialized successfully - sym options: 0x614 - pdb path: .;C:\Program Files\Java\jdk-11.0.15.1\bin;C:\Windows\SYSTEM32;C:\Windows\WinSxS\amd64_microsoft.windows.common-controls_6595b64144ccf1df_6.0.19041.3570_none_60bb2a3971f3e41a;C:\Program Files\Java\jdk-11.0.15.1\bin\server;C:\Users\USIT\.gradle\native\68d5fa5c4cc2d200863cafc0d521ce42e7d3e7ee720ec0a83991735586a16f82\windows-amd64;C:\Users\USIT\.gradle\native\e376f236ea51e6404a007f0833ffe2c6e607c4080706a723a18a27aeea778392\windows-amd64

VM Arguments:
jvm_args: -XX:MaxMetaspaceSize=512m --add-opens=java.base/java.util=ALL-UNNAMED --add-opens=java.base/java.lang=ALL-UNNAMED --add-opens=java.base/java.lang.invoke=ALL-UNNAMED --add-opens=java.prefs/java.util.prefs=ALL-UNNAMED --add-opens=java.base/java.nio.charset=ALL-UNNAMED --add-opens=java.base/java.net=ALL-UNNAMED --add-opens=java.base/java.util.concurrent.atomic=ALL-UNNAMED -Xmx2048m -Dfile.encoding=windows-1252 -Duser.country=IN -Duser.language=en -Duser.variant 
java_command: org.gradle.launcher.daemon.bootstrap.GradleDaemon 8.0.1
java_class_path (initial): C:\Users\USIT\.gradle\wrapper\dists\gradle-8.0.1-all\aro4hu1c3oeioove7l0i4i14o\gradle-8.0.1\lib\gradle-launcher-8.0.1.jar
Launcher Type: SUN_STANDARD

[Global flags]
     intx CICompilerCount                          = 3                                         {product} {ergonomic}
   size_t CompressedClassSpaceSize                 = 528482304                                 {product} {ergonomic}
     uint ConcGCThreads                            = 1                                         {product} {ergonomic}
     uint G1ConcRefinementThreads                  = 4                                         {product} {ergonomic}
   size_t G1HeapRegionSize                         = 1048576                                   {product} {ergonomic}
    uintx GCDrainStackTargetSize                   = 64                                        {product} {ergonomic}
   size_t InitialHeapSize                          = 134217728                                 {product} {ergonomic}
   size_t MarkStackSize                            = 4194304                                   {product} {ergonomic}
   size_t MaxHeapSize                              = 2147483648                                {product} {command line}
   size_t MaxMetaspaceSize                         = 536870912                                 {product} {command line}
   size_t MaxNewSize                               = 1287651328                                {product} {ergonomic}
   size_t MinHeapDeltaBytes                        = 1048576                                   {product} {ergonomic}
    uintx NonNMethodCodeHeapSize                   = 5830732                                {pd product} {ergonomic}
    uintx NonProfiledCodeHeapSize                  = 122913754                              {pd product} {ergonomic}
    uintx ProfiledCodeHeapSize                     = 122913754                              {pd product} {ergonomic}
    uintx ReservedCodeCacheSize                    = 251658240                              {pd product} {ergonomic}
     bool SegmentedCodeCache                       = true                                      {product} {ergonomic}
     bool UseCompressedClassPointers               = true                                 {lp64_product} {ergonomic}
     bool UseCompressedOops                        = true                                 {lp64_product} {ergonomic}
     bool UseG1GC                                  = true                                      {product} {ergonomic}
     bool UseLargePagesIndividualAllocation        = false                                  {pd product} {ergonomic}

Logging:
Log output configuration:
 #0: stdout all=warning uptime,level,tags
 #1: stderr all=off uptime,level,tags

Environment Variables:
JAVA_HOME=C:\Program Files\Java\jdk-11.0.15.1
CLASSPATH=D:\dablu\DeliveryApp\delivery\android\\gradle\wrapper\gradle-wrapper.jar
PATH=D:\dablu\DeliveryApp\delivery\node_modules\.bin;D:\dablu\DeliveryApp\delivery\node_modules\.bin;D:\dablu\DeliveryApp\node_modules\.bin;D:\dablu\node_modules\.bin;D:\node_modules\.bin;C:\Users\USIT\AppData\Roaming\npm\node_modules\npm\node_modules\@npmcli\run-script\lib\node-gyp-bin;D:\dablu\DeliveryApp\delivery\node_modules\.bin;D:\dablu\DeliveryApp\node_modules\.bin;D:\dablu\node_modules\.bin;D:\node_modules\.bin;C:\Users\USIT\AppData\Roaming\npm\node_modules\npm\node_modules\@npmcli\run-script\lib\node-gyp-bin;C:\Program Files\Common Files\Oracle\Java\javapath;C:\Program Files (x86)\Common Files\Oracle\Java\javapath;C:\Windows\system32;C:\Windows;C:\Windows\System32\Wbem;C:\Windows\System32\WindowsPowerShell\v1.0\;C:\Windows\System32\OpenSSH\;C:\Program Files (x86)\Intel\Intel(R) Management Engine Components\DAL;C:\Program Files\Intel\Intel(R) Management Engine Components\DAL;C:\Program Files\Java\jdk-9.0.1\bin;%LOCALAPPDATA%\Android\Sdk;C:\Program Files\Java\jdk-11.0.15.1;C:\Users\USIT\AppData\Local\Android\Sdk;C:\Users\USIT\AppData\Local\Android\Sdk\.temp;C:\Users\USIT\AppData\Local\Android\Sdk\build-tools;C:\Users\USIT\AppData\Local\Android\Sdk\.downloadIntermediates;C:\Users\USIT\AppData\Local\Android\Sdk\cmake;C:\Users\USIT\AppData\Local\Android\Sdk\emulator;C:\Users\USIT\AppData\Local\Android\Sdk\extras;C:\Users\USIT\AppData\Local\Android\Sdk\licenses;C:\Users\USIT\AppData\Local\Android\Sdk\patcher;C:\Users\USIT\AppData\Local\Android\Sdk\platforms;C:\Users\USIT\AppData\Local\Android\Sdk\platform-tools;C:\Users\USIT\AppData\Local\Android\Sdk\skiaparser;C:\Users\USIT\AppData\Local\Android\Sdk\skins;C:\Users\USIT\AppData\Local\Android\Sdk\sources;C:\Users\USIT\AppData\Local\Android\Sdk\system-images;C:\Users\USIT\AppData\Local\Android\Sdk\tools;C:\Program Files\Git\cmd;C:\Program Files\Git\mingw64\bin;C:\Program Files\Git\usr\bin;C:\Program Files\nodejs\;C:\Program Files\MySQL\MySQL Shell 8.0\bin\;C:\Users\USIT\AppData\Local\Microsoft\WindowsApps;C:\Users\USI
USERNAME=USIT
OS=Windows_NT
PROCESSOR_IDENTIFIER=Intel64 Family 6 Model 142 Stepping 9, GenuineIntel



---------------  S Y S T E M  ---------------

OS: Windows 10 , 64 bit Build 19041 (10.0.19041.3570)

CPU:total 4 (initial active 4) (2 cores per cpu, 2 threads per core) family 6 model 142 stepping 9 microcode 0xb4, cmov, cx8, fxsr, mmx, sse, sse2, sse3, ssse3, sse4.1, sse4.2, popcnt, avx, avx2, aes, clmul, erms, 3dnowpref, lzcnt, ht, tsc, tscinvbit, bmi1, bmi2, adx, fma

Memory: 4k page, system-wide physical 8087M (145M free)
TotalPageFile size 32663M (AvailPageFile size 0M)
current process WorkingSet (physical memory assigned to process): 148M, peak: 148M
current process commit charge ("private bytes"): 259M, peak: 270M

vm_info: Java HotSpot(TM) 64-Bit Server VM (11.0.15.1+2-LTS-10) for windows-amd64 JRE (11.0.15.1+2-LTS-10), built on Apr 25 2022 21:51:57 by "mach5one" with MS VC++ 15.9 (VS2017)

END.
