#
# There is insufficient memory for the Java Runtime Environment to continue.
# Native memory allocation (malloc) failed to allocate 67776 bytes for Chunk::new
# Possible reasons:
#   The system is out of physical RAM or swap space
#   The process is running with CompressedOops enabled, and the Java Heap may be blocking the growth of the native heap
# Possible solutions:
#   Reduce memory load on the system
#   Increase physical memory or swap space
#   Check if swap backing store is full
#   Decrease Java heap size (-Xmx/-Xms)
#   Decrease number of Java threads
#   Decrease Java thread stack sizes (-Xss)
#   Set larger code cache with -XX:ReservedCodeCacheSize=
#   JVM is running with Unscaled Compressed Oops mode in which the Java heap is
#     placed in the first 4GB address space. The Java Heap base address is the
#     maximum limit for the native heap growth. Please use -XX:HeapBaseMinAddress
#     to set the Java Heap base and to place the Java Heap above 4GB virtual address.
# This output file may be truncated or incomplete.
#
#  Out of Memory Error (./open/src/hotspot/share/memory/arena.cpp:197), pid=29016, tid=14152
#
# JRE version: Java(TM) SE Runtime Environment 18.9 (11.0.15.1+2) (build 11.0.15.1+2-LTS-10)
# Java VM: Java HotSpot(TM) 64-Bit Server VM 18.9 (11.0.15.1+2-LTS-10, mixed mode, tiered, compressed oops, g1 gc, windows-amd64)
# No core dump will be written. Minidumps are not enabled by default on client versions of Windows
#

---------------  S U M M A R Y ------------

Command Line: -XX:MaxMetaspaceSize=512m --add-opens=java.base/java.util=ALL-UNNAMED --add-opens=java.base/java.lang=ALL-UNNAMED --add-opens=java.base/java.lang.invoke=ALL-UNNAMED --add-opens=java.prefs/java.util.prefs=ALL-UNNAMED --add-opens=java.base/java.nio.charset=ALL-UNNAMED --add-opens=java.base/java.net=ALL-UNNAMED --add-opens=java.base/java.util.concurrent.atomic=ALL-UNNAMED -Xmx2048m -Dfile.encoding=windows-1252 -Duser.country=IN -Duser.language=en -Duser.variant org.gradle.launcher.daemon.bootstrap.GradleDaemon 8.0.1

Host: Intel(R) Core(TM) i5-7200U CPU @ 2.50GHz, 4 cores, 7G,  Windows 10 , 64 bit Build 19041 (10.0.19041.3570)
Time: Mon Dec  4 17:37:20 2023 India Standard Time elapsed time: 350.574339 seconds (0d 0h 5m 50s)

---------------  T H R E A D  ---------------

Current thread (0x0000016bdf411800):  JavaThread "C2 CompilerThread0" daemon [_thread_in_native, id=14152, stack(0x000000027ac00000,0x000000027ad00000)]


Current CompileTask:
C2: 350574 4080  s    4       java.io.BufferedInputStream::read (113 bytes)

Stack: [0x000000027ac00000,0x000000027ad00000]
Native frames: (J=compiled Java code, j=interpreted, Vv=VM code, C=native code)
V  [jvm.dll+0x629d8a]
V  [jvm.dll+0x7638ff]
V  [jvm.dll+0x764fa9]
V  [jvm.dll+0x765633]
V  [jvm.dll+0x23d9c8]
V  [jvm.dll+0xb2a1c]
V  [jvm.dll+0xb2fdc]
V  [jvm.dll+0x2ae744]
V  [jvm.dll+0x53d4c6]
V  [jvm.dll+0x1f9f75]
V  [jvm.dll+0x1f762d]
V  [jvm.dll+0x177c51]
V  [jvm.dll+0x207026]
V  [jvm.dll+0x2051bb]
V  [jvm.dll+0x729820]
V  [jvm.dll+0x7223f4]
V  [jvm.dll+0x628c26]
C  [ucrtbase.dll+0x21bb2]
C  [KERNEL32.DLL+0x17344]
C  [ntdll.dll+0x526b1]


---------------  P R O C E S S  ---------------

Threads class SMR info:
_java_thread_list=0x0000016be2735ca0, length=35, elements={
0x0000016bc132f000, 0x0000016bdea9c000, 0x0000016bdea9d000, 0x0000016bdeab4800,
0x0000016bdeab6800, 0x0000016bdeab7800, 0x0000016bdf411800, 0x0000016bdf461000,
0x0000016bdf46d000, 0x0000016bdf567800, 0x0000016be17f1000, 0x0000016be046d000,
0x0000016be05cc000, 0x0000016be0b10800, 0x0000016be0b11800, 0x0000016be0214000,
0x0000016be0215000, 0x0000016be056c000, 0x0000016be0596000, 0x0000016be059b000,
0x0000016be0599800, 0x0000016be0597000, 0x0000016be0598800, 0x0000016be0595000,
0x0000016be0597800, 0x0000016be059c000, 0x0000016be059a000, 0x0000016be1c3a800,
0x0000016be1c36000, 0x0000016be1c3c000, 0x0000016be1c3d000, 0x0000016be1c3d800,
0x0000016be1c3b000, 0x0000016be1c3e800, 0x0000016be1c39800
}

Java Threads: ( => current thread )
  0x0000016bc132f000 JavaThread "main" [_thread_blocked, id=24100, stack(0x0000000279f00000,0x000000027a000000)]
  0x0000016bdea9c000 JavaThread "Reference Handler" daemon [_thread_blocked, id=30764, stack(0x000000027a700000,0x000000027a800000)]
  0x0000016bdea9d000 JavaThread "Finalizer" daemon [_thread_blocked, id=31168, stack(0x000000027a800000,0x000000027a900000)]
  0x0000016bdeab4800 JavaThread "Signal Dispatcher" daemon [_thread_blocked, id=34436, stack(0x000000027a900000,0x000000027aa00000)]
  0x0000016bdeab6800 JavaThread "Attach Listener" daemon [_thread_blocked, id=24240, stack(0x000000027aa00000,0x000000027ab00000)]
  0x0000016bdeab7800 JavaThread "Service Thread" daemon [_thread_blocked, id=28004, stack(0x000000027ab00000,0x000000027ac00000)]
=>0x0000016bdf411800 JavaThread "C2 CompilerThread0" daemon [_thread_in_native, id=14152, stack(0x000000027ac00000,0x000000027ad00000)]
  0x0000016bdf461000 JavaThread "C1 CompilerThread0" daemon [_thread_blocked, id=19788, stack(0x000000027ad00000,0x000000027ae00000)]
  0x0000016bdf46d000 JavaThread "Sweeper thread" daemon [_thread_blocked, id=23996, stack(0x000000027ae00000,0x000000027af00000)]
  0x0000016bdf567800 JavaThread "Common-Cleaner" daemon [_thread_blocked, id=12080, stack(0x000000027af00000,0x000000027b000000)]
  0x0000016be17f1000 JavaThread "Daemon health stats" [_thread_blocked, id=34048, stack(0x0000000279e00000,0x0000000279f00000)]
  0x0000016be046d000 JavaThread "Incoming local TCP Connector on port 63451" [_thread_in_native, id=23008, stack(0x000000027b300000,0x000000027b400000)]
  0x0000016be05cc000 JavaThread "Daemon periodic checks" [_thread_in_native, id=21008, stack(0x000000027b400000,0x000000027b500000)]
  0x0000016be0b10800 JavaThread "Daemon" [_thread_blocked, id=23680, stack(0x000000027b600000,0x000000027b700000)]
  0x0000016be0b11800 JavaThread "Handler for socket connection from /127.0.0.1:63451 to /127.0.0.1:63479" [_thread_in_native, id=1068, stack(0x000000027b700000,0x000000027b800000)]
  0x0000016be0214000 JavaThread "Cancel handler" [_thread_blocked, id=28852, stack(0x000000027b800000,0x000000027b900000)]
  0x0000016be0215000 JavaThread "Daemon worker" [_thread_in_native, id=22080, stack(0x000000027b900000,0x000000027ba00000)]
  0x0000016be056c000 JavaThread "Asynchronous log dispatcher for DefaultDaemonConnection: socket connection from /127.0.0.1:63451 to /127.0.0.1:63479" [_thread_blocked, id=15120, stack(0x000000027ba00000,0x000000027bb00000)]
  0x0000016be0596000 JavaThread "Daemon client event forwarder" [_thread_blocked, id=26648, stack(0x000000027bc00000,0x000000027bd00000)]
  0x0000016be059b000 JavaThread "Cache worker for journal cache (C:\Users\USIT\.gradle\caches\journal-1)" [_thread_blocked, id=14200, stack(0x000000027be00000,0x000000027bf00000)]
  0x0000016be0599800 JavaThread "File lock request listener" [_thread_in_native, id=17552, stack(0x000000027bf00000,0x000000027c000000)]
  0x0000016be0597000 JavaThread "File lock release action executor" [_thread_blocked, id=30096, stack(0x000000027c000000,0x000000027c100000)]
  0x0000016be0598800 JavaThread "Cache worker for file hash cache (C:\Users\USIT\.gradle\caches\8.0.1\fileHashes)" [_thread_blocked, id=2636, stack(0x000000027c100000,0x000000027c200000)]
  0x0000016be0595000 JavaThread "File watcher server" daemon [_thread_in_native, id=10656, stack(0x000000027c200000,0x000000027c300000)]
  0x0000016be0597800 JavaThread "File watcher consumer" daemon [_thread_blocked, id=30044, stack(0x000000027c300000,0x000000027c400000)]
  0x0000016be059c000 JavaThread "Cache worker for checksums cache (D:\dablu\DeliveryApp\delivery\android\.gradle\8.0.1\checksums)" [_thread_blocked, id=34568, stack(0x000000027c400000,0x000000027c500000)]
  0x0000016be059a000 JavaThread "Cache worker for cache directory md-rule (C:\Users\USIT\.gradle\caches\8.0.1\md-rule)" [_thread_blocked, id=23756, stack(0x000000027c500000,0x000000027c600000)]
  0x0000016be1c3a800 JavaThread "Cache worker for file content cache (C:\Users\USIT\.gradle\caches\8.0.1\fileContent)" [_thread_blocked, id=23720, stack(0x000000027c600000,0x000000027c700000)]
  0x0000016be1c36000 JavaThread "Cache worker for file hash cache (D:\dablu\DeliveryApp\delivery\android\.gradle\8.0.1\fileHashes)" [_thread_blocked, id=34632, stack(0x000000027c700000,0x000000027c800000)]
  0x0000016be1c3c000 JavaThread "Cache worker for cache directory md-supplier (C:\Users\USIT\.gradle\caches\8.0.1\md-supplier)" [_thread_blocked, id=34220, stack(0x000000027c800000,0x000000027c900000)]
  0x0000016be1c3d000 JavaThread "Cache worker for execution history cache (C:\Users\USIT\.gradle\caches\8.0.1\executionHistory)" [_thread_blocked, id=16128, stack(0x000000027c900000,0x000000027ca00000)]
  0x0000016be1c3d800 JavaThread "jar transforms" [_thread_blocked, id=12456, stack(0x000000027ca00000,0x000000027cb00000)]
  0x0000016be1c3b000 JavaThread "jar transforms Thread 2" [_thread_blocked, id=9444, stack(0x000000027cb00000,0x000000027cc00000)]
  0x0000016be1c3e800 JavaThread "jar transforms Thread 3" [_thread_blocked, id=19708, stack(0x000000027cc00000,0x000000027cd00000)]
  0x0000016be1c39800 JavaThread "jar transforms Thread 4" [_thread_blocked, id=14900, stack(0x000000027cd00000,0x000000027ce00000)]

Other Threads:
  0x0000016bdea96000 VMThread "VM Thread" [stack: 0x000000027a600000,0x000000027a700000] [id=25180]
  0x0000016bdf59e800 WatcherThread [stack: 0x000000027b000000,0x000000027b100000] [id=18768]
  0x0000016bc1344800 GCTaskThread "GC Thread#0" [stack: 0x000000027a100000,0x000000027a200000] [id=6848]
  0x0000016bdfbaf800 GCTaskThread "GC Thread#1" [stack: 0x000000027b100000,0x000000027b200000] [id=27864]
  0x0000016bdfdf5800 GCTaskThread "GC Thread#2" [stack: 0x000000027b200000,0x000000027b300000] [id=12448]
  0x0000016be0664000 GCTaskThread "GC Thread#3" [stack: 0x000000027bd00000,0x000000027be00000] [id=13360]
  0x0000016bc1374000 ConcurrentGCThread "G1 Main Marker" [stack: 0x000000027a200000,0x000000027a300000] [id=24740]
  0x0000016bc1375800 ConcurrentGCThread "G1 Conc#0" [stack: 0x000000027a300000,0x000000027a400000] [id=33936]
  0x0000016bc1402800 ConcurrentGCThread "G1 Refine#0" [stack: 0x000000027a400000,0x000000027a500000] [id=34716]
  0x0000016bc1403800 ConcurrentGCThread "G1 Young RemSet Sampling" [stack: 0x000000027a500000,0x000000027a600000] [id=31780]

Threads with active compile tasks:
C2 CompilerThread0 350617 4080  s    4       java.io.BufferedInputStream::read (113 bytes)

VM state:not at safepoint (normal execution)

VM Mutex/Monitor currently owned by a thread: None

Heap address: 0x0000000080000000, size: 2048 MB, Compressed Oops mode: 32-bit
Narrow klass base: 0x0000000000000000, Narrow klass shift: 3
Compressed class space size: 528482304 Address: 0x0000000100000000

Heap:
 garbage-first heap   total 131072K, used 41685K [0x0000000080000000, 0x0000000100000000)
  region size 1024K, 21 young (21504K), 9 survivors (9216K)
 Metaspace       used 40832K, capacity 41878K, committed 41904K, reserved 552960K
  class space    used 5208K, capacity 5625K, committed 5632K, reserved 516096K
Heap Regions: E=young(eden), S=young(survivor), O=old, HS=humongous(starts), HC=humongous(continues), CS=collection set, F=free, A=archive, TAMS=top-at-mark-start (previous, next)
|   0|0x0000000080000000, 0x0000000080100000, 0x0000000080100000|100%| O|  |TAMS 0x0000000080100000, 0x0000000080000000| Untracked 
|   1|0x0000000080100000, 0x0000000080200000, 0x0000000080200000|100%| O|  |TAMS 0x0000000080200000, 0x0000000080100000| Untracked 
|   2|0x0000000080200000, 0x0000000080300000, 0x0000000080300000|100%| O|  |TAMS 0x0000000080300000, 0x0000000080200000| Untracked 
|   3|0x0000000080300000, 0x0000000080400000, 0x0000000080400000|100%|HS|  |TAMS 0x0000000080400000, 0x0000000080300000| Complete 
|   4|0x0000000080400000, 0x0000000080500000, 0x0000000080500000|100%|HC|  |TAMS 0x0000000080500000, 0x0000000080400000| Complete 
|   5|0x0000000080500000, 0x0000000080600000, 0x0000000080600000|100%|HC|  |TAMS 0x0000000080600000, 0x0000000080500000| Complete 
|   6|0x0000000080600000, 0x0000000080700000, 0x0000000080700000|100%|HC|  |TAMS 0x0000000080700000, 0x0000000080600000| Complete 
|   7|0x0000000080700000, 0x0000000080800000, 0x0000000080800000|100%| O|  |TAMS 0x0000000080800000, 0x0000000080700000| Untracked 
|   8|0x0000000080800000, 0x0000000080900000, 0x0000000080900000|100%| O|  |TAMS 0x0000000080900000, 0x0000000080800000| Untracked 
|   9|0x0000000080900000, 0x0000000080a00000, 0x0000000080a00000|100%| O|  |TAMS 0x0000000080a00000, 0x0000000080900000| Untracked 
|  10|0x0000000080a00000, 0x0000000080b00000, 0x0000000080b00000|100%| O|  |TAMS 0x0000000080b00000, 0x0000000080a00000| Untracked 
|  11|0x0000000080b00000, 0x0000000080c00000, 0x0000000080c00000|100%| O|  |TAMS 0x0000000080c00000, 0x0000000080b00000| Untracked 
|  12|0x0000000080c00000, 0x0000000080d00000, 0x0000000080d00000|100%| O|  |TAMS 0x0000000080d00000, 0x0000000080c00000| Untracked 
|  13|0x0000000080d00000, 0x0000000080e00000, 0x0000000080e00000|100%| O|  |TAMS 0x0000000080e00000, 0x0000000080d00000| Untracked 
|  14|0x0000000080e00000, 0x0000000080f00000, 0x0000000080f00000|100%| O|  |TAMS 0x0000000080f00000, 0x0000000080e00000| Untracked 
|  15|0x0000000080f00000, 0x0000000081000000, 0x0000000081000000|100%| O|  |TAMS 0x0000000081000000, 0x0000000080f00000| Untracked 
|  16|0x0000000081000000, 0x0000000081100000, 0x0000000081100000|100%| O|  |TAMS 0x0000000081100000, 0x0000000081000000| Untracked 
|  17|0x0000000081100000, 0x0000000081200000, 0x0000000081200000|100%| O|  |TAMS 0x0000000081154c00, 0x0000000081100000| Untracked 
|  18|0x0000000081200000, 0x0000000081200000, 0x0000000081300000|  0%| F|  |TAMS 0x0000000081200000, 0x0000000081200000| Untracked 
|  19|0x0000000081300000, 0x0000000081300000, 0x0000000081400000|  0%| F|  |TAMS 0x0000000081300000, 0x0000000081300000| Untracked 
|  20|0x0000000081400000, 0x0000000081400000, 0x0000000081500000|  0%| F|  |TAMS 0x0000000081400000, 0x0000000081400000| Untracked 
|  21|0x0000000081500000, 0x0000000081600000, 0x0000000081600000|100%| O|  |TAMS 0x0000000081500000, 0x0000000081500000| Untracked 
|  22|0x0000000081600000, 0x0000000081700000, 0x0000000081700000|100%| O|  |TAMS 0x0000000081600000, 0x0000000081600000| Untracked 
|  23|0x0000000081700000, 0x00000000817b5400, 0x0000000081800000| 70%| O|  |TAMS 0x0000000081700000, 0x0000000081700000| Untracked 
|  24|0x0000000081800000, 0x0000000081800000, 0x0000000081900000|  0%| F|  |TAMS 0x0000000081800000, 0x0000000081800000| Untracked 
|  25|0x0000000081900000, 0x0000000081900000, 0x0000000081a00000|  0%| F|  |TAMS 0x0000000081900000, 0x0000000081900000| Untracked 
|  26|0x0000000081a00000, 0x0000000081a00000, 0x0000000081b00000|  0%| F|  |TAMS 0x0000000081a00000, 0x0000000081a00000| Untracked 
|  27|0x0000000081b00000, 0x0000000081b00000, 0x0000000081c00000|  0%| F|  |TAMS 0x0000000081b00000, 0x0000000081b00000| Untracked 
|  28|0x0000000081c00000, 0x0000000081c00000, 0x0000000081d00000|  0%| F|  |TAMS 0x0000000081c00000, 0x0000000081c00000| Untracked 
|  29|0x0000000081d00000, 0x0000000081d00000, 0x0000000081e00000|  0%| F|  |TAMS 0x0000000081d00000, 0x0000000081d00000| Untracked 
|  30|0x0000000081e00000, 0x0000000081e00000, 0x0000000081f00000|  0%| F|  |TAMS 0x0000000081e00000, 0x0000000081e00000| Untracked 
|  31|0x0000000081f00000, 0x0000000081f00000, 0x0000000082000000|  0%| F|  |TAMS 0x0000000081f00000, 0x0000000081f00000| Untracked 
|  32|0x0000000082000000, 0x0000000082000000, 0x0000000082100000|  0%| F|  |TAMS 0x0000000082000000, 0x0000000082000000| Untracked 
|  33|0x0000000082100000, 0x0000000082100000, 0x0000000082200000|  0%| F|  |TAMS 0x0000000082100000, 0x0000000082100000| Untracked 
|  34|0x0000000082200000, 0x0000000082200000, 0x0000000082300000|  0%| F|  |TAMS 0x0000000082200000, 0x0000000082200000| Untracked 
|  35|0x0000000082300000, 0x0000000082300000, 0x0000000082400000|  0%| F|  |TAMS 0x0000000082300000, 0x0000000082300000| Untracked 
|  36|0x0000000082400000, 0x0000000082400000, 0x0000000082500000|  0%| F|  |TAMS 0x0000000082400000, 0x0000000082400000| Untracked 
|  37|0x0000000082500000, 0x0000000082500000, 0x0000000082600000|  0%| F|  |TAMS 0x0000000082500000, 0x0000000082500000| Untracked 
|  38|0x0000000082600000, 0x0000000082600000, 0x0000000082700000|  0%| F|  |TAMS 0x0000000082600000, 0x0000000082600000| Untracked 
|  39|0x0000000082700000, 0x0000000082700000, 0x0000000082800000|  0%| F|  |TAMS 0x0000000082700000, 0x0000000082700000| Untracked 
|  40|0x0000000082800000, 0x0000000082800000, 0x0000000082900000|  0%| F|  |TAMS 0x0000000082800000, 0x0000000082800000| Untracked 
|  41|0x0000000082900000, 0x0000000082900000, 0x0000000082a00000|  0%| F|  |TAMS 0x0000000082900000, 0x0000000082900000| Untracked 
|  42|0x0000000082a00000, 0x0000000082a00000, 0x0000000082b00000|  0%| F|  |TAMS 0x0000000082a00000, 0x0000000082a00000| Untracked 
|  43|0x0000000082b00000, 0x0000000082b00000, 0x0000000082c00000|  0%| F|  |TAMS 0x0000000082b00000, 0x0000000082b00000| Untracked 
|  44|0x0000000082c00000, 0x0000000082c00000, 0x0000000082d00000|  0%| F|  |TAMS 0x0000000082c00000, 0x0000000082c00000| Untracked 
|  45|0x0000000082d00000, 0x0000000082d00000, 0x0000000082e00000|  0%| F|  |TAMS 0x0000000082d00000, 0x0000000082d00000| Untracked 
|  46|0x0000000082e00000, 0x0000000082e00000, 0x0000000082f00000|  0%| F|  |TAMS 0x0000000082e00000, 0x0000000082e00000| Untracked 
|  47|0x0000000082f00000, 0x0000000082f00000, 0x0000000083000000|  0%| F|  |TAMS 0x0000000082f00000, 0x0000000082f00000| Untracked 
|  48|0x0000000083000000, 0x0000000083000000, 0x0000000083100000|  0%| F|  |TAMS 0x0000000083000000, 0x0000000083000000| Untracked 
|  49|0x0000000083100000, 0x0000000083100000, 0x0000000083200000|  0%| F|  |TAMS 0x0000000083100000, 0x0000000083100000| Untracked 
|  50|0x0000000083200000, 0x0000000083200000, 0x0000000083300000|  0%| F|  |TAMS 0x0000000083200000, 0x0000000083200000| Untracked 
|  51|0x0000000083300000, 0x0000000083300000, 0x0000000083400000|  0%| F|  |TAMS 0x0000000083300000, 0x0000000083300000| Untracked 
|  52|0x0000000083400000, 0x0000000083400000, 0x0000000083500000|  0%| F|  |TAMS 0x0000000083400000, 0x0000000083400000| Untracked 
|  53|0x0000000083500000, 0x0000000083600000, 0x0000000083600000|100%| S|CS|TAMS 0x0000000083500000, 0x0000000083500000| Complete 
|  54|0x0000000083600000, 0x0000000083700000, 0x0000000083700000|100%| S|CS|TAMS 0x0000000083600000, 0x0000000083600000| Complete 
|  55|0x0000000083700000, 0x0000000083800000, 0x0000000083800000|100%| S|CS|TAMS 0x0000000083700000, 0x0000000083700000| Complete 
|  56|0x0000000083800000, 0x0000000083900000, 0x0000000083900000|100%| S|CS|TAMS 0x0000000083800000, 0x0000000083800000| Complete 
|  57|0x0000000083900000, 0x0000000083a00000, 0x0000000083a00000|100%| S|CS|TAMS 0x0000000083900000, 0x0000000083900000| Complete 
|  58|0x0000000083a00000, 0x0000000083b00000, 0x0000000083b00000|100%| S|CS|TAMS 0x0000000083a00000, 0x0000000083a00000| Complete 
|  59|0x0000000083b00000, 0x0000000083c00000, 0x0000000083c00000|100%| S|CS|TAMS 0x0000000083b00000, 0x0000000083b00000| Complete 
|  60|0x0000000083c00000, 0x0000000083d00000, 0x0000000083d00000|100%| S|CS|TAMS 0x0000000083c00000, 0x0000000083c00000| Complete 
|  61|0x0000000083d00000, 0x0000000083e00000, 0x0000000083e00000|100%| S|CS|TAMS 0x0000000083d00000, 0x0000000083d00000| Complete 
|  62|0x0000000083e00000, 0x0000000083e00000, 0x0000000083f00000|  0%| F|  |TAMS 0x0000000083e00000, 0x0000000083e00000| Untracked 
|  63|0x0000000083f00000, 0x0000000083f00000, 0x0000000084000000|  0%| F|  |TAMS 0x0000000083f00000, 0x0000000083f00000| Untracked 
|  64|0x0000000084000000, 0x0000000084000000, 0x0000000084100000|  0%| F|  |TAMS 0x0000000084000000, 0x0000000084000000| Untracked 
|  65|0x0000000084100000, 0x0000000084100000, 0x0000000084200000|  0%| F|  |TAMS 0x0000000084100000, 0x0000000084100000| Untracked 
|  66|0x0000000084200000, 0x0000000084200000, 0x0000000084300000|  0%| F|  |TAMS 0x0000000084200000, 0x0000000084200000| Untracked 
|  67|0x0000000084300000, 0x0000000084300000, 0x0000000084400000|  0%| F|  |TAMS 0x0000000084300000, 0x0000000084300000| Untracked 
|  68|0x0000000084400000, 0x0000000084400000, 0x0000000084500000|  0%| F|  |TAMS 0x0000000084400000, 0x0000000084400000| Untracked 
|  69|0x0000000084500000, 0x0000000084500000, 0x0000000084600000|  0%| F|  |TAMS 0x0000000084500000, 0x0000000084500000| Untracked 
|  70|0x0000000084600000, 0x0000000084600000, 0x0000000084700000|  0%| F|  |TAMS 0x0000000084600000, 0x0000000084600000| Untracked 
|  71|0x0000000084700000, 0x0000000084700000, 0x0000000084800000|  0%| F|  |TAMS 0x0000000084700000, 0x0000000084700000| Untracked 
|  72|0x0000000084800000, 0x0000000084800000, 0x0000000084900000|  0%| F|  |TAMS 0x0000000084800000, 0x0000000084800000| Untracked 
|  73|0x0000000084900000, 0x0000000084900000, 0x0000000084a00000|  0%| F|  |TAMS 0x0000000084900000, 0x0000000084900000| Untracked 
|  74|0x0000000084a00000, 0x0000000084a00000, 0x0000000084b00000|  0%| F|  |TAMS 0x0000000084a00000, 0x0000000084a00000| Untracked 
|  75|0x0000000084b00000, 0x0000000084b00000, 0x0000000084c00000|  0%| F|  |TAMS 0x0000000084b00000, 0x0000000084b00000| Untracked 
|  76|0x0000000084c00000, 0x0000000084c00000, 0x0000000084d00000|  0%| F|  |TAMS 0x0000000084c00000, 0x0000000084c00000| Untracked 
|  77|0x0000000084d00000, 0x0000000084d00000, 0x0000000084e00000|  0%| F|  |TAMS 0x0000000084d00000, 0x0000000084d00000| Untracked 
|  78|0x0000000084e00000, 0x0000000084e00000, 0x0000000084f00000|  0%| F|  |TAMS 0x0000000084e00000, 0x0000000084e00000| Untracked 
|  79|0x0000000084f00000, 0x0000000084f00000, 0x0000000085000000|  0%| F|  |TAMS 0x0000000084f00000, 0x0000000084f00000| Untracked 
|  80|0x0000000085000000, 0x0000000085000000, 0x0000000085100000|  0%| F|  |TAMS 0x0000000085000000, 0x0000000085000000| Untracked 
|  81|0x0000000085100000, 0x0000000085100000, 0x0000000085200000|  0%| F|  |TAMS 0x0000000085100000, 0x0000000085100000| Untracked 
|  82|0x0000000085200000, 0x0000000085200000, 0x0000000085300000|  0%| F|  |TAMS 0x0000000085200000, 0x0000000085200000| Untracked 
|  83|0x0000000085300000, 0x0000000085300000, 0x0000000085400000|  0%| F|  |TAMS 0x0000000085300000, 0x0000000085300000| Untracked 
|  84|0x0000000085400000, 0x0000000085400000, 0x0000000085500000|  0%| F|  |TAMS 0x0000000085400000, 0x0000000085400000| Untracked 
|  85|0x0000000085500000, 0x0000000085500000, 0x0000000085600000|  0%| F|  |TAMS 0x0000000085500000, 0x0000000085500000| Untracked 
|  86|0x0000000085600000, 0x0000000085600000, 0x0000000085700000|  0%| F|  |TAMS 0x0000000085600000, 0x0000000085600000| Untracked 
|  87|0x0000000085700000, 0x0000000085700000, 0x0000000085800000|  0%| F|  |TAMS 0x0000000085700000, 0x0000000085700000| Untracked 
|  88|0x0000000085800000, 0x0000000085800000, 0x0000000085900000|  0%| F|  |TAMS 0x0000000085800000, 0x0000000085800000| Untracked 
|  89|0x0000000085900000, 0x0000000085900000, 0x0000000085a00000|  0%| F|  |TAMS 0x0000000085900000, 0x0000000085900000| Untracked 
|  90|0x0000000085a00000, 0x0000000085a00000, 0x0000000085b00000|  0%| F|  |TAMS 0x0000000085a00000, 0x0000000085a00000| Untracked 
|  91|0x0000000085b00000, 0x0000000085b00000, 0x0000000085c00000|  0%| F|  |TAMS 0x0000000085b00000, 0x0000000085b00000| Untracked 
|  92|0x0000000085c00000, 0x0000000085c00000, 0x0000000085d00000|  0%| F|  |TAMS 0x0000000085c00000, 0x0000000085c00000| Untracked 
|  93|0x0000000085d00000, 0x0000000085d00000, 0x0000000085e00000|  0%| F|  |TAMS 0x0000000085d00000, 0x0000000085d00000| Untracked 
|  94|0x0000000085e00000, 0x0000000085e00000, 0x0000000085f00000|  0%| F|  |TAMS 0x0000000085e00000, 0x0000000085e00000| Untracked 
|  95|0x0000000085f00000, 0x0000000085f00000, 0x0000000086000000|  0%| F|  |TAMS 0x0000000085f00000, 0x0000000085f00000| Untracked 
|  96|0x0000000086000000, 0x0000000086000000, 0x0000000086100000|  0%| F|  |TAMS 0x0000000086000000, 0x0000000086000000| Untracked 
|  97|0x0000000086100000, 0x0000000086100000, 0x0000000086200000|  0%| F|  |TAMS 0x0000000086100000, 0x0000000086100000| Untracked 
|  98|0x0000000086200000, 0x0000000086200000, 0x0000000086300000|  0%| F|  |TAMS 0x0000000086200000, 0x0000000086200000| Untracked 
|  99|0x0000000086300000, 0x0000000086300000, 0x0000000086400000|  0%| F|  |TAMS 0x0000000086300000, 0x0000000086300000| Untracked 
| 100|0x0000000086400000, 0x0000000086400000, 0x0000000086500000|  0%| F|  |TAMS 0x0000000086400000, 0x0000000086400000| Untracked 
| 101|0x0000000086500000, 0x0000000086500000, 0x0000000086600000|  0%| F|  |TAMS 0x0000000086500000, 0x0000000086500000| Untracked 
| 102|0x0000000086600000, 0x0000000086600000, 0x0000000086700000|  0%| F|  |TAMS 0x0000000086600000, 0x0000000086600000| Untracked 
| 103|0x0000000086700000, 0x0000000086700000, 0x0000000086800000|  0%| F|  |TAMS 0x0000000086700000, 0x0000000086700000| Untracked 
| 104|0x0000000086800000, 0x0000000086800000, 0x0000000086900000|  0%| F|  |TAMS 0x0000000086800000, 0x0000000086800000| Untracked 
| 105|0x0000000086900000, 0x0000000086900000, 0x0000000086a00000|  0%| F|  |TAMS 0x0000000086900000, 0x0000000086900000| Untracked 
| 106|0x0000000086a00000, 0x0000000086a00000, 0x0000000086b00000|  0%| F|  |TAMS 0x0000000086a00000, 0x0000000086a00000| Untracked 
| 107|0x0000000086b00000, 0x0000000086b00000, 0x0000000086c00000|  0%| F|  |TAMS 0x0000000086b00000, 0x0000000086b00000| Untracked 
| 108|0x0000000086c00000, 0x0000000086c00000, 0x0000000086d00000|  0%| F|  |TAMS 0x0000000086c00000, 0x0000000086c00000| Untracked 
| 109|0x0000000086d00000, 0x0000000086d00000, 0x0000000086e00000|  0%| F|  |TAMS 0x0000000086d00000, 0x0000000086d00000| Untracked 
| 110|0x0000000086e00000, 0x0000000086e00000, 0x0000000086f00000|  0%| F|  |TAMS 0x0000000086e00000, 0x0000000086e00000| Untracked 
| 111|0x0000000086f00000, 0x0000000086f00000, 0x0000000087000000|  0%| F|  |TAMS 0x0000000086f00000, 0x0000000086f00000| Untracked 
| 112|0x0000000087000000, 0x0000000087000000, 0x0000000087100000|  0%| F|  |TAMS 0x0000000087000000, 0x0000000087000000| Untracked 
| 113|0x0000000087100000, 0x0000000087100000, 0x0000000087200000|  0%| F|  |TAMS 0x0000000087100000, 0x0000000087100000| Untracked 
| 114|0x0000000087200000, 0x0000000087200000, 0x0000000087300000|  0%| F|  |TAMS 0x0000000087200000, 0x0000000087200000| Untracked 
| 115|0x0000000087300000, 0x0000000087300000, 0x0000000087400000|  0%| F|  |TAMS 0x0000000087300000, 0x0000000087300000| Untracked 
| 116|0x0000000087400000, 0x000000008746a2c8, 0x0000000087500000| 41%| E|  |TAMS 0x0000000087400000, 0x0000000087400000| Complete 
| 117|0x0000000087500000, 0x0000000087600000, 0x0000000087600000|100%| E|CS|TAMS 0x0000000087500000, 0x0000000087500000| Complete 
| 118|0x0000000087600000, 0x0000000087700000, 0x0000000087700000|100%| E|CS|TAMS 0x0000000087600000, 0x0000000087600000| Complete 
| 119|0x0000000087700000, 0x0000000087800000, 0x0000000087800000|100%| E|CS|TAMS 0x0000000087700000, 0x0000000087700000| Complete 
| 120|0x0000000087800000, 0x0000000087900000, 0x0000000087900000|100%| E|CS|TAMS 0x0000000087800000, 0x0000000087800000| Complete 
| 121|0x0000000087900000, 0x0000000087a00000, 0x0000000087a00000|100%| E|CS|TAMS 0x0000000087900000, 0x0000000087900000| Complete 
| 122|0x0000000087a00000, 0x0000000087b00000, 0x0000000087b00000|100%| E|CS|TAMS 0x0000000087a00000, 0x0000000087a00000| Complete 
| 123|0x0000000087b00000, 0x0000000087c00000, 0x0000000087c00000|100%| E|CS|TAMS 0x0000000087b00000, 0x0000000087b00000| Complete 
| 124|0x0000000087c00000, 0x0000000087d00000, 0x0000000087d00000|100%| E|CS|TAMS 0x0000000087c00000, 0x0000000087c00000| Complete 
| 125|0x0000000087d00000, 0x0000000087e00000, 0x0000000087e00000|100%| E|CS|TAMS 0x0000000087d00000, 0x0000000087d00000| Complete 
| 126|0x0000000087e00000, 0x0000000087f00000, 0x0000000087f00000|100%| E|CS|TAMS 0x0000000087e00000, 0x0000000087e00000| Complete 
| 127|0x0000000087f00000, 0x0000000088000000, 0x0000000088000000|100%| E|CS|TAMS 0x0000000087f00000, 0x0000000087f00000| Complete 

Card table byte_map: [0x0000016bd7de0000,0x0000016bd81e0000] _byte_map_base: 0x0000016bd79e0000

Marking Bits (Prev, Next): (CMBitMap*) 0x0000016bc136b448, (CMBitMap*) 0x0000016bc136b480
 Prev Bits: [0x0000016bd85e0000, 0x0000016bda5e0000)
 Next Bits: [0x0000016bda5e0000, 0x0000016bdc5e0000)

Polling page: 0x0000016bc0b10000

Metaspace:

Usage:
  Non-class:     35.40 MB capacity,    34.79 MB ( 98%) used,   524.91 KB (  1%) free+waste,   104.13 KB ( <1%) overhead. 
      Class:      5.49 MB capacity,     5.09 MB ( 93%) used,   363.88 KB (  6%) free+waste,    52.25 KB ( <1%) overhead. 
       Both:     40.90 MB capacity,    39.88 MB ( 98%) used,   888.78 KB (  2%) free+waste,   156.38 KB ( <1%) overhead. 

Virtual space:
  Non-class space:       36.00 MB reserved,      35.42 MB ( 98%) committed 
      Class space:      504.00 MB reserved,       5.50 MB (  1%) committed 
             Both:      540.00 MB reserved,      40.92 MB (  8%) committed 

Chunk freelists:
   Non-Class:  2.38 KB
       Class:  896 bytes
        Both:  3.25 KB

CodeHeap 'non-profiled nmethods': size=120064Kb used=2294Kb max_used=2294Kb free=117770Kb
 bounds [0x0000016bd04a0000, 0x0000016bd0710000, 0x0000016bd79e0000]
CodeHeap 'profiled nmethods': size=120000Kb used=8377Kb max_used=8377Kb free=111622Kb
 bounds [0x0000016bc8f70000, 0x0000016bc97a0000, 0x0000016bd04a0000]
CodeHeap 'non-nmethods': size=5696Kb used=2205Kb max_used=2247Kb free=3490Kb
 bounds [0x0000016bc89e0000, 0x0000016bc8c50000, 0x0000016bc8f70000]
 total_blobs=4835 nmethods=4066 adapters=680
 compilation: enabled
              stopped_count=0, restarted_count=0
 full_count=0

Compilation events (10 events):
Event: 346.260 Thread 0x0000016bdf461000 nmethod 4075 0x0000016bd06dcf10 code [0x0000016bd06dd0a0, 0x0000016bd06dd138]
Event: 349.848 Thread 0x0000016bdf461000 4076       3       org.gradle.launcher.daemon.registry.PersistentDaemonRegistry$1::isSatisfiedBy (9 bytes)
Event: 349.848 Thread 0x0000016bdf461000 nmethod 4076 0x0000016bc979d710 code [0x0000016bc979d8c0, 0x0000016bc979dbb8]
Event: 349.848 Thread 0x0000016bdf461000 4077       3       org.gradle.launcher.daemon.registry.PersistentDaemonRegistry$1::isSatisfiedBy (16 bytes)
Event: 349.848 Thread 0x0000016bdf461000 nmethod 4077 0x0000016bc979dd10 code [0x0000016bc979dea0, 0x0000016bc979e038]
Event: 350.199 Thread 0x0000016bdf411800 4078       4       org.gradle.internal.serialize.InputStreamBackedDecoder::readInt (8 bytes)
Event: 350.200 Thread 0x0000016bdf411800 nmethod 4078 0x0000016bd06dd210 code [0x0000016bd06dd3a0, 0x0000016bd06dd448]
Event: 350.293 Thread 0x0000016bdf461000 4079       1       java.nio.channels.FileLock::isShared (5 bytes)
Event: 350.293 Thread 0x0000016bdf461000 nmethod 4079 0x0000016bd06dd510 code [0x0000016bd06dd6a0, 0x0000016bd06dd758]
Event: 350.455 Thread 0x0000016bdf411800 4080  s    4       java.io.BufferedInputStream::read (113 bytes)

GC Heap History (10 events):
Event: 273.460 GC heap before
{Heap before GC invocations=4 (full 0):
 garbage-first heap   total 131072K, used 38389K [0x0000000080000000, 0x0000000100000000)
  region size 1024K, 27 young (27648K), 6 survivors (6144K)
 Metaspace       used 20821K, capacity 21244K, committed 21296K, reserved 536576K
  class space    used 2514K, capacity 2687K, committed 2688K, reserved 516096K
}
Event: 273.478 GC heap after
{Heap after GC invocations=5 (full 0):
 garbage-first heap   total 131072K, used 18696K [0x0000000080000000, 0x0000000100000000)
  region size 1024K, 5 young (5120K), 5 survivors (5120K)
 Metaspace       used 20821K, capacity 21244K, committed 21296K, reserved 536576K
  class space    used 2514K, capacity 2687K, committed 2688K, reserved 516096K
}
Event: 280.391 GC heap before
{Heap before GC invocations=6 (full 0):
 garbage-first heap   total 131072K, used 65800K [0x0000000080000000, 0x0000000100000000)
  region size 1024K, 51 young (52224K), 5 survivors (5120K)
 Metaspace       used 24877K, capacity 25446K, committed 25648K, reserved 538624K
  class space    used 3189K, capacity 3389K, committed 3456K, reserved 516096K
}
Event: 280.401 GC heap after
{Heap after GC invocations=7 (full 0):
 garbage-first heap   total 131072K, used 20341K [0x0000000080000000, 0x0000000100000000)
  region size 1024K, 3 young (3072K), 3 survivors (3072K)
 Metaspace       used 24877K, capacity 25446K, committed 25648K, reserved 538624K
  class space    used 3189K, capacity 3389K, committed 3456K, reserved 516096K
}
Event: 289.166 GC heap before
{Heap before GC invocations=7 (full 0):
 garbage-first heap   total 131072K, used 72565K [0x0000000080000000, 0x0000000100000000)
  region size 1024K, 54 young (55296K), 3 survivors (3072K)
 Metaspace       used 29800K, capacity 30485K, committed 30640K, reserved 542720K
  class space    used 3962K, capacity 4248K, committed 4352K, reserved 516096K
}
Event: 289.172 GC heap after
{Heap after GC invocations=8 (full 0):
 garbage-first heap   total 131072K, used 22101K [0x0000000080000000, 0x0000000100000000)
  region size 1024K, 5 young (5120K), 5 survivors (5120K)
 Metaspace       used 29800K, capacity 30485K, committed 30640K, reserved 542720K
  class space    used 3962K, capacity 4248K, committed 4352K, reserved 516096K
}
Event: 297.741 GC heap before
{Heap before GC invocations=8 (full 0):
 garbage-first heap   total 131072K, used 47701K [0x0000000080000000, 0x0000000100000000)
  region size 1024K, 31 young (31744K), 5 survivors (5120K)
 Metaspace       used 34943K, capacity 35742K, committed 35888K, reserved 548864K
  class space    used 4524K, capacity 4877K, committed 4992K, reserved 516096K
}
Event: 297.752 GC heap after
{Heap after GC invocations=9 (full 0):
 garbage-first heap   total 131072K, used 24292K [0x0000000080000000, 0x0000000100000000)
  region size 1024K, 7 young (7168K), 7 survivors (7168K)
 Metaspace       used 34943K, capacity 35742K, committed 35888K, reserved 548864K
  class space    used 4524K, capacity 4877K, committed 4992K, reserved 516096K
}
Event: 307.305 GC heap before
{Heap before GC invocations=10 (full 0):
 garbage-first heap   total 131072K, used 87780K [0x0000000080000000, 0x0000000100000000)
  region size 1024K, 66 young (67584K), 7 survivors (7168K)
 Metaspace       used 40260K, capacity 41221K, committed 41392K, reserved 552960K
  class space    used 5130K, capacity 5530K, committed 5632K, reserved 516096K
}
Event: 307.326 GC heap after
{Heap after GC invocations=11 (full 0):
 garbage-first heap   total 131072K, used 30421K [0x0000000080000000, 0x0000000100000000)
  region size 1024K, 9 young (9216K), 9 survivors (9216K)
 Metaspace       used 40260K, capacity 41221K, committed 41392K, reserved 552960K
  class space    used 5130K, capacity 5530K, committed 5632K, reserved 516096K
}

Deoptimization events (10 events):
Event: 304.018 Thread 0x0000016be0215000 Uncommon trap: reason=profile_predicate action=maybe_recompile pc=0x0000016bd0698210 method=java.lang.PublicMethods$MethodList.filter([Ljava/lang/reflect/Method;Ljava/lang/String;[Ljava/lang/Class;Z)Ljava/lang/PublicMethods$MethodList; @ 21 c2
Event: 304.018 Thread 0x0000016be0215000 Uncommon trap: reason=profile_predicate action=maybe_recompile pc=0x0000016bd0698210 method=java.lang.PublicMethods$MethodList.filter([Ljava/lang/reflect/Method;Ljava/lang/String;[Ljava/lang/Class;Z)Ljava/lang/PublicMethods$MethodList; @ 21 c2
Event: 304.905 Thread 0x0000016be0215000 Uncommon trap: reason=class_check action=maybe_recompile pc=0x0000016bd066d8f0 method=java.util.regex.Pattern$Start.match(Ljava/util/regex/Matcher;ILjava/lang/CharSequence;)Z @ 44 c2
Event: 306.562 Thread 0x0000016be059b000 Uncommon trap: reason=bimorphic_or_optimized_type_check action=maybe_recompile pc=0x0000016bd0692de0 method=java.io.BufferedInputStream.read([BII)I @ 101 c2
Event: 306.608 Thread 0x0000016be0598800 Uncommon trap: reason=bimorphic_or_optimized_type_check action=maybe_recompile pc=0x0000016bd0692de0 method=java.io.BufferedInputStream.read([BII)I @ 101 c2
Event: 306.616 Thread 0x0000016be0598800 Uncommon trap: reason=bimorphic_or_optimized_type_check action=maybe_recompile pc=0x0000016bd0692de0 method=java.io.BufferedInputStream.read([BII)I @ 101 c2
Event: 307.941 Thread 0x0000016be0215000 Uncommon trap: reason=unstable_if action=reinterpret pc=0x0000016bd054f47c method=java.util.concurrent.ConcurrentHashMap.putVal(Ljava/lang/Object;Ljava/lang/Object;Z)Ljava/lang/Object; @ 231 c2
Event: 340.305 Thread 0x0000016be0215000 Uncommon trap: reason=unstable_if action=reinterpret pc=0x0000016bd06b39dc method=java.io.BufferedInputStream.read([BII)I @ 56 c2
Event: 340.313 Thread 0x0000016be0215000 Uncommon trap: reason=class_check action=maybe_recompile pc=0x0000016bd066d8f0 method=java.util.regex.Pattern$Start.match(Ljava/util/regex/Matcher;ILjava/lang/CharSequence;)Z @ 44 c2
Event: 340.313 Thread 0x0000016be0215000 Uncommon trap: reason=class_check action=maybe_recompile pc=0x0000016bd065e14c method=java.util.regex.Pattern$Start.match(Ljava/util/regex/Matcher;ILjava/lang/CharSequence;)Z @ 44 c2

Classes redefined (0 events):
No events

Internal exceptions (10 events):
Event: 308.776 Thread 0x0000016be0215000 Exception <a 'java/lang/ClassNotFoundException'{0x0000000087bd0ce8}: java/io/ReaderCustomizer> (0x0000000087bd0ce8) thrown at [./open/src/hotspot/share/classfile/systemDictionary.cpp, line 226]
Event: 308.777 Thread 0x0000016be0215000 Exception <a 'java/lang/ClassNotFoundException'{0x0000000087bdbaa0}: java/io/InputStreamReaderCustomizer> (0x0000000087bdbaa0) thrown at [./open/src/hotspot/share/classfile/systemDictionary.cpp, line 226]
Event: 308.781 Thread 0x0000016be0215000 Exception <a 'java/lang/ClassNotFoundException'{0x0000000087bff218}: java/io/BufferedReaderBeanInfo> (0x0000000087bff218) thrown at [./open/src/hotspot/share/classfile/systemDictionary.cpp, line 226]
Event: 308.781 Thread 0x0000016be0215000 Exception <a 'java/lang/ClassNotFoundException'{0x0000000087a05130}: java/io/BufferedReaderCustomizer> (0x0000000087a05130) thrown at [./open/src/hotspot/share/classfile/systemDictionary.cpp, line 226]
Event: 308.788 Thread 0x0000016be0215000 Exception <a 'java/lang/ClassNotFoundException'{0x000000008793bb48}: java/lang/StringBufferBeanInfo> (0x000000008793bb48) thrown at [./open/src/hotspot/share/classfile/systemDictionary.cpp, line 226]
Event: 308.788 Thread 0x0000016be0215000 Exception <a 'java/lang/ClassNotFoundException'{0x0000000087941580}: java/lang/AbstractStringBuilderBeanInfo> (0x0000000087941580) thrown at [./open/src/hotspot/share/classfile/systemDictionary.cpp, line 226]
Event: 308.789 Thread 0x0000016be0215000 Exception <a 'java/lang/ClassNotFoundException'{0x00000000879470f0}: java/lang/AbstractStringBuilderCustomizer> (0x00000000879470f0) thrown at [./open/src/hotspot/share/classfile/systemDictionary.cpp, line 226]
Event: 308.979 Thread 0x0000016be0215000 Exception <a 'java/lang/ClassNotFoundException'{0x000000008782ab70}: java/lang/StringBufferCustomizer> (0x000000008782ab70) thrown at [./open/src/hotspot/share/classfile/systemDictionary.cpp, line 226]
Event: 340.312 Thread 0x0000016be0215000 Exception <a 'java/lang/ClassNotFoundException'{0x00000000875389e8}: java/lang/StringBeanInfo> (0x00000000875389e8) thrown at [./open/src/hotspot/share/classfile/systemDictionary.cpp, line 226]
Event: 340.312 Thread 0x0000016be0215000 Exception <a 'java/lang/ClassNotFoundException'{0x000000008753e3a0}: java/lang/StringCustomizer> (0x000000008753e3a0) thrown at [./open/src/hotspot/share/classfile/systemDictionary.cpp, line 226]

Events (10 events):
Event: 340.312 loading class java/lang/StringCustomizer
Event: 340.312 loading class java/lang/StringCustomizer done
Event: 340.313 Thread 0x0000016be0215000 Uncommon trap: trap_request=0xffffffde fr.pc=0x0000016bd066d8f0 relative=0x0000000000000470
Event: 340.313 Thread 0x0000016be0215000 DEOPT PACKING pc=0x0000016bd066d8f0 sp=0x000000027b9f5af0
Event: 340.313 Thread 0x0000016be0215000 DEOPT UNPACKING pc=0x0000016bc8a0662f sp=0x000000027b9f59b8 mode 2
Event: 340.313 Thread 0x0000016be0215000 Uncommon trap: trap_request=0xffffffde fr.pc=0x0000016bd065e14c relative=0x000000000000044c
Event: 340.313 Thread 0x0000016be0215000 DEOPT PACKING pc=0x0000016bd065e14c sp=0x000000027b9f5a80
Event: 340.313 Thread 0x0000016be0215000 DEOPT UNPACKING pc=0x0000016bc8a0662f sp=0x000000027b9f59c0 mode 2
Event: 340.314 loading class org/codehaus/groovy/runtime/dgm$1154
Event: 340.314 loading class org/codehaus/groovy/runtime/dgm$1154 done


Dynamic libraries:
0x00007ff739730000 - 0x00007ff73973f000 	C:\Program Files\Java\jdk-11.0.15.1\bin\java.exe
0x00007ff91d850000 - 0x00007ff91da47000 	C:\Windows\SYSTEM32\ntdll.dll
0x00007ff91d6f0000 - 0x00007ff91d7ad000 	C:\Windows\System32\KERNEL32.DLL
0x00007ff91b460000 - 0x00007ff91b756000 	C:\Windows\System32\KERNELBASE.dll
0x00007ff91b360000 - 0x00007ff91b460000 	C:\Windows\System32\ucrtbase.dll
0x00007ff8f5cf0000 - 0x00007ff8f5d08000 	C:\Program Files\Java\jdk-11.0.15.1\bin\jli.dll
0x00007ff91d200000 - 0x00007ff91d2ae000 	C:\Windows\System32\ADVAPI32.dll
0x00007ff91c360000 - 0x00007ff91c3fe000 	C:\Windows\System32\msvcrt.dll
0x00007ff91c410000 - 0x00007ff91c4ac000 	C:\Windows\System32\sechost.dll
0x00007ff91d5c0000 - 0x00007ff91d6e6000 	C:\Windows\System32\RPCRT4.dll
0x00007ff91d420000 - 0x00007ff91d5be000 	C:\Windows\System32\USER32.dll
0x00007ff91b2a0000 - 0x00007ff91b2c2000 	C:\Windows\System32\win32u.dll
0x00007ff91ccc0000 - 0x00007ff91ccec000 	C:\Windows\System32\GDI32.dll
0x00007ff91b150000 - 0x00007ff91b26a000 	C:\Windows\System32\gdi32full.dll
0x00007ff91b760000 - 0x00007ff91b7fd000 	C:\Windows\System32\msvcp_win.dll
0x00007ff8f60f0000 - 0x00007ff8f6105000 	C:\Program Files\Java\jdk-11.0.15.1\bin\VCRUNTIME140.dll
0x00007ff9094b0000 - 0x00007ff90974a000 	C:\Windows\WinSxS\amd64_microsoft.windows.common-controls_6595b64144ccf1df_6.0.19041.3570_none_60bb2a3971f3e41a\COMCTL32.dll
0x00007ff915390000 - 0x00007ff91539a000 	C:\Windows\SYSTEM32\VERSION.dll
0x00007ff91c2b0000 - 0x00007ff91c2e0000 	C:\Windows\System32\IMM32.DLL
0x00007ff8cfcb0000 - 0x00007ff8cfd4b000 	C:\Program Files\Java\jdk-11.0.15.1\bin\msvcp140.dll
0x00007ff8c4cf0000 - 0x00007ff8c5806000 	C:\Program Files\Java\jdk-11.0.15.1\bin\server\jvm.dll
0x00007ff91c400000 - 0x00007ff91c408000 	C:\Windows\System32\PSAPI.DLL
0x00007ff913440000 - 0x00007ff913449000 	C:\Windows\SYSTEM32\WSOCK32.dll
0x00007ff91d310000 - 0x00007ff91d37b000 	C:\Windows\System32\WS2_32.dll
0x00007ff8fe170000 - 0x00007ff8fe197000 	C:\Windows\SYSTEM32\WINMM.dll
0x00007ff918dd0000 - 0x00007ff918de2000 	C:\Windows\SYSTEM32\kernel.appcore.dll
0x00007ff916400000 - 0x00007ff916410000 	C:\Program Files\Java\jdk-11.0.15.1\bin\verify.dll
0x00007ff9053f0000 - 0x00007ff9055d4000 	C:\Windows\SYSTEM32\DBGHELP.DLL
0x00007ff8fe050000 - 0x00007ff8fe084000 	C:\Windows\SYSTEM32\dbgcore.DLL
0x00007ff91b2d0000 - 0x00007ff91b352000 	C:\Windows\System32\bcryptPrimitives.dll
0x00007ff8e7ff0000 - 0x00007ff8e8018000 	C:\Program Files\Java\jdk-11.0.15.1\bin\java.dll
0x00007ff90def0000 - 0x00007ff90defa000 	C:\Program Files\Java\jdk-11.0.15.1\bin\jimage.dll
0x00007ff8f1320000 - 0x00007ff8f1336000 	C:\Program Files\Java\jdk-11.0.15.1\bin\zip.dll
0x00007ff91b970000 - 0x00007ff91c0b4000 	C:\Windows\System32\SHELL32.dll
0x00007ff918fd0000 - 0x00007ff91976b000 	C:\Windows\SYSTEM32\windows.storage.dll
0x00007ff91cea0000 - 0x00007ff91d1f4000 	C:\Windows\System32\combase.dll
0x00007ff91a900000 - 0x00007ff91a92d000 	C:\Windows\SYSTEM32\Wldp.dll
0x00007ff91b8c0000 - 0x00007ff91b96d000 	C:\Windows\System32\SHCORE.dll
0x00007ff91c5e0000 - 0x00007ff91c635000 	C:\Windows\System32\shlwapi.dll
0x00007ff91ae60000 - 0x00007ff91ae85000 	C:\Windows\SYSTEM32\profapi.dll
0x00007ff8efe60000 - 0x00007ff8efe79000 	C:\Program Files\Java\jdk-11.0.15.1\bin\net.dll
0x00007ff90c500000 - 0x00007ff90c60a000 	C:\Windows\SYSTEM32\WINHTTP.dll
0x00007ff91a660000 - 0x00007ff91a6ca000 	C:\Windows\system32\mswsock.dll
0x00007ff8ee6a0000 - 0x00007ff8ee6b2000 	C:\Program Files\Java\jdk-11.0.15.1\bin\nio.dll
0x00007ff8fa710000 - 0x00007ff8fa737000 	C:\Users\USIT\.gradle\native\68d5fa5c4cc2d200863cafc0d521ce42e7d3e7ee720ec0a83991735586a16f82\windows-amd64\native-platform.dll
0x00007ff8dfee0000 - 0x00007ff8e0024000 	C:\Users\USIT\.gradle\native\e376f236ea51e6404a007f0833ffe2c6e607c4080706a723a18a27aeea778392\windows-amd64\native-platform-file-events.dll
0x00007ff8fe110000 - 0x00007ff8fe119000 	C:\Program Files\Java\jdk-11.0.15.1\bin\management.dll
0x00007ff8fc4b0000 - 0x00007ff8fc4bb000 	C:\Program Files\Java\jdk-11.0.15.1\bin\management_ext.dll
0x00007ff91a860000 - 0x00007ff91a878000 	C:\Windows\SYSTEM32\CRYPTSP.dll
0x00007ff919f10000 - 0x00007ff919f44000 	C:\Windows\system32\rsaenh.dll
0x00007ff91b270000 - 0x00007ff91b297000 	C:\Windows\System32\bcrypt.dll
0x00007ff91ade0000 - 0x00007ff91ae0e000 	C:\Windows\SYSTEM32\USERENV.dll
0x00007ff91a850000 - 0x00007ff91a85c000 	C:\Windows\SYSTEM32\CRYPTBASE.dll
0x00007ff91a350000 - 0x00007ff91a38b000 	C:\Windows\SYSTEM32\IPHLPAPI.DLL
0x00007ff91d380000 - 0x00007ff91d388000 	C:\Windows\System32\NSI.dll
0x00007ff90d1d0000 - 0x00007ff90d1e7000 	C:\Windows\SYSTEM32\dhcpcsvc6.DLL
0x00007ff912de0000 - 0x00007ff912dfd000 	C:\Windows\SYSTEM32\dhcpcsvc.DLL
0x00007ff91a390000 - 0x00007ff91a45a000 	C:\Windows\SYSTEM32\DNSAPI.dll

dbghelp: loaded successfully - version: 4.0.5 - missing functions: none
symbol engine: initialized successfully - sym options: 0x614 - pdb path: .;C:\Program Files\Java\jdk-11.0.15.1\bin;C:\Windows\SYSTEM32;C:\Windows\WinSxS\amd64_microsoft.windows.common-controls_6595b64144ccf1df_6.0.19041.3570_none_60bb2a3971f3e41a;C:\Program Files\Java\jdk-11.0.15.1\bin\server;C:\Users\USIT\.gradle\native\68d5fa5c4cc2d200863cafc0d521ce42e7d3e7ee720ec0a83991735586a16f82\windows-amd64;C:\Users\USIT\.gradle\native\e376f236ea51e6404a007f0833ffe2c6e607c4080706a723a18a27aeea778392\windows-amd64

VM Arguments:
jvm_args: -XX:MaxMetaspaceSize=512m --add-opens=java.base/java.util=ALL-UNNAMED --add-opens=java.base/java.lang=ALL-UNNAMED --add-opens=java.base/java.lang.invoke=ALL-UNNAMED --add-opens=java.prefs/java.util.prefs=ALL-UNNAMED --add-opens=java.base/java.nio.charset=ALL-UNNAMED --add-opens=java.base/java.net=ALL-UNNAMED --add-opens=java.base/java.util.concurrent.atomic=ALL-UNNAMED -Xmx2048m -Dfile.encoding=windows-1252 -Duser.country=IN -Duser.language=en -Duser.variant 
java_command: org.gradle.launcher.daemon.bootstrap.GradleDaemon 8.0.1
java_class_path (initial): C:\Users\USIT\.gradle\wrapper\dists\gradle-8.0.1-all\aro4hu1c3oeioove7l0i4i14o\gradle-8.0.1\lib\gradle-launcher-8.0.1.jar
Launcher Type: SUN_STANDARD

[Global flags]
     intx CICompilerCount                          = 3                                         {product} {ergonomic}
   size_t CompressedClassSpaceSize                 = 528482304                                 {product} {ergonomic}
     uint ConcGCThreads                            = 1                                         {product} {ergonomic}
     uint G1ConcRefinementThreads                  = 4                                         {product} {ergonomic}
   size_t G1HeapRegionSize                         = 1048576                                   {product} {ergonomic}
    uintx GCDrainStackTargetSize                   = 64                                        {product} {ergonomic}
   size_t InitialHeapSize                          = 134217728                                 {product} {ergonomic}
   size_t MarkStackSize                            = 4194304                                   {product} {ergonomic}
   size_t MaxHeapSize                              = 2147483648                                {product} {command line}
   size_t MaxMetaspaceSize                         = 536870912                                 {product} {command line}
   size_t MaxNewSize                               = 1287651328                                {product} {ergonomic}
   size_t MinHeapDeltaBytes                        = 1048576                                   {product} {ergonomic}
    uintx NonNMethodCodeHeapSize                   = 5830732                                {pd product} {ergonomic}
    uintx NonProfiledCodeHeapSize                  = 122913754                              {pd product} {ergonomic}
    uintx ProfiledCodeHeapSize                     = 122913754                              {pd product} {ergonomic}
    uintx ReservedCodeCacheSize                    = 251658240                              {pd product} {ergonomic}
     bool SegmentedCodeCache                       = true                                      {product} {ergonomic}
     bool UseCompressedClassPointers               = true                                 {lp64_product} {ergonomic}
     bool UseCompressedOops                        = true                                 {lp64_product} {ergonomic}
     bool UseG1GC                                  = true                                      {product} {ergonomic}
     bool UseLargePagesIndividualAllocation        = false                                  {pd product} {ergonomic}

Logging:
Log output configuration:
 #0: stdout all=warning uptime,level,tags
 #1: stderr all=off uptime,level,tags

Environment Variables:
JAVA_HOME=C:\Program Files\Java\jdk-11.0.15.1
CLASSPATH=D:\dablu\DeliveryApp\delivery\android\\gradle\wrapper\gradle-wrapper.jar
PATH=D:\dablu\DeliveryApp\delivery\node_modules\.bin;D:\dablu\DeliveryApp\delivery\node_modules\.bin;D:\dablu\DeliveryApp\node_modules\.bin;D:\dablu\node_modules\.bin;D:\node_modules\.bin;C:\Users\USIT\AppData\Roaming\npm\node_modules\npm\node_modules\@npmcli\run-script\lib\node-gyp-bin;D:\dablu\DeliveryApp\delivery\node_modules\.bin;D:\dablu\DeliveryApp\node_modules\.bin;D:\dablu\node_modules\.bin;D:\node_modules\.bin;C:\Users\USIT\AppData\Roaming\npm\node_modules\npm\node_modules\@npmcli\run-script\lib\node-gyp-bin;C:\Program Files\Common Files\Oracle\Java\javapath;C:\Program Files (x86)\Common Files\Oracle\Java\javapath;C:\Windows\system32;C:\Windows;C:\Windows\System32\Wbem;C:\Windows\System32\WindowsPowerShell\v1.0\;C:\Windows\System32\OpenSSH\;C:\Program Files (x86)\Intel\Intel(R) Management Engine Components\DAL;C:\Program Files\Intel\Intel(R) Management Engine Components\DAL;C:\Program Files\Java\jdk-9.0.1\bin;%LOCALAPPDATA%\Android\Sdk;C:\Program Files\Java\jdk-11.0.15.1;C:\Users\USIT\AppData\Local\Android\Sdk;C:\Users\USIT\AppData\Local\Android\Sdk\.temp;C:\Users\USIT\AppData\Local\Android\Sdk\build-tools;C:\Users\USIT\AppData\Local\Android\Sdk\.downloadIntermediates;C:\Users\USIT\AppData\Local\Android\Sdk\cmake;C:\Users\USIT\AppData\Local\Android\Sdk\emulator;C:\Users\USIT\AppData\Local\Android\Sdk\extras;C:\Users\USIT\AppData\Local\Android\Sdk\licenses;C:\Users\USIT\AppData\Local\Android\Sdk\patcher;C:\Users\USIT\AppData\Local\Android\Sdk\platforms;C:\Users\USIT\AppData\Local\Android\Sdk\platform-tools;C:\Users\USIT\AppData\Local\Android\Sdk\skiaparser;C:\Users\USIT\AppData\Local\Android\Sdk\skins;C:\Users\USIT\AppData\Local\Android\Sdk\sources;C:\Users\USIT\AppData\Local\Android\Sdk\system-images;C:\Users\USIT\AppData\Local\Android\Sdk\tools;C:\Program Files\Git\cmd;C:\Program Files\Git\mingw64\bin;C:\Program Files\Git\usr\bin;C:\Program Files\nodejs\;C:\Program Files\MySQL\MySQL Shell 8.0\bin\;C:\Users\USIT\AppData\Local\Microsoft\WindowsApps;C:\Users\USI
USERNAME=USIT
OS=Windows_NT
PROCESSOR_IDENTIFIER=Intel64 Family 6 Model 142 Stepping 9, GenuineIntel



---------------  S Y S T E M  ---------------

OS: Windows 10 , 64 bit Build 19041 (10.0.19041.3570)

CPU:total 4 (initial active 4) (2 cores per cpu, 2 threads per core) family 6 model 142 stepping 9 microcode 0xb4, cmov, cx8, fxsr, mmx, sse, sse2, sse3, ssse3, sse4.1, sse4.2, popcnt, avx, avx2, aes, clmul, erms, 3dnowpref, lzcnt, ht, tsc, tscinvbit, bmi1, bmi2, adx, fma

Memory: 4k page, system-wide physical 8087M (240M free)
TotalPageFile size 32663M (AvailPageFile size 0M)
current process WorkingSet (physical memory assigned to process): 60M, peak: 208M
current process commit charge ("private bytes"): 275M, peak: 299M

vm_info: Java HotSpot(TM) 64-Bit Server VM (11.0.15.1+2-LTS-10) for windows-amd64 JRE (11.0.15.1+2-LTS-10), built on Apr 25 2022 21:51:57 by "mach5one" with MS VC++ 15.9 (VS2017)

END.
